{"/home/nathan/Documents/workspace/be/hisab/hisab_authorization_service/lib/constant/index.js":{"path":"/home/nathan/Documents/workspace/be/hisab/hisab_authorization_service/lib/constant/index.js","s":{"1":1,"2":1},"b":{},"f":{},"fnMap":{},"statementMap":{"1":{"start":{"line":11,"column":0},"end":{"line":14,"column":43}},"2":{"start":{"line":16,"column":0},"end":{"line":20,"column":2}}},"branchMap":{}},"/home/nathan/Documents/workspace/be/hisab/hisab_authorization_service/lib/constant/accessRoutes.js":{"path":"/home/nathan/Documents/workspace/be/hisab/hisab_authorization_service/lib/constant/accessRoutes.js","s":{"1":1,"2":1},"b":{},"f":{},"fnMap":{},"statementMap":{"1":{"start":{"line":13,"column":0},"end":{"line":13,"column":24}},"2":{"start":{"line":15,"column":0},"end":{"line":25,"column":2}}},"branchMap":{}},"/home/nathan/Documents/workspace/be/hisab/hisab_authorization_service/lib/constant/constant.js":{"path":"/home/nathan/Documents/workspace/be/hisab/hisab_authorization_service/lib/constant/constant.js","s":{"1":1},"b":{},"f":{},"fnMap":{},"statementMap":{"1":{"start":{"line":15,"column":0},"end":{"line":181,"column":2}}},"branchMap":{}},"/home/nathan/Documents/workspace/be/hisab/hisab_authorization_service/lib/constant/errorCodes.js":{"path":"/home/nathan/Documents/workspace/be/hisab/hisab_authorization_service/lib/constant/errorCodes.js","s":{"1":1},"b":{},"f":{},"fnMap":{},"statementMap":{"1":{"start":{"line":13,"column":0},"end":{"line":227,"column":2}}},"branchMap":{}},"/home/nathan/Documents/workspace/be/hisab/hisab_authorization_service/lib/helper/index.js":{"path":"/home/nathan/Documents/workspace/be/hisab/hisab_authorization_service/lib/helper/index.js","s":{"1":1,"2":1},"b":{},"f":{},"fnMap":{},"statementMap":{"1":{"start":{"line":11,"column":0},"end":{"line":13,"column":60}},"2":{"start":{"line":20,"column":0},"end":{"line":23,"column":2}}},"branchMap":{}},"/home/nathan/Documents/workspace/be/hisab/hisab_authorization_service/lib/helper/api/index.js":{"path":"/home/nathan/Documents/workspace/be/hisab/hisab_authorization_service/lib/helper/api/index.js","s":{"1":1,"2":1,"3":0,"4":0,"5":1,"6":0,"7":0,"8":0,"9":0,"10":0,"11":0,"12":0,"13":0,"14":1,"15":0,"16":0,"17":0,"18":0,"19":0,"20":0,"21":0},"b":{"1":[0,0],"2":[0,0],"3":[0,0]},"f":{"1":0,"2":0,"3":0,"4":0},"fnMap":{"1":{"name":"authOption","line":29,"loc":{"start":{"line":29,"column":0},"end":{"line":29,"column":52}}},"2":{"name":"responseHandler","line":53,"loc":{"start":{"line":53,"column":0},"end":{"line":53,"column":52}}},"3":{"name":"request","line":78,"loc":{"start":{"line":78,"column":18},"end":{"line":78,"column":70}}},"4":{"name":"(anonymous_4)","line":82,"loc":{"start":{"line":82,"column":25},"end":{"line":82,"column":49}}}},"statementMap":{"1":{"start":{"line":10,"column":0},"end":{"line":12,"column":49}},"2":{"start":{"line":29,"column":0},"end":{"line":43,"column":1}},"3":{"start":{"line":30,"column":4},"end":{"line":30,"column":42}},"4":{"start":{"line":32,"column":4},"end":{"line":42,"column":6}},"5":{"start":{"line":53,"column":0},"end":{"line":67,"column":1}},"6":{"start":{"line":54,"column":4},"end":{"line":54,"column":38}},"7":{"start":{"line":56,"column":4},"end":{"line":56,"column":38}},"8":{"start":{"line":57,"column":4},"end":{"line":66,"column":5}},"9":{"start":{"line":58,"column":8},"end":{"line":58,"column":31}},"10":{"start":{"line":60,"column":8},"end":{"line":65,"column":9}},"11":{"start":{"line":61,"column":12},"end":{"line":61,"column":47}},"12":{"start":{"line":63,"column":12},"end":{"line":63,"column":47}},"13":{"start":{"line":64,"column":12},"end":{"line":64,"column":39}},"14":{"start":{"line":78,"column":0},"end":{"line":90,"column":2}},"15":{"start":{"line":79,"column":4},"end":{"line":79,"column":27}},"16":{"start":{"line":81,"column":4},"end":{"line":81,"column":50}},"17":{"start":{"line":82,"column":4},"end":{"line":88,"column":7}},"18":{"start":{"line":83,"column":8},"end":{"line":83,"column":52}},"19":{"start":{"line":84,"column":8},"end":{"line":86,"column":9}},"20":{"start":{"line":85,"column":12},"end":{"line":85,"column":39}},"21":{"start":{"line":87,"column":8},"end":{"line":87,"column":47}}},"branchMap":{"1":{"line":57,"type":"if","locations":[{"start":{"line":57,"column":4},"end":{"line":57,"column":4}},{"start":{"line":57,"column":4},"end":{"line":57,"column":4}}]},"2":{"line":57,"type":"binary-expr","locations":[{"start":{"line":57,"column":7},"end":{"line":57,"column":31}},{"start":{"line":57,"column":35},"end":{"line":57,"column":58}}]},"3":{"line":84,"type":"if","locations":[{"start":{"line":84,"column":8},"end":{"line":84,"column":8}},{"start":{"line":84,"column":8},"end":{"line":84,"column":8}}]}}},"/home/nathan/Documents/workspace/be/hisab/hisab_authorization_service/lib/helper/others/controllerHelper.js":{"path":"/home/nathan/Documents/workspace/be/hisab/hisab_authorization_service/lib/helper/others/controllerHelper.js","s":{"1":1,"2":1,"3":56,"4":56,"5":10,"6":10,"7":10,"8":10,"9":10,"10":46,"11":1,"12":41,"13":41,"14":67,"15":41,"16":41,"17":6,"18":6,"19":6,"20":6,"21":6,"22":35,"23":35,"24":1,"25":40,"26":40,"27":40,"28":114,"29":22,"30":114,"31":40,"32":1,"33":74,"34":74,"35":347,"36":52,"37":74,"38":1,"39":28,"40":44,"41":1,"42":4,"43":32,"44":32,"45":32,"46":0,"47":0,"48":0,"49":0,"50":0,"51":0,"52":0,"53":0,"54":0,"55":0,"56":0,"57":0,"58":0,"59":4,"60":4,"61":8,"62":32,"63":0,"64":0,"65":4,"66":1,"67":10,"68":216,"69":200,"70":58,"71":142,"72":0,"73":0,"74":0,"75":0,"76":0,"77":0,"78":142,"79":26,"80":132,"81":10,"82":18,"83":216,"84":132},"b":{"1":[10,46],"2":[6,35],"3":[22,92],"4":[40,74],"5":[52,295],"6":[44,0],"7":[32,0],"8":[0,0,0],"9":[0,0],"10":[0,0],"11":[0,0,0],"12":[0,0],"13":[0,0],"14":[0,32],"15":[58,142],"16":[0,0,142],"17":[0,0],"18":[0,0],"19":[0,0,0],"20":[26,116],"21":[132,84]},"f":{"1":56,"2":41,"3":67,"4":40,"5":114,"6":74,"7":347,"8":28,"9":44,"10":4,"11":32,"12":10,"13":216},"fnMap":{"1":{"name":"queryResponseHandler","line":24,"loc":{"start":{"line":24,"column":34},"end":{"line":24,"column":92}}},"2":{"name":"dataValidator","line":46,"loc":{"start":{"line":46,"column":34},"end":{"line":46,"column":92}}},"3":{"name":"(anonymous_3)","line":49,"loc":{"start":{"line":49,"column":27},"end":{"line":49,"column":47}}},"4":{"name":"pickUpdateData","line":77,"loc":{"start":{"line":77,"column":34},"end":{"line":77,"column":92}}},"5":{"name":"(anonymous_5)","line":81,"loc":{"start":{"line":81,"column":23},"end":{"line":81,"column":46}}},"6":{"name":"queryFilter","line":98,"loc":{"start":{"line":98,"column":34},"end":{"line":98,"column":92}}},"7":{"name":"(anonymous_7)","line":100,"loc":{"start":{"line":100,"column":23},"end":{"line":100,"column":42}}},"8":{"name":"resolveObjTarget","line":116,"loc":{"start":{"line":116,"column":34},"end":{"line":116,"column":71}}},"9":{"name":"(anonymous_9)","line":117,"loc":{"start":{"line":117,"column":34},"end":{"line":117,"column":55}}},"10":{"name":"isChildContainedInParent","line":130,"loc":{"start":{"line":130,"column":35},"end":{"line":130,"column":94}}},"11":{"name":"(anonymous_11)","line":131,"loc":{"start":{"line":131,"column":21},"end":{"line":131,"column":43}}},"12":{"name":"removeChildFromParent","line":179,"loc":{"start":{"line":179,"column":32},"end":{"line":179,"column":88}}},"13":{"name":"(anonymous_13)","line":180,"loc":{"start":{"line":180,"column":22},"end":{"line":180,"column":44}}}},"statementMap":{"1":{"start":{"line":10,"column":0},"end":{"line":14,"column":38}},"2":{"start":{"line":24,"column":0},"end":{"line":36,"column":2}},"3":{"start":{"line":25,"column":4},"end":{"line":25,"column":44}},"4":{"start":{"line":27,"column":4},"end":{"line":35,"column":5}},"5":{"start":{"line":28,"column":9},"end":{"line":28,"column":44}},"6":{"start":{"line":29,"column":9},"end":{"line":29,"column":54}},"7":{"start":{"line":30,"column":9},"end":{"line":30,"column":27}},"8":{"start":{"line":31,"column":9},"end":{"line":31,"column":25}},"9":{"start":{"line":32,"column":9},"end":{"line":32,"column":26}},"10":{"start":{"line":34,"column":8},"end":{"line":34,"column":27}},"11":{"start":{"line":46,"column":0},"end":{"line":68,"column":2}},"12":{"start":{"line":47,"column":4},"end":{"line":47,"column":36}},"13":{"start":{"line":49,"column":4},"end":{"line":52,"column":7}},"14":{"start":{"line":50,"column":8},"end":{"line":51,"column":69}},"15":{"start":{"line":54,"column":4},"end":{"line":54,"column":49}},"16":{"start":{"line":56,"column":4},"end":{"line":67,"column":5}},"17":{"start":{"line":57,"column":8},"end":{"line":57,"column":34}},"18":{"start":{"line":59,"column":8},"end":{"line":59,"column":54}},"19":{"start":{"line":60,"column":8},"end":{"line":60,"column":41}},"20":{"start":{"line":62,"column":8},"end":{"line":62,"column":24}},"21":{"start":{"line":63,"column":8},"end":{"line":63,"column":26}},"22":{"start":{"line":65,"column":8},"end":{"line":65,"column":35}},"23":{"start":{"line":66,"column":8},"end":{"line":66,"column":23}},"24":{"start":{"line":77,"column":0},"end":{"line":89,"column":2}},"25":{"start":{"line":78,"column":4},"end":{"line":78,"column":38}},"26":{"start":{"line":80,"column":4},"end":{"line":80,"column":24}},"27":{"start":{"line":81,"column":4},"end":{"line":88,"column":7}},"28":{"start":{"line":82,"column":8},"end":{"line":84,"column":9}},"29":{"start":{"line":83,"column":12},"end":{"line":83,"column":48}},"30":{"start":{"line":85,"column":8},"end":{"line":87,"column":9}},"31":{"start":{"line":86,"column":12},"end":{"line":86,"column":38}},"32":{"start":{"line":98,"column":0},"end":{"line":106,"column":2}},"33":{"start":{"line":99,"column":4},"end":{"line":99,"column":19}},"34":{"start":{"line":100,"column":4},"end":{"line":104,"column":7}},"35":{"start":{"line":101,"column":8},"end":{"line":103,"column":9}},"36":{"start":{"line":102,"column":12},"end":{"line":102,"column":47}},"37":{"start":{"line":105,"column":4},"end":{"line":105,"column":17}},"38":{"start":{"line":116,"column":0},"end":{"line":120,"column":2}},"39":{"start":{"line":117,"column":4},"end":{"line":119,"column":11}},"40":{"start":{"line":118,"column":8},"end":{"line":118,"column":39}},"41":{"start":{"line":130,"column":0},"end":{"line":171,"column":2}},"42":{"start":{"line":131,"column":4},"end":{"line":157,"column":6}},"43":{"start":{"line":133,"column":8},"end":{"line":150,"column":9}},"44":{"start":{"line":135,"column":12},"end":{"line":135,"column":80}},"45":{"start":{"line":135,"column":67},"end":{"line":135,"column":80}},"46":{"start":{"line":137,"column":12},"end":{"line":149,"column":13}},"47":{"start":{"line":140,"column":20},"end":{"line":140,"column":72}},"48":{"start":{"line":140,"column":59},"end":{"line":140,"column":72}},"49":{"start":{"line":141,"column":20},"end":{"line":141,"column":26}},"50":{"start":{"line":144,"column":20},"end":{"line":144,"column":134}},"51":{"start":{"line":144,"column":121},"end":{"line":144,"column":134}},"52":{"start":{"line":145,"column":20},"end":{"line":145,"column":26}},"53":{"start":{"line":148,"column":20},"end":{"line":148,"column":57}},"54":{"start":{"line":148,"column":44},"end":{"line":148,"column":57}},"55":{"start":{"line":153,"column":8},"end":{"line":155,"column":9}},"56":{"start":{"line":154,"column":12},"end":{"line":154,"column":62}},"57":{"start":{"line":154,"column":49},"end":{"line":154,"column":62}},"58":{"start":{"line":156,"column":8},"end":{"line":156,"column":20}},"59":{"start":{"line":160,"column":4},"end":{"line":160,"column":30}},"60":{"start":{"line":161,"column":4},"end":{"line":168,"column":5}},"61":{"start":{"line":162,"column":8},"end":{"line":167,"column":9}},"62":{"start":{"line":163,"column":12},"end":{"line":166,"column":13}},"63":{"start":{"line":164,"column":16},"end":{"line":164,"column":37}},"64":{"start":{"line":165,"column":16},"end":{"line":165,"column":22}},"65":{"start":{"line":170,"column":4},"end":{"line":170,"column":51}},"66":{"start":{"line":179,"column":0},"end":{"line":213,"column":2}},"67":{"start":{"line":180,"column":4},"end":{"line":204,"column":6}},"68":{"start":{"line":182,"column":8},"end":{"line":199,"column":9}},"69":{"start":{"line":184,"column":12},"end":{"line":184,"column":80}},"70":{"start":{"line":184,"column":67},"end":{"line":184,"column":80}},"71":{"start":{"line":186,"column":12},"end":{"line":198,"column":13}},"72":{"start":{"line":189,"column":20},"end":{"line":189,"column":73}},"73":{"start":{"line":189,"column":60},"end":{"line":189,"column":73}},"74":{"start":{"line":190,"column":20},"end":{"line":190,"column":26}},"75":{"start":{"line":193,"column":20},"end":{"line":193,"column":134}},"76":{"start":{"line":193,"column":121},"end":{"line":193,"column":134}},"77":{"start":{"line":194,"column":20},"end":{"line":194,"column":26}},"78":{"start":{"line":197,"column":20},"end":{"line":197,"column":57}},"79":{"start":{"line":197,"column":44},"end":{"line":197,"column":57}},"80":{"start":{"line":203,"column":8},"end":{"line":203,"column":20}},"81":{"start":{"line":206,"column":4},"end":{"line":212,"column":5}},"82":{"start":{"line":207,"column":8},"end":{"line":211,"column":9}},"83":{"start":{"line":208,"column":12},"end":{"line":210,"column":13}},"84":{"start":{"line":209,"column":16},"end":{"line":209,"column":37}}},"branchMap":{"1":{"line":27,"type":"if","locations":[{"start":{"line":27,"column":4},"end":{"line":27,"column":4}},{"start":{"line":27,"column":4},"end":{"line":27,"column":4}}]},"2":{"line":56,"type":"if","locations":[{"start":{"line":56,"column":4},"end":{"line":56,"column":4}},{"start":{"line":56,"column":4},"end":{"line":56,"column":4}}]},"3":{"line":82,"type":"if","locations":[{"start":{"line":82,"column":8},"end":{"line":82,"column":8}},{"start":{"line":82,"column":8},"end":{"line":82,"column":8}}]},"4":{"line":85,"type":"if","locations":[{"start":{"line":85,"column":8},"end":{"line":85,"column":8}},{"start":{"line":85,"column":8},"end":{"line":85,"column":8}}]},"5":{"line":101,"type":"if","locations":[{"start":{"line":101,"column":8},"end":{"line":101,"column":8}},{"start":{"line":101,"column":8},"end":{"line":101,"column":8}}]},"6":{"line":118,"type":"cond-expr","locations":[{"start":{"line":118,"column":22},"end":{"line":118,"column":32}},{"start":{"line":118,"column":35},"end":{"line":118,"column":39}}]},"7":{"line":135,"type":"if","locations":[{"start":{"line":135,"column":12},"end":{"line":135,"column":12}},{"start":{"line":135,"column":12},"end":{"line":135,"column":12}}]},"8":{"line":137,"type":"switch","locations":[{"start":{"line":139,"column":16},"end":{"line":141,"column":26}},{"start":{"line":143,"column":16},"end":{"line":145,"column":26}},{"start":{"line":147,"column":16},"end":{"line":148,"column":57}}]},"9":{"line":140,"type":"if","locations":[{"start":{"line":140,"column":20},"end":{"line":140,"column":20}},{"start":{"line":140,"column":20},"end":{"line":140,"column":20}}]},"10":{"line":144,"type":"if","locations":[{"start":{"line":144,"column":20},"end":{"line":144,"column":20}},{"start":{"line":144,"column":20},"end":{"line":144,"column":20}}]},"11":{"line":144,"type":"binary-expr","locations":[{"start":{"line":144,"column":24},"end":{"line":144,"column":55}},{"start":{"line":144,"column":60},"end":{"line":144,"column":74}},{"start":{"line":144,"column":78},"end":{"line":144,"column":118}}]},"12":{"line":148,"type":"if","locations":[{"start":{"line":148,"column":20},"end":{"line":148,"column":20}},{"start":{"line":148,"column":20},"end":{"line":148,"column":20}}]},"13":{"line":154,"type":"if","locations":[{"start":{"line":154,"column":12},"end":{"line":154,"column":12}},{"start":{"line":154,"column":12},"end":{"line":154,"column":12}}]},"14":{"line":163,"type":"if","locations":[{"start":{"line":163,"column":12},"end":{"line":163,"column":12}},{"start":{"line":163,"column":12},"end":{"line":163,"column":12}}]},"15":{"line":184,"type":"if","locations":[{"start":{"line":184,"column":12},"end":{"line":184,"column":12}},{"start":{"line":184,"column":12},"end":{"line":184,"column":12}}]},"16":{"line":186,"type":"switch","locations":[{"start":{"line":188,"column":16},"end":{"line":190,"column":26}},{"start":{"line":192,"column":16},"end":{"line":194,"column":26}},{"start":{"line":196,"column":16},"end":{"line":197,"column":57}}]},"17":{"line":189,"type":"if","locations":[{"start":{"line":189,"column":20},"end":{"line":189,"column":20}},{"start":{"line":189,"column":20},"end":{"line":189,"column":20}}]},"18":{"line":193,"type":"if","locations":[{"start":{"line":193,"column":20},"end":{"line":193,"column":20}},{"start":{"line":193,"column":20},"end":{"line":193,"column":20}}]},"19":{"line":193,"type":"binary-expr","locations":[{"start":{"line":193,"column":24},"end":{"line":193,"column":55}},{"start":{"line":193,"column":60},"end":{"line":193,"column":74}},{"start":{"line":193,"column":78},"end":{"line":193,"column":118}}]},"20":{"line":197,"type":"if","locations":[{"start":{"line":197,"column":20},"end":{"line":197,"column":20}},{"start":{"line":197,"column":20},"end":{"line":197,"column":20}}]},"21":{"line":208,"type":"if","locations":[{"start":{"line":208,"column":12},"end":{"line":208,"column":12}},{"start":{"line":208,"column":12},"end":{"line":208,"column":12}}]}}},"/home/nathan/Documents/workspace/be/hisab/hisab_authorization_service/app.js":{"path":"/home/nathan/Documents/workspace/be/hisab/hisab_authorization_service/app.js","s":{"1":1,"2":1,"3":1,"4":1,"5":1,"6":1,"7":11,"8":1,"9":1,"10":1,"11":1,"12":0,"13":0,"14":0,"15":0,"16":0,"17":0,"18":1,"19":1,"20":0,"21":1,"22":132,"23":132,"24":132,"25":132,"26":132,"27":1,"28":1,"29":1,"30":1,"31":1,"32":1,"33":1,"34":1,"35":1,"36":1,"37":1,"38":1,"39":1,"40":1,"41":1,"42":0,"43":1,"44":1,"45":0,"46":0,"47":0,"48":0,"49":0,"50":0,"51":0,"52":1,"53":1,"54":1,"55":1,"56":1,"57":0,"58":0,"59":0,"60":0,"61":1,"62":1,"63":1,"64":1,"65":0,"66":0,"67":0,"68":0,"69":1,"70":1,"71":1,"72":1,"73":0,"74":0,"75":0,"76":1},"b":{"1":[1,0],"2":[0,0],"3":[0,1],"4":[1,0],"5":[0,0],"6":[0,1],"7":[0,0],"8":[0,1],"9":[0,0],"10":[0,1],"11":[0,0],"12":[0,0]},"f":{"1":1,"2":0,"3":132,"4":1,"5":1,"6":1,"7":0,"8":1,"9":0,"10":1,"11":1,"12":0,"13":1,"14":1,"15":0},"fnMap":{"1":{"name":"(anonymous_1)","line":61,"loc":{"start":{"line":61,"column":35},"end":{"line":61,"column":47}}},"2":{"name":"(anonymous_2)","line":68,"loc":{"start":{"line":68,"column":31},"end":{"line":68,"column":46}}},"3":{"name":"(anonymous_3)","line":91,"loc":{"start":{"line":91,"column":8},"end":{"line":91,"column":34}}},"4":{"name":"pingDependentServices","line":113,"loc":{"start":{"line":113,"column":1},"end":{"line":113,"column":34}}},"5":{"name":"(anonymous_5)","line":118,"loc":{"start":{"line":118,"column":30},"end":{"line":118,"column":59}}},"6":{"name":"(anonymous_6)","line":124,"loc":{"start":{"line":124,"column":36},"end":{"line":124,"column":54}}},"7":{"name":"(anonymous_7)","line":147,"loc":{"start":{"line":147,"column":8},"end":{"line":147,"column":34}}},"8":{"name":"createsAnyRole","line":163,"loc":{"start":{"line":163,"column":1},"end":{"line":163,"column":27}}},"9":{"name":"(anonymous_9)","line":169,"loc":{"start":{"line":169,"column":39},"end":{"line":169,"column":81}}},"10":{"name":"createACMForAnyRole","line":183,"loc":{"start":{"line":183,"column":1},"end":{"line":183,"column":32}}},"11":{"name":"(anonymous_11)","line":186,"loc":{"start":{"line":186,"column":29},"end":{"line":186,"column":50}}},"12":{"name":"(anonymous_12)","line":188,"loc":{"start":{"line":188,"column":33},"end":{"line":188,"column":70}}},"13":{"name":"createSuperAdministrator","line":202,"loc":{"start":{"line":202,"column":1},"end":{"line":202,"column":37}}},"14":{"name":"(anonymous_14)","line":204,"loc":{"start":{"line":204,"column":31},"end":{"line":204,"column":52}}},"15":{"name":"(anonymous_15)","line":211,"loc":{"start":{"line":211,"column":39},"end":{"line":211,"column":60}}}},"statementMap":{"1":{"start":{"line":10,"column":0},"end":{"line":32,"column":41}},"2":{"start":{"line":35,"column":0},"end":{"line":35,"column":93}},"3":{"start":{"line":37,"column":0},"end":{"line":37,"column":33}},"4":{"start":{"line":38,"column":0},"end":{"line":46,"column":3}},"5":{"start":{"line":48,"column":0},"end":{"line":48,"column":23}},"6":{"start":{"line":49,"column":0},"end":{"line":51,"column":2}},"7":{"start":{"line":50,"column":4},"end":{"line":50,"column":30}},"8":{"start":{"line":56,"column":0},"end":{"line":56,"column":53}},"9":{"start":{"line":61,"column":0},"end":{"line":63,"column":3}},"10":{"start":{"line":62,"column":4},"end":{"line":62,"column":63}},"11":{"start":{"line":68,"column":0},"end":{"line":76,"column":3}},"12":{"start":{"line":69,"column":4},"end":{"line":69,"column":17}},"13":{"start":{"line":70,"column":4},"end":{"line":70,"column":66}},"14":{"start":{"line":71,"column":4},"end":{"line":71,"column":53}},"15":{"start":{"line":72,"column":4},"end":{"line":75,"column":5}},"16":{"start":{"line":73,"column":12},"end":{"line":73,"column":45}},"17":{"start":{"line":74,"column":12},"end":{"line":74,"column":41}},"18":{"start":{"line":81,"column":0},"end":{"line":81,"column":18}},"19":{"start":{"line":84,"column":0},"end":{"line":86,"column":1}},"20":{"start":{"line":85,"column":4},"end":{"line":85,"column":23}},"21":{"start":{"line":91,"column":0},"end":{"line":97,"column":3}},"22":{"start":{"line":92,"column":4},"end":{"line":92,"column":54}},"23":{"start":{"line":93,"column":4},"end":{"line":93,"column":92}},"24":{"start":{"line":94,"column":4},"end":{"line":94,"column":55}},"25":{"start":{"line":95,"column":4},"end":{"line":95,"column":60}},"26":{"start":{"line":96,"column":4},"end":{"line":96,"column":11}},"27":{"start":{"line":99,"column":0},"end":{"line":99,"column":77}},"28":{"start":{"line":100,"column":0},"end":{"line":100,"column":90}},"29":{"start":{"line":101,"column":0},"end":{"line":101,"column":76}},"30":{"start":{"line":106,"column":0},"end":{"line":106,"column":19}},"31":{"start":{"line":107,"column":0},"end":{"line":107,"column":16}},"32":{"start":{"line":113,"column":0},"end":{"line":137,"column":5}},"33":{"start":{"line":114,"column":4},"end":{"line":136,"column":11}},"34":{"start":{"line":119,"column":12},"end":{"line":135,"column":13}},"35":{"start":{"line":121,"column":16},"end":{"line":121,"column":48}},"36":{"start":{"line":122,"column":16},"end":{"line":122,"column":70}},"37":{"start":{"line":124,"column":16},"end":{"line":131,"column":19}},"38":{"start":{"line":125,"column":20},"end":{"line":125,"column":76}},"39":{"start":{"line":126,"column":20},"end":{"line":126,"column":43}},"40":{"start":{"line":127,"column":20},"end":{"line":127,"column":95}},"41":{"start":{"line":130,"column":20},"end":{"line":130,"column":34}},"42":{"start":{"line":134,"column":16},"end":{"line":134,"column":84}},"43":{"start":{"line":142,"column":0},"end":{"line":142,"column":11}},"44":{"start":{"line":147,"column":0},"end":{"line":157,"column":3}},"45":{"start":{"line":148,"column":4},"end":{"line":156,"column":5}},"46":{"start":{"line":149,"column":8},"end":{"line":149,"column":81}},"47":{"start":{"line":150,"column":8},"end":{"line":150,"column":24}},"48":{"start":{"line":152,"column":8},"end":{"line":152,"column":37}},"49":{"start":{"line":153,"column":8},"end":{"line":153,"column":24}},"50":{"start":{"line":154,"column":8},"end":{"line":154,"column":53}},"51":{"start":{"line":155,"column":8},"end":{"line":155,"column":15}},"52":{"start":{"line":163,"column":0},"end":{"line":177,"column":5}},"53":{"start":{"line":164,"column":4},"end":{"line":164,"column":37}},"54":{"start":{"line":165,"column":4},"end":{"line":165,"column":87}},"55":{"start":{"line":167,"column":4},"end":{"line":176,"column":6}},"56":{"start":{"line":168,"column":8},"end":{"line":175,"column":9}},"57":{"start":{"line":169,"column":12},"end":{"line":174,"column":14}},"58":{"start":{"line":170,"column":16},"end":{"line":173,"column":17}},"59":{"start":{"line":171,"column":20},"end":{"line":171,"column":81}},"60":{"start":{"line":172,"column":20},"end":{"line":172,"column":44}},"61":{"start":{"line":183,"column":0},"end":{"line":196,"column":5}},"62":{"start":{"line":184,"column":4},"end":{"line":184,"column":34}},"63":{"start":{"line":186,"column":4},"end":{"line":195,"column":6}},"64":{"start":{"line":187,"column":8},"end":{"line":194,"column":9}},"65":{"start":{"line":188,"column":12},"end":{"line":193,"column":14}},"66":{"start":{"line":189,"column":16},"end":{"line":192,"column":17}},"67":{"start":{"line":190,"column":20},"end":{"line":190,"column":86}},"68":{"start":{"line":191,"column":20},"end":{"line":191,"column":39}},"69":{"start":{"line":202,"column":0},"end":{"line":216,"column":5}},"70":{"start":{"line":203,"column":4},"end":{"line":203,"column":38}},"71":{"start":{"line":204,"column":4},"end":{"line":215,"column":7}},"72":{"start":{"line":205,"column":8},"end":{"line":214,"column":9}},"73":{"start":{"line":206,"column":12},"end":{"line":210,"column":14}},"74":{"start":{"line":211,"column":12},"end":{"line":213,"column":15}},"75":{"start":{"line":212,"column":16},"end":{"line":212,"column":46}},"76":{"start":{"line":223,"column":0},"end":{"line":223,"column":21}}},"branchMap":{"1":{"line":35,"type":"cond-expr","locations":[{"start":{"line":35,"column":48},"end":{"line":35,"column":71}},{"start":{"line":35,"column":74},"end":{"line":35,"column":92}}]},"2":{"line":72,"type":"if","locations":[{"start":{"line":72,"column":4},"end":{"line":72,"column":4}},{"start":{"line":72,"column":4},"end":{"line":72,"column":4}}]},"3":{"line":84,"type":"if","locations":[{"start":{"line":84,"column":0},"end":{"line":84,"column":0}},{"start":{"line":84,"column":0},"end":{"line":84,"column":0}}]},"4":{"line":119,"type":"if","locations":[{"start":{"line":119,"column":12},"end":{"line":119,"column":12}},{"start":{"line":119,"column":12},"end":{"line":119,"column":12}}]},"5":{"line":148,"type":"if","locations":[{"start":{"line":148,"column":4},"end":{"line":148,"column":4}},{"start":{"line":148,"column":4},"end":{"line":148,"column":4}}]},"6":{"line":168,"type":"if","locations":[{"start":{"line":168,"column":8},"end":{"line":168,"column":8}},{"start":{"line":168,"column":8},"end":{"line":168,"column":8}}]},"7":{"line":170,"type":"if","locations":[{"start":{"line":170,"column":16},"end":{"line":170,"column":16}},{"start":{"line":170,"column":16},"end":{"line":170,"column":16}}]},"8":{"line":187,"type":"if","locations":[{"start":{"line":187,"column":8},"end":{"line":187,"column":8}},{"start":{"line":187,"column":8},"end":{"line":187,"column":8}}]},"9":{"line":189,"type":"if","locations":[{"start":{"line":189,"column":16},"end":{"line":189,"column":16}},{"start":{"line":189,"column":16},"end":{"line":189,"column":16}}]},"10":{"line":205,"type":"if","locations":[{"start":{"line":205,"column":8},"end":{"line":205,"column":8}},{"start":{"line":205,"column":8},"end":{"line":205,"column":8}}]},"11":{"line":207,"type":"binary-expr","locations":[{"start":{"line":207,"column":27},"end":{"line":207,"column":48}},{"start":{"line":207,"column":52},"end":{"line":207,"column":61}}]},"12":{"line":208,"type":"binary-expr","locations":[{"start":{"line":208,"column":27},"end":{"line":208,"column":47}},{"start":{"line":208,"column":51},"end":{"line":208,"column":72}}]}}},"/home/nathan/Documents/workspace/be/hisab/hisab_authorization_service/config/index.js":{"path":"/home/nathan/Documents/workspace/be/hisab/hisab_authorization_service/config/index.js","s":{"1":1},"b":{"1":[1,0],"2":[1,0],"3":[1,0]},"f":{},"fnMap":{},"statementMap":{"1":{"start":{"line":15,"column":0},"end":{"line":27,"column":2}}},"branchMap":{"1":{"line":16,"type":"binary-expr","locations":[{"start":{"line":16,"column":38},"end":{"line":16,"column":59}},{"start":{"line":16,"column":63},"end":{"line":16,"column":67}}]},"2":{"line":19,"type":"binary-expr","locations":[{"start":{"line":19,"column":38},"end":{"line":19,"column":80}},{"start":{"line":19,"column":84},"end":{"line":19,"column":86}}]},"3":{"line":24,"type":"binary-expr","locations":[{"start":{"line":24,"column":38},"end":{"line":24,"column":61}},{"start":{"line":24,"column":65},"end":{"line":24,"column":66}}]}}},"/home/nathan/Documents/workspace/be/hisab/hisab_authorization_service/route/index.js":{"path":"/home/nathan/Documents/workspace/be/hisab/hisab_authorization_service/route/index.js","s":{"1":1,"2":1,"3":1,"4":1,"5":1,"6":1,"7":1,"8":1,"9":1,"10":1},"b":{},"f":{"1":1},"fnMap":{"1":{"name":"(anonymous_1)","line":26,"loc":{"start":{"line":26,"column":17},"end":{"line":26,"column":32}}}},"statementMap":{"1":{"start":{"line":11,"column":0},"end":{"line":19,"column":31}},"2":{"start":{"line":26,"column":0},"end":{"line":37,"column":2}},"3":{"start":{"line":28,"column":4},"end":{"line":28,"column":34}},"4":{"start":{"line":29,"column":4},"end":{"line":29,"column":38}},"5":{"start":{"line":30,"column":4},"end":{"line":30,"column":32}},"6":{"start":{"line":31,"column":4},"end":{"line":31,"column":32}},"7":{"start":{"line":32,"column":4},"end":{"line":32,"column":30}},"8":{"start":{"line":33,"column":4},"end":{"line":33,"column":34}},"9":{"start":{"line":34,"column":4},"end":{"line":34,"column":36}},"10":{"start":{"line":35,"column":4},"end":{"line":35,"column":30}}},"branchMap":{}},"/home/nathan/Documents/workspace/be/hisab/hisab_authorization_service/route/token.js":{"path":"/home/nathan/Documents/workspace/be/hisab/hisab_authorization_service/route/token.js","s":{"1":1,"2":1,"3":1,"4":1},"b":{},"f":{},"fnMap":{},"statementMap":{"1":{"start":{"line":10,"column":0},"end":{"line":13,"column":49}},"2":{"start":{"line":55,"column":0},"end":{"line":55,"column":49}},"3":{"start":{"line":102,"column":0},"end":{"line":102,"column":51}},"4":{"start":{"line":105,"column":0},"end":{"line":105,"column":24}}},"branchMap":{}},"/home/nathan/Documents/workspace/be/hisab/hisab_authorization_service/controller/token.js":{"path":"/home/nathan/Documents/workspace/be/hisab/hisab_authorization_service/controller/token.js","s":{"1":1,"2":1,"3":4,"4":4,"5":4,"6":3,"7":1,"8":4,"9":4,"10":1,"11":3,"12":3,"13":3,"14":3,"15":1,"16":1,"17":0,"18":0,"19":0,"20":0,"21":1,"22":1,"23":2,"24":1,"25":3,"26":3,"27":3,"28":0,"29":0,"30":0,"31":0,"32":3,"33":3,"34":3,"35":3,"36":1,"37":13,"38":13,"39":13,"40":3,"41":1,"42":13,"43":13,"44":1,"45":12,"46":12,"47":12,"48":1,"49":1,"50":1,"51":1,"52":1,"53":1,"54":1,"55":11,"56":11,"57":11,"58":1,"59":11,"60":11,"61":2,"62":2,"63":2,"64":1,"65":1,"66":1,"67":1,"68":1,"69":9,"70":1,"71":10,"72":10,"73":10,"74":10,"75":10,"76":0,"77":0,"78":0,"79":0,"80":10,"81":0,"82":0,"83":0,"84":10,"85":10,"86":1,"87":10,"88":10,"89":10,"90":10,"91":3,"92":0,"93":0,"94":0,"95":0,"96":3,"97":3,"98":1,"99":1,"100":1,"101":1,"102":2,"103":7,"104":1,"105":9,"106":9,"107":3,"108":1,"109":9,"110":2,"111":7,"112":7,"113":7,"114":2,"115":1,"116":1,"117":1,"118":5,"119":5,"120":5,"121":5,"122":1,"123":3,"124":3,"125":0,"126":0,"127":0,"128":0,"129":3,"130":3,"131":2,"132":2,"133":2,"134":2,"135":1,"136":1,"137":1,"138":1,"139":3,"140":0,"141":0,"142":0,"143":0,"144":1,"145":6,"146":6,"147":0,"148":6,"149":6,"150":0,"151":0,"152":6,"153":0,"154":6,"155":6,"156":0,"157":6},"b":{"1":[1,2],"2":[3,1],"3":[0,1],"4":[1,0],"5":[0,3],"6":[3,0],"7":[1,11],"8":[2,9],"9":[1,1],"10":[0,10],"11":[0,10],"12":[0,0],"13":[0,0],"14":[10,0],"15":[3,7],"16":[0,3],"17":[1,2],"18":[2,7],"19":[2,5],"20":[1,1],"21":[2,2],"22":[3,0],"23":[0,3],"24":[2,1],"25":[0,6],"26":[6,0],"27":[0,0],"28":[0,6],"29":[0,6]},"f":{"1":4,"2":3,"3":4,"4":3,"5":3,"6":1,"7":3,"8":13,"9":3,"10":13,"11":12,"12":12,"13":11,"14":2,"15":10,"16":10,"17":0,"18":10,"19":10,"20":3,"21":9,"22":3,"23":9,"24":7,"25":3,"26":3,"27":6,"28":6},"fnMap":{"1":{"name":"(anonymous_1)","line":31,"loc":{"start":{"line":31,"column":26},"end":{"line":31,"column":52}}},"2":{"name":"(anonymous_2)","line":39,"loc":{"start":{"line":39,"column":6},"end":{"line":39,"column":18}}},"3":{"name":"validateData","line":48,"loc":{"start":{"line":48,"column":4},"end":{"line":48,"column":37}}},"4":{"name":"createUser","line":58,"loc":{"start":{"line":58,"column":4},"end":{"line":58,"column":34}}},"5":{"name":"(anonymous_5)","line":62,"loc":{"start":{"line":62,"column":33},"end":{"line":62,"column":54}}},"6":{"name":"(anonymous_6)","line":64,"loc":{"start":{"line":64,"column":38},"end":{"line":64,"column":59}}},"7":{"name":"createData","line":86,"loc":{"start":{"line":86,"column":4},"end":{"line":86,"column":35}}},"8":{"name":"(anonymous_8)","line":116,"loc":{"start":{"line":116,"column":26},"end":{"line":116,"column":52}}},"9":{"name":"(anonymous_9)","line":129,"loc":{"start":{"line":129,"column":6},"end":{"line":129,"column":18}}},"10":{"name":"validateData","line":138,"loc":{"start":{"line":138,"column":4},"end":{"line":138,"column":36}}},"11":{"name":"saveRequest","line":148,"loc":{"start":{"line":148,"column":4},"end":{"line":148,"column":35}}},"12":{"name":"(anonymous_12)","line":150,"loc":{"start":{"line":150,"column":46},"end":{"line":150,"column":70}}},"13":{"name":"isRouteAllowedToAccessByAny","line":177,"loc":{"start":{"line":177,"column":4},"end":{"line":177,"column":65}}},"14":{"name":"(anonymous_14)","line":183,"loc":{"start":{"line":183,"column":48},"end":{"line":183,"column":69}}},"15":{"name":"createUserData","line":206,"loc":{"start":{"line":206,"column":4},"end":{"line":206,"column":51}}},"16":{"name":"(anonymous_16)","line":210,"loc":{"start":{"line":210,"column":34},"end":{"line":210,"column":55}}},"17":{"name":"(anonymous_17)","line":217,"loc":{"start":{"line":217,"column":38},"end":{"line":217,"column":66}}},"18":{"name":"areAnyRoleAllowedToAccessRouteAndObject","line":232,"loc":{"start":{"line":232,"column":4},"end":{"line":232,"column":73}}},"19":{"name":"(anonymous_19)","line":236,"loc":{"start":{"line":236,"column":44},"end":{"line":236,"column":69}}},"20":{"name":"(anonymous_20)","line":246,"loc":{"start":{"line":246,"column":95},"end":{"line":246,"column":129}}},"21":{"name":"isUserAllowedToPerformMethodOnObject","line":270,"loc":{"start":{"line":270,"column":4},"end":{"line":270,"column":85}}},"22":{"name":"(anonymous_22)","line":276,"loc":{"start":{"line":276,"column":10},"end":{"line":276,"column":22}}},"23":{"name":"retrieveAllRolesAllowedToAccessRoute","line":285,"loc":{"start":{"line":285,"column":8},"end":{"line":285,"column":58}}},"24":{"name":"(anonymous_24)","line":290,"loc":{"start":{"line":290,"column":52},"end":{"line":290,"column":77}}},"25":{"name":"checkIfSubjectIsAllowedToPerformMethodOnObject","line":317,"loc":{"start":{"line":317,"column":8},"end":{"line":317,"column":84}}},"26":{"name":"(anonymous_26)","line":327,"loc":{"start":{"line":327,"column":105},"end":{"line":327,"column":139}}},"27":{"name":"isSubjectAllowedToPerformMethodOnObject","line":366,"loc":{"start":{"line":366,"column":4},"end":{"line":366,"column":90}}},"28":{"name":"(anonymous_28)","line":380,"loc":{"start":{"line":380,"column":43},"end":{"line":380,"column":66}}}},"statementMap":{"1":{"start":{"line":10,"column":0},"end":{"line":22,"column":47}},"2":{"start":{"line":31,"column":0},"end":{"line":107,"column":2}},"3":{"start":{"line":32,"column":4},"end":{"line":32,"column":28}},"4":{"start":{"line":34,"column":4},"end":{"line":34,"column":24}},"5":{"start":{"line":35,"column":4},"end":{"line":41,"column":7}},"6":{"start":{"line":40,"column":8},"end":{"line":40,"column":35}},"7":{"start":{"line":48,"column":4},"end":{"line":51,"column":5}},"8":{"start":{"line":49,"column":8},"end":{"line":49,"column":39}},"9":{"start":{"line":50,"column":8},"end":{"line":50,"column":68}},"10":{"start":{"line":58,"column":4},"end":{"line":79,"column":5}},"11":{"start":{"line":59,"column":8},"end":{"line":59,"column":35}},"12":{"start":{"line":61,"column":8},"end":{"line":61,"column":43}},"13":{"start":{"line":62,"column":8},"end":{"line":77,"column":11}},"14":{"start":{"line":63,"column":12},"end":{"line":76,"column":13}},"15":{"start":{"line":64,"column":16},"end":{"line":73,"column":19}},"16":{"start":{"line":65,"column":20},"end":{"line":72,"column":21}},"17":{"start":{"line":66,"column":24},"end":{"line":66,"column":70}},"18":{"start":{"line":67,"column":24},"end":{"line":67,"column":41}},"19":{"start":{"line":68,"column":24},"end":{"line":68,"column":40}},"20":{"start":{"line":69,"column":24},"end":{"line":69,"column":41}},"21":{"start":{"line":70,"column":26},"end":{"line":72,"column":21}},"22":{"start":{"line":71,"column":24},"end":{"line":71,"column":39}},"23":{"start":{"line":75,"column":16},"end":{"line":75,"column":31}},"24":{"start":{"line":86,"column":4},"end":{"line":106,"column":5}},"25":{"start":{"line":87,"column":8},"end":{"line":87,"column":37}},"26":{"start":{"line":89,"column":8},"end":{"line":104,"column":11}},"27":{"start":{"line":92,"column":12},"end":{"line":102,"column":13}},"28":{"start":{"line":93,"column":16},"end":{"line":93,"column":62}},"29":{"start":{"line":94,"column":16},"end":{"line":94,"column":36}},"30":{"start":{"line":95,"column":16},"end":{"line":95,"column":32}},"31":{"start":{"line":96,"column":16},"end":{"line":96,"column":30}},"32":{"start":{"line":97,"column":18},"end":{"line":102,"column":13}},"33":{"start":{"line":98,"column":16},"end":{"line":98,"column":32}},"34":{"start":{"line":99,"column":16},"end":{"line":101,"column":19}},"35":{"start":{"line":103,"column":12},"end":{"line":103,"column":27}},"36":{"start":{"line":116,"column":0},"end":{"line":390,"column":2}},"37":{"start":{"line":117,"column":4},"end":{"line":117,"column":33}},"38":{"start":{"line":118,"column":4},"end":{"line":120,"column":22}},"39":{"start":{"line":122,"column":4},"end":{"line":131,"column":7}},"40":{"start":{"line":130,"column":8},"end":{"line":130,"column":47}},"41":{"start":{"line":138,"column":4},"end":{"line":141,"column":5}},"42":{"start":{"line":139,"column":8},"end":{"line":139,"column":37}},"43":{"start":{"line":140,"column":8},"end":{"line":140,"column":84}},"44":{"start":{"line":148,"column":4},"end":{"line":169,"column":5}},"45":{"start":{"line":149,"column":8},"end":{"line":149,"column":36}},"46":{"start":{"line":150,"column":8},"end":{"line":168,"column":11}},"47":{"start":{"line":151,"column":12},"end":{"line":167,"column":13}},"48":{"start":{"line":152,"column":16},"end":{"line":152,"column":61}},"49":{"start":{"line":153,"column":16},"end":{"line":153,"column":41}},"50":{"start":{"line":154,"column":16},"end":{"line":154,"column":55}},"51":{"start":{"line":155,"column":16},"end":{"line":155,"column":32}},"52":{"start":{"line":156,"column":16},"end":{"line":156,"column":33}},"53":{"start":{"line":159,"column":16},"end":{"line":159,"column":52}},"54":{"start":{"line":160,"column":16},"end":{"line":160,"column":34}},"55":{"start":{"line":162,"column":16},"end":{"line":162,"column":50}},"56":{"start":{"line":165,"column":16},"end":{"line":165,"column":57}},"57":{"start":{"line":166,"column":16},"end":{"line":166,"column":40}},"58":{"start":{"line":177,"column":4},"end":{"line":198,"column":5}},"59":{"start":{"line":178,"column":8},"end":{"line":178,"column":58}},"60":{"start":{"line":179,"column":8},"end":{"line":197,"column":9}},"61":{"start":{"line":180,"column":12},"end":{"line":182,"column":14}},"62":{"start":{"line":183,"column":12},"end":{"line":194,"column":14}},"63":{"start":{"line":184,"column":16},"end":{"line":193,"column":17}},"64":{"start":{"line":185,"column":20},"end":{"line":185,"column":36}},"65":{"start":{"line":186,"column":20},"end":{"line":186,"column":65}},"66":{"start":{"line":189,"column":20},"end":{"line":189,"column":57}},"67":{"start":{"line":190,"column":20},"end":{"line":190,"column":30}},"68":{"start":{"line":192,"column":20},"end":{"line":192,"column":49}},"69":{"start":{"line":196,"column":12},"end":{"line":196,"column":40}},"70":{"start":{"line":206,"column":4},"end":{"line":224,"column":5}},"71":{"start":{"line":207,"column":8},"end":{"line":207,"column":40}},"72":{"start":{"line":208,"column":8},"end":{"line":208,"column":55}},"73":{"start":{"line":209,"column":8},"end":{"line":209,"column":41}},"74":{"start":{"line":210,"column":8},"end":{"line":223,"column":11}},"75":{"start":{"line":211,"column":12},"end":{"line":222,"column":13}},"76":{"start":{"line":212,"column":16},"end":{"line":212,"column":62}},"77":{"start":{"line":213,"column":16},"end":{"line":213,"column":36}},"78":{"start":{"line":214,"column":16},"end":{"line":214,"column":32}},"79":{"start":{"line":215,"column":16},"end":{"line":215,"column":33}},"80":{"start":{"line":216,"column":18},"end":{"line":222,"column":13}},"81":{"start":{"line":217,"column":16},"end":{"line":219,"column":18}},"82":{"start":{"line":218,"column":20},"end":{"line":218,"column":73}},"83":{"start":{"line":218,"column":44},"end":{"line":218,"column":72}},"84":{"start":{"line":220,"column":18},"end":{"line":222,"column":13}},"85":{"start":{"line":221,"column":16},"end":{"line":221,"column":37}},"86":{"start":{"line":232,"column":4},"end":{"line":261,"column":5}},"87":{"start":{"line":233,"column":8},"end":{"line":233,"column":57}},"88":{"start":{"line":234,"column":8},"end":{"line":234,"column":110}},"89":{"start":{"line":236,"column":8},"end":{"line":260,"column":11}},"90":{"start":{"line":237,"column":12},"end":{"line":259,"column":13}},"91":{"start":{"line":238,"column":16},"end":{"line":256,"column":17}},"92":{"start":{"line":239,"column":20},"end":{"line":239,"column":36}},"93":{"start":{"line":240,"column":20},"end":{"line":240,"column":65}},"94":{"start":{"line":243,"column":20},"end":{"line":243,"column":57}},"95":{"start":{"line":244,"column":20},"end":{"line":244,"column":30}},"96":{"start":{"line":246,"column":20},"end":{"line":255,"column":23}},"97":{"start":{"line":247,"column":24},"end":{"line":254,"column":62}},"98":{"start":{"line":248,"column":28},"end":{"line":248,"column":44}},"99":{"start":{"line":249,"column":28},"end":{"line":249,"column":73}},"100":{"start":{"line":252,"column":28},"end":{"line":252,"column":65}},"101":{"start":{"line":253,"column":28},"end":{"line":253,"column":38}},"102":{"start":{"line":254,"column":30},"end":{"line":254,"column":61}},"103":{"start":{"line":258,"column":16},"end":{"line":258,"column":48}},"104":{"start":{"line":270,"column":4},"end":{"line":356,"column":5}},"105":{"start":{"line":271,"column":8},"end":{"line":271,"column":67}},"106":{"start":{"line":273,"column":8},"end":{"line":278,"column":11}},"107":{"start":{"line":277,"column":12},"end":{"line":277,"column":27}},"108":{"start":{"line":285,"column":8},"end":{"line":309,"column":9}},"109":{"start":{"line":286,"column":12},"end":{"line":308,"column":13}},"110":{"start":{"line":287,"column":16},"end":{"line":287,"column":40}},"111":{"start":{"line":289,"column":16},"end":{"line":289,"column":133}},"112":{"start":{"line":290,"column":16},"end":{"line":307,"column":19}},"113":{"start":{"line":291,"column":20},"end":{"line":306,"column":21}},"114":{"start":{"line":293,"column":24},"end":{"line":298,"column":25}},"115":{"start":{"line":294,"column":28},"end":{"line":294,"column":44}},"116":{"start":{"line":295,"column":28},"end":{"line":295,"column":73}},"117":{"start":{"line":297,"column":28},"end":{"line":297,"column":43}},"118":{"start":{"line":300,"column":24},"end":{"line":300,"column":40}},"119":{"start":{"line":301,"column":24},"end":{"line":301,"column":68}},"120":{"start":{"line":304,"column":24},"end":{"line":304,"column":60}},"121":{"start":{"line":305,"column":24},"end":{"line":305,"column":41}},"122":{"start":{"line":317,"column":8},"end":{"line":355,"column":9}},"123":{"start":{"line":318,"column":12},"end":{"line":353,"column":13}},"124":{"start":{"line":319,"column":16},"end":{"line":345,"column":17}},"125":{"start":{"line":320,"column":20},"end":{"line":320,"column":36}},"126":{"start":{"line":321,"column":20},"end":{"line":321,"column":65}},"127":{"start":{"line":324,"column":20},"end":{"line":324,"column":57}},"128":{"start":{"line":325,"column":20},"end":{"line":325,"column":30}},"129":{"start":{"line":327,"column":20},"end":{"line":344,"column":23}},"130":{"start":{"line":328,"column":24},"end":{"line":342,"column":25}},"131":{"start":{"line":329,"column":28},"end":{"line":329,"column":44}},"132":{"start":{"line":330,"column":28},"end":{"line":330,"column":73}},"133":{"start":{"line":333,"column":28},"end":{"line":333,"column":65}},"134":{"start":{"line":334,"column":28},"end":{"line":334,"column":38}},"135":{"start":{"line":336,"column":28},"end":{"line":336,"column":44}},"136":{"start":{"line":337,"column":28},"end":{"line":337,"column":72}},"137":{"start":{"line":340,"column":28},"end":{"line":340,"column":64}},"138":{"start":{"line":341,"column":28},"end":{"line":341,"column":46}},"139":{"start":{"line":343,"column":24},"end":{"line":343,"column":33}},"140":{"start":{"line":347,"column":16},"end":{"line":347,"column":32}},"141":{"start":{"line":348,"column":16},"end":{"line":348,"column":60}},"142":{"start":{"line":351,"column":16},"end":{"line":351,"column":52}},"143":{"start":{"line":352,"column":16},"end":{"line":352,"column":34}},"144":{"start":{"line":366,"column":4},"end":{"line":388,"column":5}},"145":{"start":{"line":367,"column":8},"end":{"line":368,"column":43}},"146":{"start":{"line":370,"column":8},"end":{"line":376,"column":9}},"147":{"start":{"line":371,"column":12},"end":{"line":371,"column":78}},"148":{"start":{"line":372,"column":14},"end":{"line":376,"column":9}},"149":{"start":{"line":373,"column":12},"end":{"line":373,"column":78}},"150":{"start":{"line":374,"column":14},"end":{"line":376,"column":9}},"151":{"start":{"line":375,"column":12},"end":{"line":375,"column":77}},"152":{"start":{"line":378,"column":8},"end":{"line":387,"column":9}},"153":{"start":{"line":378,"column":23},"end":{"line":378,"column":45}},"154":{"start":{"line":380,"column":12},"end":{"line":386,"column":15}},"155":{"start":{"line":381,"column":16},"end":{"line":385,"column":17}},"156":{"start":{"line":382,"column":20},"end":{"line":382,"column":42}},"157":{"start":{"line":384,"column":20},"end":{"line":384,"column":55}}},"branchMap":{"1":{"line":63,"type":"if","locations":[{"start":{"line":63,"column":12},"end":{"line":63,"column":12}},{"start":{"line":63,"column":12},"end":{"line":63,"column":12}}]},"2":{"line":63,"type":"binary-expr","locations":[{"start":{"line":63,"column":15},"end":{"line":63,"column":20}},{"start":{"line":63,"column":24},"end":{"line":63,"column":28}}]},"3":{"line":65,"type":"if","locations":[{"start":{"line":65,"column":20},"end":{"line":65,"column":20}},{"start":{"line":65,"column":20},"end":{"line":65,"column":20}}]},"4":{"line":70,"type":"if","locations":[{"start":{"line":70,"column":26},"end":{"line":70,"column":26}},{"start":{"line":70,"column":26},"end":{"line":70,"column":26}}]},"5":{"line":92,"type":"if","locations":[{"start":{"line":92,"column":12},"end":{"line":92,"column":12}},{"start":{"line":92,"column":12},"end":{"line":92,"column":12}}]},"6":{"line":97,"type":"if","locations":[{"start":{"line":97,"column":18},"end":{"line":97,"column":18}},{"start":{"line":97,"column":18},"end":{"line":97,"column":18}}]},"7":{"line":151,"type":"if","locations":[{"start":{"line":151,"column":12},"end":{"line":151,"column":12}},{"start":{"line":151,"column":12},"end":{"line":151,"column":12}}]},"8":{"line":179,"type":"if","locations":[{"start":{"line":179,"column":8},"end":{"line":179,"column":8}},{"start":{"line":179,"column":8},"end":{"line":179,"column":8}}]},"9":{"line":184,"type":"if","locations":[{"start":{"line":184,"column":16},"end":{"line":184,"column":16}},{"start":{"line":184,"column":16},"end":{"line":184,"column":16}}]},"10":{"line":211,"type":"if","locations":[{"start":{"line":211,"column":12},"end":{"line":211,"column":12}},{"start":{"line":211,"column":12},"end":{"line":211,"column":12}}]},"11":{"line":216,"type":"if","locations":[{"start":{"line":216,"column":18},"end":{"line":216,"column":18}},{"start":{"line":216,"column":18},"end":{"line":216,"column":18}}]},"12":{"line":218,"type":"if","locations":[{"start":{"line":218,"column":20},"end":{"line":218,"column":20}},{"start":{"line":218,"column":20},"end":{"line":218,"column":20}}]},"13":{"line":218,"type":"binary-expr","locations":[{"start":{"line":218,"column":23},"end":{"line":218,"column":27}},{"start":{"line":218,"column":31},"end":{"line":218,"column":42}}]},"14":{"line":220,"type":"if","locations":[{"start":{"line":220,"column":18},"end":{"line":220,"column":18}},{"start":{"line":220,"column":18},"end":{"line":220,"column":18}}]},"15":{"line":237,"type":"if","locations":[{"start":{"line":237,"column":12},"end":{"line":237,"column":12}},{"start":{"line":237,"column":12},"end":{"line":237,"column":12}}]},"16":{"line":238,"type":"if","locations":[{"start":{"line":238,"column":16},"end":{"line":238,"column":16}},{"start":{"line":238,"column":16},"end":{"line":238,"column":16}}]},"17":{"line":247,"type":"if","locations":[{"start":{"line":247,"column":24},"end":{"line":247,"column":24}},{"start":{"line":247,"column":24},"end":{"line":247,"column":24}}]},"18":{"line":286,"type":"if","locations":[{"start":{"line":286,"column":12},"end":{"line":286,"column":12}},{"start":{"line":286,"column":12},"end":{"line":286,"column":12}}]},"19":{"line":291,"type":"if","locations":[{"start":{"line":291,"column":20},"end":{"line":291,"column":20}},{"start":{"line":291,"column":20},"end":{"line":291,"column":20}}]},"20":{"line":293,"type":"if","locations":[{"start":{"line":293,"column":24},"end":{"line":293,"column":24}},{"start":{"line":293,"column":24},"end":{"line":293,"column":24}}]},"21":{"line":293,"type":"binary-expr","locations":[{"start":{"line":293,"column":27},"end":{"line":293,"column":54}},{"start":{"line":293,"column":58},"end":{"line":293,"column":80}}]},"22":{"line":318,"type":"if","locations":[{"start":{"line":318,"column":12},"end":{"line":318,"column":12}},{"start":{"line":318,"column":12},"end":{"line":318,"column":12}}]},"23":{"line":319,"type":"if","locations":[{"start":{"line":319,"column":16},"end":{"line":319,"column":16}},{"start":{"line":319,"column":16},"end":{"line":319,"column":16}}]},"24":{"line":328,"type":"if","locations":[{"start":{"line":328,"column":24},"end":{"line":328,"column":24}},{"start":{"line":328,"column":24},"end":{"line":328,"column":24}}]},"25":{"line":370,"type":"if","locations":[{"start":{"line":370,"column":8},"end":{"line":370,"column":8}},{"start":{"line":370,"column":8},"end":{"line":370,"column":8}}]},"26":{"line":372,"type":"if","locations":[{"start":{"line":372,"column":14},"end":{"line":372,"column":14}},{"start":{"line":372,"column":14},"end":{"line":372,"column":14}}]},"27":{"line":374,"type":"if","locations":[{"start":{"line":374,"column":14},"end":{"line":374,"column":14}},{"start":{"line":374,"column":14},"end":{"line":374,"column":14}}]},"28":{"line":378,"type":"if","locations":[{"start":{"line":378,"column":8},"end":{"line":378,"column":8}},{"start":{"line":378,"column":8},"end":{"line":378,"column":8}}]},"29":{"line":381,"type":"if","locations":[{"start":{"line":381,"column":16},"end":{"line":381,"column":16}},{"start":{"line":381,"column":16},"end":{"line":381,"column":16}}]}}},"/home/nathan/Documents/workspace/be/hisab/hisab_authorization_service/dal/user.js":{"path":"/home/nathan/Documents/workspace/be/hisab/hisab_authorization_service/dal/user.js","s":{"1":1,"2":1,"3":3,"4":1,"5":1,"6":1,"7":15,"8":1,"9":1,"10":1,"11":1,"12":0,"13":1,"14":1,"15":1,"16":0,"17":1,"18":1,"19":1,"20":0,"21":1,"22":1,"23":1,"24":0,"25":0,"26":0,"27":0,"28":0,"29":0,"30":0,"31":0,"32":0,"33":0,"34":0,"35":1,"36":0,"37":0,"38":0,"39":0,"40":0,"41":0,"42":0,"43":0,"44":0,"45":0},"b":{"1":[0,0],"2":[0,0],"3":[0,0],"4":[0,0],"5":[0,0]},"f":{"1":3,"2":1,"3":15,"4":1,"5":1,"6":0,"7":1,"8":0,"9":1,"10":0,"11":1,"12":0,"13":0,"14":0,"15":0},"fnMap":{"1":{"name":"create","line":20,"loc":{"start":{"line":20,"column":34},"end":{"line":20,"column":92}}},"2":{"name":"getPublic","line":30,"loc":{"start":{"line":30,"column":34},"end":{"line":30,"column":92}}},"3":{"name":"getPrivate","line":40,"loc":{"start":{"line":40,"column":34},"end":{"line":40,"column":92}}},"4":{"name":"getCollectionsPaginated","line":51,"loc":{"start":{"line":51,"column":34},"end":{"line":51,"column":92}}},"5":{"name":"(anonymous_5)","line":52,"loc":{"start":{"line":52,"column":32},"end":{"line":52,"column":52}}},"6":{"name":"getAllCollection","line":63,"loc":{"start":{"line":63,"column":34},"end":{"line":63,"column":92}}},"7":{"name":"(anonymous_7)","line":73,"loc":{"start":{"line":73,"column":16},"end":{"line":73,"column":43}}},"8":{"name":"update","line":84,"loc":{"start":{"line":84,"column":34},"end":{"line":84,"column":92}}},"9":{"name":"updateMany","line":95,"loc":{"start":{"line":95,"column":34},"end":{"line":95,"column":92}}},"10":{"name":"remove","line":105,"loc":{"start":{"line":105,"column":34},"end":{"line":105,"column":92}}},"11":{"name":"removeMany","line":115,"loc":{"start":{"line":115,"column":34},"end":{"line":115,"column":92}}},"12":{"name":"(anonymous_12)","line":127,"loc":{"start":{"line":127,"column":34},"end":{"line":127,"column":84}}},"13":{"name":"(anonymous_13)","line":128,"loc":{"start":{"line":128,"column":24},"end":{"line":128,"column":45}}},"14":{"name":"(anonymous_14)","line":155,"loc":{"start":{"line":155,"column":36},"end":{"line":155,"column":86}}},"15":{"name":"(anonymous_15)","line":156,"loc":{"start":{"line":156,"column":24},"end":{"line":156,"column":45}}}},"statementMap":{"1":{"start":{"line":10,"column":0},"end":{"line":12,"column":56}},"2":{"start":{"line":20,"column":0},"end":{"line":22,"column":2}},"3":{"start":{"line":21,"column":4},"end":{"line":21,"column":32}},"4":{"start":{"line":30,"column":0},"end":{"line":32,"column":2}},"5":{"start":{"line":31,"column":4},"end":{"line":31,"column":45}},"6":{"start":{"line":40,"column":0},"end":{"line":42,"column":2}},"7":{"start":{"line":41,"column":4},"end":{"line":41,"column":35}},"8":{"start":{"line":51,"column":0},"end":{"line":55,"column":2}},"9":{"start":{"line":52,"column":4},"end":{"line":54,"column":7}},"10":{"start":{"line":53,"column":8},"end":{"line":53,"column":28}},"11":{"start":{"line":63,"column":0},"end":{"line":65,"column":2}},"12":{"start":{"line":64,"column":4},"end":{"line":64,"column":42}},"13":{"start":{"line":73,"column":0},"end":{"line":75,"column":2}},"14":{"start":{"line":74,"column":4},"end":{"line":74,"column":41}},"15":{"start":{"line":84,"column":0},"end":{"line":86,"column":2}},"16":{"start":{"line":85,"column":4},"end":{"line":85,"column":80}},"17":{"start":{"line":95,"column":0},"end":{"line":97,"column":2}},"18":{"start":{"line":96,"column":4},"end":{"line":96,"column":50}},"19":{"start":{"line":105,"column":0},"end":{"line":107,"column":2}},"20":{"start":{"line":106,"column":4},"end":{"line":106,"column":54}},"21":{"start":{"line":115,"column":0},"end":{"line":117,"column":2}},"22":{"start":{"line":116,"column":4},"end":{"line":116,"column":37}},"23":{"start":{"line":127,"column":0},"end":{"line":145,"column":2}},"24":{"start":{"line":128,"column":4},"end":{"line":144,"column":7}},"25":{"start":{"line":129,"column":8},"end":{"line":143,"column":9}},"26":{"start":{"line":130,"column":12},"end":{"line":130,"column":75}},"27":{"start":{"line":131,"column":12},"end":{"line":140,"column":13}},"28":{"start":{"line":132,"column":16},"end":{"line":134,"column":17}},"29":{"start":{"line":133,"column":20},"end":{"line":133,"column":50}},"30":{"start":{"line":135,"column":16},"end":{"line":135,"column":49}},"31":{"start":{"line":136,"column":16},"end":{"line":136,"column":28}},"32":{"start":{"line":137,"column":16},"end":{"line":137,"column":35}},"33":{"start":{"line":139,"column":16},"end":{"line":139,"column":96}},"34":{"start":{"line":142,"column":12},"end":{"line":142,"column":32}},"35":{"start":{"line":155,"column":0},"end":{"line":171,"column":2}},"36":{"start":{"line":156,"column":4},"end":{"line":170,"column":7}},"37":{"start":{"line":157,"column":8},"end":{"line":169,"column":9}},"38":{"start":{"line":158,"column":12},"end":{"line":158,"column":75}},"39":{"start":{"line":159,"column":12},"end":{"line":166,"column":13}},"40":{"start":{"line":160,"column":16},"end":{"line":160,"column":68}},"41":{"start":{"line":161,"column":16},"end":{"line":161,"column":49}},"42":{"start":{"line":162,"column":16},"end":{"line":162,"column":28}},"43":{"start":{"line":163,"column":16},"end":{"line":163,"column":35}},"44":{"start":{"line":165,"column":16},"end":{"line":165,"column":96}},"45":{"start":{"line":168,"column":12},"end":{"line":168,"column":32}}},"branchMap":{"1":{"line":129,"type":"if","locations":[{"start":{"line":129,"column":8},"end":{"line":129,"column":8}},{"start":{"line":129,"column":8},"end":{"line":129,"column":8}}]},"2":{"line":131,"type":"if","locations":[{"start":{"line":131,"column":12},"end":{"line":131,"column":12}},{"start":{"line":131,"column":12},"end":{"line":131,"column":12}}]},"3":{"line":132,"type":"if","locations":[{"start":{"line":132,"column":16},"end":{"line":132,"column":16}},{"start":{"line":132,"column":16},"end":{"line":132,"column":16}}]},"4":{"line":157,"type":"if","locations":[{"start":{"line":157,"column":8},"end":{"line":157,"column":8}},{"start":{"line":157,"column":8},"end":{"line":157,"column":8}}]},"5":{"line":159,"type":"if","locations":[{"start":{"line":159,"column":12},"end":{"line":159,"column":12}},{"start":{"line":159,"column":12},"end":{"line":159,"column":12}}]}}},"/home/nathan/Documents/workspace/be/hisab/hisab_authorization_service/model/user.js":{"path":"/home/nathan/Documents/workspace/be/hisab/hisab_authorization_service/model/user.js","s":{"1":1,"2":1,"3":1,"4":1,"5":1,"6":2,"7":2,"8":2,"9":2,"10":2,"11":2,"12":0,"13":0,"14":1,"15":1,"16":1,"17":1,"18":1,"19":0,"20":0,"21":1},"b":{"1":[2,0],"2":[1,0]},"f":{"1":2,"2":1},"fnMap":{"1":{"name":"preSave","line":43,"loc":{"start":{"line":43,"column":16},"end":{"line":43,"column":39}}},"2":{"name":"(anonymous_2)","line":62,"loc":{"start":{"line":62,"column":25},"end":{"line":62,"column":48}}}},"statementMap":{"1":{"start":{"line":10,"column":0},"end":{"line":16,"column":55}},"2":{"start":{"line":18,"column":0},"end":{"line":24,"column":3}},"3":{"start":{"line":30,"column":0},"end":{"line":30,"column":30}},"4":{"start":{"line":35,"column":0},"end":{"line":39,"column":3}},"5":{"start":{"line":43,"column":0},"end":{"line":55,"column":3}},"6":{"start":{"line":44,"column":4},"end":{"line":44,"column":27}},"7":{"start":{"line":45,"column":4},"end":{"line":45,"column":25}},"8":{"start":{"line":47,"column":4},"end":{"line":54,"column":5}},"9":{"start":{"line":48,"column":8},"end":{"line":48,"column":54}},"10":{"start":{"line":49,"column":8},"end":{"line":49,"column":54}},"11":{"start":{"line":50,"column":8},"end":{"line":50,"column":15}},"12":{"start":{"line":52,"column":8},"end":{"line":52,"column":54}},"13":{"start":{"line":53,"column":8},"end":{"line":53,"column":15}},"14":{"start":{"line":57,"column":0},"end":{"line":57,"column":46}},"15":{"start":{"line":62,"column":0},"end":{"line":70,"column":3}},"16":{"start":{"line":63,"column":4},"end":{"line":69,"column":5}},"17":{"start":{"line":64,"column":8},"end":{"line":64,"column":37}},"18":{"start":{"line":65,"column":8},"end":{"line":65,"column":35}},"19":{"start":{"line":67,"column":8},"end":{"line":67,"column":36}},"20":{"start":{"line":68,"column":8},"end":{"line":68,"column":28}},"21":{"start":{"line":72,"column":0},"end":{"line":72,"column":28}}},"branchMap":{"1":{"line":47,"type":"if","locations":[{"start":{"line":47,"column":4},"end":{"line":47,"column":4}},{"start":{"line":47,"column":4},"end":{"line":47,"column":4}}]},"2":{"line":63,"type":"if","locations":[{"start":{"line":63,"column":4},"end":{"line":63,"column":4}},{"start":{"line":63,"column":4},"end":{"line":63,"column":4}}]}}},"/home/nathan/Documents/workspace/be/hisab/hisab_authorization_service/dal/role.js":{"path":"/home/nathan/Documents/workspace/be/hisab/hisab_authorization_service/dal/role.js","s":{"1":1,"2":1,"3":6,"4":1,"5":1,"6":1,"7":5,"8":1,"9":1,"10":1,"11":1,"12":19,"13":1,"14":1,"15":1,"16":0,"17":1,"18":3,"19":1,"20":0,"21":1,"22":3,"23":1,"24":3,"25":3,"26":3,"27":3,"28":2,"29":2,"30":2,"31":2,"32":2,"33":1,"34":0,"35":1,"36":3,"37":3,"38":3,"39":3,"40":2,"41":2,"42":2,"43":2,"44":1,"45":0},"b":{"1":[3,0],"2":[2,1],"3":[2,0],"4":[3,0],"5":[2,1]},"f":{"1":6,"2":1,"3":5,"4":1,"5":1,"6":19,"7":1,"8":0,"9":3,"10":0,"11":3,"12":3,"13":3,"14":3,"15":3},"fnMap":{"1":{"name":"create","line":21,"loc":{"start":{"line":21,"column":34},"end":{"line":21,"column":92}}},"2":{"name":"getPublic","line":31,"loc":{"start":{"line":31,"column":34},"end":{"line":31,"column":92}}},"3":{"name":"getPrivate","line":41,"loc":{"start":{"line":41,"column":34},"end":{"line":41,"column":92}}},"4":{"name":"getCollectionsPaginated","line":52,"loc":{"start":{"line":52,"column":34},"end":{"line":52,"column":92}}},"5":{"name":"(anonymous_5)","line":53,"loc":{"start":{"line":53,"column":32},"end":{"line":53,"column":52}}},"6":{"name":"getAllCollection","line":64,"loc":{"start":{"line":64,"column":34},"end":{"line":64,"column":92}}},"7":{"name":"(anonymous_7)","line":74,"loc":{"start":{"line":74,"column":16},"end":{"line":74,"column":43}}},"8":{"name":"update","line":85,"loc":{"start":{"line":85,"column":34},"end":{"line":85,"column":92}}},"9":{"name":"updateMany","line":96,"loc":{"start":{"line":96,"column":34},"end":{"line":96,"column":92}}},"10":{"name":"remove","line":106,"loc":{"start":{"line":106,"column":34},"end":{"line":106,"column":92}}},"11":{"name":"removeMany","line":116,"loc":{"start":{"line":116,"column":34},"end":{"line":116,"column":92}}},"12":{"name":"(anonymous_12)","line":128,"loc":{"start":{"line":128,"column":34},"end":{"line":128,"column":84}}},"13":{"name":"(anonymous_13)","line":129,"loc":{"start":{"line":129,"column":24},"end":{"line":129,"column":45}}},"14":{"name":"(anonymous_14)","line":156,"loc":{"start":{"line":156,"column":36},"end":{"line":156,"column":86}}},"15":{"name":"(anonymous_15)","line":157,"loc":{"start":{"line":157,"column":24},"end":{"line":157,"column":45}}}},"statementMap":{"1":{"start":{"line":10,"column":0},"end":{"line":12,"column":56}},"2":{"start":{"line":21,"column":0},"end":{"line":23,"column":2}},"3":{"start":{"line":22,"column":4},"end":{"line":22,"column":32}},"4":{"start":{"line":31,"column":0},"end":{"line":33,"column":2}},"5":{"start":{"line":32,"column":4},"end":{"line":32,"column":45}},"6":{"start":{"line":41,"column":0},"end":{"line":43,"column":2}},"7":{"start":{"line":42,"column":4},"end":{"line":42,"column":35}},"8":{"start":{"line":52,"column":0},"end":{"line":56,"column":2}},"9":{"start":{"line":53,"column":4},"end":{"line":55,"column":7}},"10":{"start":{"line":54,"column":8},"end":{"line":54,"column":28}},"11":{"start":{"line":64,"column":0},"end":{"line":66,"column":2}},"12":{"start":{"line":65,"column":4},"end":{"line":65,"column":42}},"13":{"start":{"line":74,"column":0},"end":{"line":76,"column":2}},"14":{"start":{"line":75,"column":4},"end":{"line":75,"column":41}},"15":{"start":{"line":85,"column":0},"end":{"line":87,"column":2}},"16":{"start":{"line":86,"column":4},"end":{"line":86,"column":80}},"17":{"start":{"line":96,"column":0},"end":{"line":98,"column":2}},"18":{"start":{"line":97,"column":4},"end":{"line":97,"column":50}},"19":{"start":{"line":106,"column":0},"end":{"line":108,"column":2}},"20":{"start":{"line":107,"column":4},"end":{"line":107,"column":54}},"21":{"start":{"line":116,"column":0},"end":{"line":118,"column":2}},"22":{"start":{"line":117,"column":4},"end":{"line":117,"column":37}},"23":{"start":{"line":128,"column":0},"end":{"line":146,"column":2}},"24":{"start":{"line":129,"column":4},"end":{"line":145,"column":7}},"25":{"start":{"line":130,"column":8},"end":{"line":144,"column":9}},"26":{"start":{"line":131,"column":12},"end":{"line":131,"column":75}},"27":{"start":{"line":132,"column":12},"end":{"line":141,"column":13}},"28":{"start":{"line":133,"column":16},"end":{"line":135,"column":17}},"29":{"start":{"line":134,"column":20},"end":{"line":134,"column":50}},"30":{"start":{"line":136,"column":16},"end":{"line":136,"column":49}},"31":{"start":{"line":137,"column":16},"end":{"line":137,"column":28}},"32":{"start":{"line":138,"column":16},"end":{"line":138,"column":35}},"33":{"start":{"line":140,"column":16},"end":{"line":140,"column":96}},"34":{"start":{"line":143,"column":12},"end":{"line":143,"column":32}},"35":{"start":{"line":156,"column":0},"end":{"line":172,"column":2}},"36":{"start":{"line":157,"column":4},"end":{"line":171,"column":7}},"37":{"start":{"line":158,"column":8},"end":{"line":170,"column":9}},"38":{"start":{"line":159,"column":12},"end":{"line":159,"column":75}},"39":{"start":{"line":160,"column":12},"end":{"line":167,"column":13}},"40":{"start":{"line":161,"column":16},"end":{"line":161,"column":68}},"41":{"start":{"line":162,"column":16},"end":{"line":162,"column":49}},"42":{"start":{"line":163,"column":16},"end":{"line":163,"column":28}},"43":{"start":{"line":164,"column":16},"end":{"line":164,"column":35}},"44":{"start":{"line":166,"column":16},"end":{"line":166,"column":96}},"45":{"start":{"line":169,"column":12},"end":{"line":169,"column":32}}},"branchMap":{"1":{"line":130,"type":"if","locations":[{"start":{"line":130,"column":8},"end":{"line":130,"column":8}},{"start":{"line":130,"column":8},"end":{"line":130,"column":8}}]},"2":{"line":132,"type":"if","locations":[{"start":{"line":132,"column":12},"end":{"line":132,"column":12}},{"start":{"line":132,"column":12},"end":{"line":132,"column":12}}]},"3":{"line":133,"type":"if","locations":[{"start":{"line":133,"column":16},"end":{"line":133,"column":16}},{"start":{"line":133,"column":16},"end":{"line":133,"column":16}}]},"4":{"line":158,"type":"if","locations":[{"start":{"line":158,"column":8},"end":{"line":158,"column":8}},{"start":{"line":158,"column":8},"end":{"line":158,"column":8}}]},"5":{"line":160,"type":"if","locations":[{"start":{"line":160,"column":12},"end":{"line":160,"column":12}},{"start":{"line":160,"column":12},"end":{"line":160,"column":12}}]}}},"/home/nathan/Documents/workspace/be/hisab/hisab_authorization_service/model/role.js":{"path":"/home/nathan/Documents/workspace/be/hisab/hisab_authorization_service/model/role.js","s":{"1":1,"2":1,"3":1,"4":1,"5":1,"6":6,"7":6,"8":6,"9":4,"10":4,"11":4,"12":2,"13":2,"14":1,"15":1,"16":1,"17":1,"18":1,"19":0,"20":0,"21":1},"b":{"1":[4,2],"2":[1,0]},"f":{"1":6,"2":1},"fnMap":{"1":{"name":"preSave","line":51,"loc":{"start":{"line":51,"column":16},"end":{"line":51,"column":39}}},"2":{"name":"(anonymous_2)","line":70,"loc":{"start":{"line":70,"column":25},"end":{"line":70,"column":48}}}},"statementMap":{"1":{"start":{"line":10,"column":0},"end":{"line":17,"column":55}},"2":{"start":{"line":20,"column":0},"end":{"line":32,"column":3}},"3":{"start":{"line":38,"column":0},"end":{"line":38,"column":30}},"4":{"start":{"line":43,"column":0},"end":{"line":47,"column":3}},"5":{"start":{"line":51,"column":0},"end":{"line":63,"column":3}},"6":{"start":{"line":52,"column":4},"end":{"line":52,"column":27}},"7":{"start":{"line":53,"column":4},"end":{"line":53,"column":25}},"8":{"start":{"line":55,"column":4},"end":{"line":62,"column":5}},"9":{"start":{"line":56,"column":8},"end":{"line":56,"column":54}},"10":{"start":{"line":57,"column":8},"end":{"line":57,"column":54}},"11":{"start":{"line":58,"column":8},"end":{"line":58,"column":15}},"12":{"start":{"line":60,"column":8},"end":{"line":60,"column":54}},"13":{"start":{"line":61,"column":8},"end":{"line":61,"column":15}},"14":{"start":{"line":65,"column":0},"end":{"line":65,"column":46}},"15":{"start":{"line":70,"column":0},"end":{"line":78,"column":3}},"16":{"start":{"line":71,"column":4},"end":{"line":77,"column":5}},"17":{"start":{"line":72,"column":8},"end":{"line":72,"column":37}},"18":{"start":{"line":73,"column":8},"end":{"line":73,"column":35}},"19":{"start":{"line":75,"column":8},"end":{"line":75,"column":36}},"20":{"start":{"line":76,"column":8},"end":{"line":76,"column":28}},"21":{"start":{"line":80,"column":0},"end":{"line":80,"column":28}}},"branchMap":{"1":{"line":55,"type":"if","locations":[{"start":{"line":55,"column":4},"end":{"line":55,"column":4}},{"start":{"line":55,"column":4},"end":{"line":55,"column":4}}]},"2":{"line":71,"type":"if","locations":[{"start":{"line":71,"column":4},"end":{"line":71,"column":4}},{"start":{"line":71,"column":4},"end":{"line":71,"column":4}}]}}},"/home/nathan/Documents/workspace/be/hisab/hisab_authorization_service/dal/acm.js":{"path":"/home/nathan/Documents/workspace/be/hisab/hisab_authorization_service/dal/acm.js","s":{"1":1,"2":1,"3":2,"4":1,"5":1,"6":1,"7":7,"8":1,"9":1,"10":1,"11":1,"12":6,"13":1,"14":1,"15":1,"16":0,"17":1,"18":3,"19":1,"20":0,"21":1,"22":3,"23":1,"24":10,"25":10,"26":10,"27":10,"28":9,"29":9,"30":9,"31":9,"32":9,"33":9,"34":0,"35":1,"36":0,"37":1,"38":4,"39":4,"40":4,"41":4,"42":3,"43":3,"44":3,"45":3,"46":1,"47":0},"b":{"1":[10,0],"2":[9,1],"3":[9,0],"4":[4,0],"5":[3,1]},"f":{"1":2,"2":1,"3":7,"4":1,"5":1,"6":6,"7":1,"8":0,"9":3,"10":0,"11":3,"12":10,"13":10,"14":4,"15":4},"fnMap":{"1":{"name":"create","line":21,"loc":{"start":{"line":21,"column":34},"end":{"line":21,"column":92}}},"2":{"name":"getPublic","line":31,"loc":{"start":{"line":31,"column":34},"end":{"line":31,"column":92}}},"3":{"name":"getPrivate","line":41,"loc":{"start":{"line":41,"column":34},"end":{"line":41,"column":92}}},"4":{"name":"getCollectionsPaginated","line":52,"loc":{"start":{"line":52,"column":34},"end":{"line":52,"column":92}}},"5":{"name":"(anonymous_5)","line":53,"loc":{"start":{"line":53,"column":32},"end":{"line":53,"column":52}}},"6":{"name":"getAllCollection","line":64,"loc":{"start":{"line":64,"column":34},"end":{"line":64,"column":92}}},"7":{"name":"(anonymous_7)","line":74,"loc":{"start":{"line":74,"column":16},"end":{"line":74,"column":43}}},"8":{"name":"update","line":85,"loc":{"start":{"line":85,"column":34},"end":{"line":85,"column":92}}},"9":{"name":"updateMany","line":96,"loc":{"start":{"line":96,"column":34},"end":{"line":96,"column":92}}},"10":{"name":"remove","line":106,"loc":{"start":{"line":106,"column":34},"end":{"line":106,"column":92}}},"11":{"name":"removeMany","line":116,"loc":{"start":{"line":116,"column":34},"end":{"line":116,"column":92}}},"12":{"name":"(anonymous_12)","line":128,"loc":{"start":{"line":128,"column":34},"end":{"line":128,"column":84}}},"13":{"name":"(anonymous_13)","line":129,"loc":{"start":{"line":129,"column":24},"end":{"line":129,"column":45}}},"14":{"name":"(anonymous_14)","line":159,"loc":{"start":{"line":159,"column":36},"end":{"line":159,"column":86}}},"15":{"name":"(anonymous_15)","line":160,"loc":{"start":{"line":160,"column":24},"end":{"line":160,"column":45}}}},"statementMap":{"1":{"start":{"line":10,"column":0},"end":{"line":13,"column":56}},"2":{"start":{"line":21,"column":0},"end":{"line":23,"column":2}},"3":{"start":{"line":22,"column":4},"end":{"line":22,"column":32}},"4":{"start":{"line":31,"column":0},"end":{"line":33,"column":2}},"5":{"start":{"line":32,"column":4},"end":{"line":32,"column":45}},"6":{"start":{"line":41,"column":0},"end":{"line":43,"column":2}},"7":{"start":{"line":42,"column":4},"end":{"line":42,"column":35}},"8":{"start":{"line":52,"column":0},"end":{"line":56,"column":2}},"9":{"start":{"line":53,"column":4},"end":{"line":55,"column":7}},"10":{"start":{"line":54,"column":8},"end":{"line":54,"column":28}},"11":{"start":{"line":64,"column":0},"end":{"line":66,"column":2}},"12":{"start":{"line":65,"column":4},"end":{"line":65,"column":42}},"13":{"start":{"line":74,"column":0},"end":{"line":76,"column":2}},"14":{"start":{"line":75,"column":4},"end":{"line":75,"column":41}},"15":{"start":{"line":85,"column":0},"end":{"line":87,"column":2}},"16":{"start":{"line":86,"column":4},"end":{"line":86,"column":80}},"17":{"start":{"line":96,"column":0},"end":{"line":98,"column":2}},"18":{"start":{"line":97,"column":4},"end":{"line":97,"column":50}},"19":{"start":{"line":106,"column":0},"end":{"line":108,"column":2}},"20":{"start":{"line":107,"column":4},"end":{"line":107,"column":54}},"21":{"start":{"line":116,"column":0},"end":{"line":118,"column":2}},"22":{"start":{"line":117,"column":4},"end":{"line":117,"column":37}},"23":{"start":{"line":128,"column":0},"end":{"line":149,"column":2}},"24":{"start":{"line":129,"column":4},"end":{"line":148,"column":7}},"25":{"start":{"line":130,"column":8},"end":{"line":147,"column":9}},"26":{"start":{"line":131,"column":12},"end":{"line":131,"column":75}},"27":{"start":{"line":132,"column":12},"end":{"line":144,"column":13}},"28":{"start":{"line":133,"column":16},"end":{"line":141,"column":17}},"29":{"start":{"line":134,"column":20},"end":{"line":134,"column":79}},"30":{"start":{"line":135,"column":20},"end":{"line":135,"column":58}},"31":{"start":{"line":136,"column":20},"end":{"line":136,"column":53}},"32":{"start":{"line":137,"column":20},"end":{"line":137,"column":32}},"33":{"start":{"line":138,"column":20},"end":{"line":138,"column":39}},"34":{"start":{"line":140,"column":20},"end":{"line":140,"column":78}},"35":{"start":{"line":143,"column":16},"end":{"line":143,"column":96}},"36":{"start":{"line":146,"column":12},"end":{"line":146,"column":32}},"37":{"start":{"line":159,"column":0},"end":{"line":175,"column":2}},"38":{"start":{"line":160,"column":4},"end":{"line":174,"column":7}},"39":{"start":{"line":161,"column":8},"end":{"line":173,"column":9}},"40":{"start":{"line":162,"column":12},"end":{"line":162,"column":75}},"41":{"start":{"line":163,"column":12},"end":{"line":170,"column":13}},"42":{"start":{"line":164,"column":16},"end":{"line":164,"column":68}},"43":{"start":{"line":165,"column":16},"end":{"line":165,"column":49}},"44":{"start":{"line":166,"column":16},"end":{"line":166,"column":28}},"45":{"start":{"line":167,"column":16},"end":{"line":167,"column":35}},"46":{"start":{"line":169,"column":16},"end":{"line":169,"column":96}},"47":{"start":{"line":172,"column":12},"end":{"line":172,"column":32}}},"branchMap":{"1":{"line":130,"type":"if","locations":[{"start":{"line":130,"column":8},"end":{"line":130,"column":8}},{"start":{"line":130,"column":8},"end":{"line":130,"column":8}}]},"2":{"line":132,"type":"if","locations":[{"start":{"line":132,"column":12},"end":{"line":132,"column":12}},{"start":{"line":132,"column":12},"end":{"line":132,"column":12}}]},"3":{"line":133,"type":"if","locations":[{"start":{"line":133,"column":16},"end":{"line":133,"column":16}},{"start":{"line":133,"column":16},"end":{"line":133,"column":16}}]},"4":{"line":161,"type":"if","locations":[{"start":{"line":161,"column":8},"end":{"line":161,"column":8}},{"start":{"line":161,"column":8},"end":{"line":161,"column":8}}]},"5":{"line":163,"type":"if","locations":[{"start":{"line":163,"column":12},"end":{"line":163,"column":12}},{"start":{"line":163,"column":12},"end":{"line":163,"column":12}}]}}},"/home/nathan/Documents/workspace/be/hisab/hisab_authorization_service/model/acm.js":{"path":"/home/nathan/Documents/workspace/be/hisab/hisab_authorization_service/model/acm.js","s":{"1":1,"2":1,"3":1,"4":1,"5":1,"6":14,"7":14,"8":14,"9":2,"10":2,"11":2,"12":12,"13":12,"14":1,"15":1,"16":1,"17":1,"18":1,"19":0,"20":0,"21":1},"b":{"1":[2,12],"2":[1,0]},"f":{"1":14,"2":1},"fnMap":{"1":{"name":"preSave","line":48,"loc":{"start":{"line":48,"column":15},"end":{"line":48,"column":38}}},"2":{"name":"(anonymous_2)","line":67,"loc":{"start":{"line":67,"column":24},"end":{"line":67,"column":47}}}},"statementMap":{"1":{"start":{"line":10,"column":0},"end":{"line":16,"column":59}},"2":{"start":{"line":18,"column":0},"end":{"line":29,"column":3}},"3":{"start":{"line":35,"column":0},"end":{"line":35,"column":29}},"4":{"start":{"line":40,"column":0},"end":{"line":44,"column":3}},"5":{"start":{"line":48,"column":0},"end":{"line":60,"column":3}},"6":{"start":{"line":49,"column":4},"end":{"line":49,"column":26}},"7":{"start":{"line":50,"column":4},"end":{"line":50,"column":25}},"8":{"start":{"line":52,"column":4},"end":{"line":59,"column":5}},"9":{"start":{"line":53,"column":8},"end":{"line":53,"column":53}},"10":{"start":{"line":54,"column":8},"end":{"line":54,"column":53}},"11":{"start":{"line":55,"column":8},"end":{"line":55,"column":15}},"12":{"start":{"line":57,"column":8},"end":{"line":57,"column":53}},"13":{"start":{"line":58,"column":8},"end":{"line":58,"column":15}},"14":{"start":{"line":62,"column":0},"end":{"line":62,"column":43}},"15":{"start":{"line":67,"column":0},"end":{"line":75,"column":3}},"16":{"start":{"line":68,"column":4},"end":{"line":74,"column":5}},"17":{"start":{"line":69,"column":8},"end":{"line":69,"column":37}},"18":{"start":{"line":70,"column":8},"end":{"line":70,"column":35}},"19":{"start":{"line":72,"column":8},"end":{"line":72,"column":36}},"20":{"start":{"line":73,"column":8},"end":{"line":73,"column":28}},"21":{"start":{"line":77,"column":0},"end":{"line":77,"column":27}}},"branchMap":{"1":{"line":52,"type":"if","locations":[{"start":{"line":52,"column":4},"end":{"line":52,"column":4}},{"start":{"line":52,"column":4},"end":{"line":52,"column":4}}]},"2":{"line":68,"type":"if","locations":[{"start":{"line":68,"column":4},"end":{"line":68,"column":4}},{"start":{"line":68,"column":4},"end":{"line":68,"column":4}}]}}},"/home/nathan/Documents/workspace/be/hisab/hisab_authorization_service/route/service.js":{"path":"/home/nathan/Documents/workspace/be/hisab/hisab_authorization_service/route/service.js","s":{"1":1,"2":1,"3":1,"4":1,"5":1,"6":1,"7":1},"b":{},"f":{},"fnMap":{},"statementMap":{"1":{"start":{"line":10,"column":0},"end":{"line":13,"column":51}},"2":{"start":{"line":114,"column":0},"end":{"line":114,"column":41}},"3":{"start":{"line":151,"column":0},"end":{"line":151,"column":40}},"4":{"start":{"line":287,"column":0},"end":{"line":287,"column":39}},"5":{"start":{"line":341,"column":0},"end":{"line":341,"column":41}},"6":{"start":{"line":381,"column":0},"end":{"line":381,"column":41}},"7":{"start":{"line":383,"column":0},"end":{"line":383,"column":24}}},"branchMap":{}},"/home/nathan/Documents/workspace/be/hisab/hisab_authorization_service/controller/service.js":{"path":"/home/nathan/Documents/workspace/be/hisab/hisab_authorization_service/controller/service.js","s":{"1":1,"2":1,"3":4,"4":4,"5":4,"6":2,"7":1,"8":4,"9":4,"10":1,"11":4,"12":4,"13":4,"14":2,"15":2,"16":2,"17":2,"18":0,"19":0,"20":0,"21":0,"22":1,"23":4,"24":4,"25":3,"26":2,"27":1,"28":1,"29":1,"30":1,"31":1,"32":1,"33":1,"34":1,"35":1,"36":0,"37":0,"38":0,"39":0,"40":0,"41":0,"42":1,"43":10,"44":10,"45":10,"46":10,"47":1,"48":1,"49":10,"50":10,"51":10,"52":7,"53":3,"54":1,"55":1,"56":1,"57":1,"58":2,"59":2,"60":1,"61":9,"62":9,"63":7,"64":6,"65":3,"66":3,"67":2,"68":2,"69":1,"70":1,"71":1,"72":1,"73":3,"74":3,"75":3,"76":2,"77":2,"78":1,"79":1,"80":1,"81":1,"82":1,"83":1,"84":1,"85":1,"86":2,"87":1,"88":1,"89":1,"90":1,"91":1,"92":1,"93":1,"94":1,"95":1,"96":1,"97":3,"98":3,"99":3,"100":1,"101":1,"102":1,"103":1,"104":2,"105":2,"106":2,"107":2,"108":1,"109":1,"110":1,"111":1,"112":0,"113":0,"114":0,"115":0,"116":1,"117":1,"118":1,"119":1,"120":1,"121":1,"122":1,"123":1,"124":0,"125":0,"126":1,"127":1,"128":1,"129":1,"130":2,"131":2,"132":2,"133":2,"134":1,"135":0,"136":0,"137":1,"138":1,"139":1},"b":{"1":[2,0],"2":[3,1],"3":[2,1],"4":[1,0],"5":[1,0],"6":[1,0],"7":[1,0],"8":[1,0],"9":[0,0],"10":[7,3],"11":[10,7],"12":[1,2],"13":[2,0],"14":[7,2],"15":[9,7],"16":[6,1],"17":[3,3],"18":[2,1],"19":[1,0],"20":[1,0],"21":[3,0],"22":[2,1],"23":[1,0],"24":[1,0],"25":[1,1],"26":[1,2],"27":[0,1],"28":[0,1],"29":[1,0],"30":[0,1],"31":[1,0]},"f":{"1":4,"2":2,"3":4,"4":4,"5":4,"6":2,"7":4,"8":1,"9":1,"10":10,"11":1,"12":10,"13":10,"14":9,"15":3,"16":3,"17":1,"18":1,"19":3,"20":2,"21":2,"22":1,"23":1,"24":1,"25":1,"26":1,"27":2,"28":2,"29":1},"fnMap":{"1":{"name":"(anonymous_1)","line":29,"loc":{"start":{"line":29,"column":26},"end":{"line":29,"column":52}}},"2":{"name":"(anonymous_2)","line":36,"loc":{"start":{"
[...]
84,"column":12}}]},"31":{"line":287,"type":"if","locations":[{"start":{"line":287,"column":18},"end":{"line":287,"column":18}},{"start":{"line":287,"column":18},"end":{"line":287,"column":18}}]},"32":{"line":311,"type":"if","locations":[{"start":{"line":311,"column":12},"end":{"line":311,"column":12}},{"start":{"line":311,"column":12},"end":{"line":311,"column":12}}]},"33":{"line":314,"type":"if","locations":[{"start":{"line":314,"column":18},"end":{"line":314,"column":18}},{"start":{"line":314,"column":18},"end":{"line":314,"column":18}}]},"34":{"line":328,"type":"if","locations":[{"start":{"line":328,"column":12},"end":{"line":328,"column":12}},{"start":{"line":328,"column":12},"end":{"line":328,"column":12}}]},"35":{"line":332,"type":"if","locations":[{"start":{"line":332,"column":12},"end":{"line":332,"column":12}},{"start":{"line":332,"column":12},"end":{"line":332,"column":12}}]}}},"/home/nathan/Documents/workspace/be/hisab/hisab_authorization_service/route/log.js":{"path":"/home/nathan/Documents/workspace/be/hisab/hisab_authorization_service/route/log.js","s":{"1":1,"2":1,"3":1,"4":1,"5":1},"b":{},"f":{},"fnMap":{},"statementMap":{"1":{"start":{"line":9,"column":0},"end":{"line":12,"column":47}},"2":{"start":{"line":55,"column":0},"end":{"line":55,"column":41}},"3":{"start":{"line":224,"column":0},"end":{"line":224,"column":35}},"4":{"start":{"line":253,"column":0},"end":{"line":253,"column":40}},"5":{"start":{"line":255,"column":0},"end":{"line":255,"column":24}}},"branchMap":{}},"/home/nathan/Documents/workspace/be/hisab/hisab_authorization_service/controller/log.js":{"path":"/home/nathan/Documents/workspace/be/hisab/hisab_authorization_service/controller/log.js","s":{"1":1,"2":1,"3":1,"4":1,"5":1,"6":1,"7":1,"8":1,"9":1,"10":1,"11":0,"12":0,"13":1,"14":1,"15":1,"16":1,"17":1,"18":1,"19":1,"20":1,"21":1},"b":{"1":[1,1],"2":[1,1],"3":[1,1],"4":[1,1],"5":[1,1],"6":[1,1],"7":[1,1],"8":[0,1]},"f":{"1":1,"2":1,"3":1,"4":1,"5":1,"6":1},"fnMap":{"1":{"name":"(anonymous_1)","line":22,"loc":{"start":{"line":22,"column":26},"end":{"line":22,"column":52}}},"2":{"name":"(anonymous_2)","line":38,"loc":{"start":{"line":38,"column":14},"end":{"line":38,"column":40}}},"3":{"name":"(anonymous_3)","line":50,"loc":{"start":{"line":50,"column":26},"end":{"line":50,"column":50}}},"4":{"name":"(anonymous_4)","line":69,"loc":{"start":{"line":69,"column":16},"end":{"line":69,"column":42}}},"5":{"name":"(anonymous_5)","line":73,"loc":{"start":{"line":73,"column":33},"end":{"line":73,"column":43}}},"6":{"name":"(anonymous_6)","line":74,"loc":{"start":{"line":74,"column":33},"end":{"line":74,"column":43}}}},"statementMap":{"1":{"start":{"line":10,"column":0},"end":{"line":12,"column":27}},"2":{"start":{"line":22,"column":0},"end":{"line":29,"column":2}},"3":{"start":{"line":23,"column":4},"end":{"line":23,"column":20}},"4":{"start":{"line":24,"column":4},"end":{"line":28,"column":7}},"5":{"start":{"line":38,"column":0},"end":{"line":60,"column":2}},"6":{"start":{"line":39,"column":4},"end":{"line":39,"column":44}},"7":{"start":{"line":40,"column":4},"end":{"line":40,"column":39}},"8":{"start":{"line":42,"column":4},"end":{"line":48,"column":6}},"9":{"start":{"line":50,"column":4},"end":{"line":58,"column":7}},"10":{"start":{"line":51,"column":8},"end":{"line":57,"column":9}},"11":{"start":{"line":52,"column":12},"end":{"line":52,"column":28}},"12":{"start":{"line":53,"column":12},"end":{"line":53,"column":26}},"13":{"start":{"line":55,"column":12},"end":{"line":55,"column":28}},"14":{"start":{"line":56,"column":12},"end":{"line":56,"column":30}},"15":{"start":{"line":69,"column":0},"end":{"line":79,"column":2}},"16":{"start":{"line":70,"column":4},"end":{"line":70,"column":75}},"17":{"start":{"line":71,"column":4},"end":{"line":71,"column":75}},"18":{"start":{"line":73,"column":4},"end":{"line":73,"column":47}},"19":{"start":{"line":74,"column":4},"end":{"line":74,"column":47}},"20":{"start":{"line":76,"column":4},"end":{"line":76,"column":20}},"21":{"start":{"line":77,"column":4},"end":{"line":77,"column":40}}},"branchMap":{"1":{"line":39,"type":"binary-expr","locations":[{"start":{"line":39,"column":15},"end":{"line":39,"column":37}},{"start":{"line":39,"column":41},"end":{"line":39,"column":43}}]},"2":{"line":40,"type":"binary-expr","locations":[{"start":{"line":40,"column":13},"end":{"line":40,"column":33}},{"start":{"line":40,"column":37},"end":{"line":40,"column":38}}]},"3":{"line":43,"type":"binary-expr","locations":[{"start":{"line":43,"column":14},"end":{"line":43,"column":28}},{"start":{"line":43,"column":32},"end":{"line":43,"column":73}}]},"4":{"line":44,"type":"binary-expr","locations":[{"start":{"line":44,"column":15},"end":{"line":44,"column":30}},{"start":{"line":44,"column":34},"end":{"line":44,"column":73}}]},"5":{"line":45,"type":"binary-expr","locations":[{"start":{"line":45,"column":15},"end":{"line":45,"column":30}},{"start":{"line":45,"column":34},"end":{"line":45,"column":36}}]},"6":{"line":46,"type":"binary-expr","locations":[{"start":{"line":46,"column":15},"end":{"line":46,"column":30}},{"start":{"line":46,"column":34},"end":{"line":46,"column":35}}]},"7":{"line":47,"type":"binary-expr","locations":[{"start":{"line":47,"column":15},"end":{"line":47,"column":30}},{"start":{"line":47,"column":34},"end":{"line":47,"column":40}}]},"8":{"line":51,"type":"if","locations":[{"start":{"line":51,"column":8},"end":{"line":51,"column":8}},{"start":{"line":51,"column":8},"end":{"line":51,"column":8}}]}}},"/home/nathan/Documents/workspace/be/hisab/hisab_authorization_service/lib/middleware/authorize.js":{"path":"/home/nathan/Documents/workspace/be/hisab/hisab_authorization_service/lib/middleware/authorize.js","s":{"1":1,"2":1,"3":0,"4":1,"5":0,"6":0,"7":1,"8":0,"9":0,"10":0,"11":0,"12":0,"13":0,"14":0,"15":0,"16":0,"17":0,"18":0,"19":0,"20":0,"21":0,"22":0,"23":1,"24":0,"25":0,"26":0,"27":0,"28":0,"29":0,"30":0,"31":0,"32":0,"33":0,"34":0,"35":0,"36":0,"37":0,"38":0,"39":0,"40":0,"41":0,"42":0,"43":0,"44":0,"45":1,"46":0,"47":0,"48":0,"49":0,"50":0,"51":0,"52":0,"53":0,"54":0,"55":0,"56":0,"57":1,"58":0,"59":1},"b":{"1":[0,0],"2":[0,0],"3":[0,0],"4":[0,0],"5":[0,0],"6":[0,0],"7":[0,0],"8":[0,0],"9":[0,0],"10":[0,0],"11":[0,0],"12":[0,0]},"f":{"1":0,"2":0,"3":0,"4":0,"5":0,"6":0,"7":0,"8":0},"fnMap":{"1":{"name":"authorize","line":27,"loc":{"start":{"line":27,"column":0},"end":{"line":27,"column":33}}},"2":{"name":"isOpenRoute","line":41,"loc":{"start":{"line":41,"column":4},"end":{"line":41,"column":35}}},"3":{"name":"retrieveToken","line":54,"loc":{"start":{"line":54,"column":4},"end":{"line":54,"column":37}}},"4":{"name":"getRole","line":89,"loc":{"start":{"line":89,"column":4},"end":{"line":89,"column":38}}},"5":{"name":"(anonymous_5)","line":90,"loc":{"start":{"line":90,"column":41},"end":{"line":90,"column":65}}},"6":{"name":"(anonymous_6)","line":99,"loc":{"start":{"line":99,"column":43},"end":{"line":99,"column":64}}},"7":{"name":"checkRouteAccess","line":124,"loc":{"start":{"line":124,"column":4},"end":{"line":124,"column":46}}},"8":{"name":"normalizeEndPoint","line":151,"loc":{"start":{"line":151,"column":4},"end":{"line":151,"column":41}}}},"statementMap":{"1":{"start":{"line":10,"column":0},"end":{"line":18,"column":39}},"2":{"start":{"line":27,"column":0},"end":{"line":156,"column":1}},"3":{"start":{"line":29,"column":4},"end":{"line":34,"column":7}},"4":{"start":{"line":41,"column":4},"end":{"line":47,"column":5}},"5":{"start":{"line":42,"column":8},"end":{"line":45,"column":10}},"6":{"start":{"line":46,"column":8},"end":{"line":46,"column":99}},"7":{"start":{"line":54,"column":4},"end":{"line":81,"column":5}},"8":{"start":{"line":55,"column":8},"end":{"line":79,"column":9}},"9":{"start":{"line":56,"column":12},"end":{"line":56,"column":71}},"10":{"start":{"line":57,"column":12},"end":{"line":57,"column":70}},"11":{"start":{"line":58,"column":12},"end":{"line":58,"column":28}},"12":{"start":{"line":59,"column":12},"end":{"line":59,"column":29}},"13":{"start":{"line":61,"column":12},"end":{"line":63,"column":76}},"14":{"start":{"line":66,"column":12},"end":{"line":70,"column":13}},"15":{"start":{"line":67,"column":16},"end":{"line":67,"column":62}},"16":{"start":{"line":68,"column":16},"end":{"line":68,"column":32}},"17":{"start":{"line":69,"column":16},"end":{"line":69,"column":33}},"18":{"start":{"line":73,"column":12},"end":{"line":77,"column":13}},"19":{"start":{"line":74,"column":16},"end":{"line":74,"column":144}},"20":{"start":{"line":75,"column":16},"end":{"line":75,"column":32}},"21":{"start":{"line":76,"column":16},"end":{"line":76,"column":33}},"22":{"start":{"line":78,"column":12},"end":{"line":78,"column":37}},"23":{"start":{"line":89,"column":4},"end":{"line":116,"column":5}},"24":{"start":{"line":90,"column":8},"end":{"line":115,"column":11}},"25":{"start":{"line":91,"column":12},"end":{"line":114,"column":13}},"26":{"start":{"line":92,"column":16},"end":{"line":92,"column":61}},"27":{"start":{"line":93,"column":16},"end":{"line":93,"column":41}},"28":{"start":{"line":94,"column":16},"end":{"line":94,"column":50}},"29":{"start":{"line":95,"column":16},"end":{"line":95,"column":32}},"30":{"start":{"line":96,"column":16},"end":{"line":96,"column":33}},"31":{"start":{"line":98,"column":16},"end":{"line":98,"column":63}},"32":{"start":{"line":99,"column":16},"end":{"line":113,"column":19}},"33":{"start":{"line":100,"column":20},"end":{"line":112,"column":21}},"34":{"start":{"line":101,"column":24},"end":{"line":101,"column":70}},"35":{"start":{"line":102,"column":24},"end":{"line":102,"column":44}},"36":{"start":{"line":103,"column":24},"end":{"line":103,"column":40}},"37":{"start":{"line":104,"column":24},"end":{"line":104,"column":41}},"38":{"start":{"line":105,"column":26},"end":{"line":112,"column":21}},"39":{"start":{"line":106,"column":24},"end":{"line":106,"column":66}},"40":{"start":{"line":107,"column":24},"end":{"line":107,"column":96}},"41":{"start":{"line":108,"column":24},"end":{"line":108,"column":40}},"42":{"start":{"line":109,"column":24},"end":{"line":109,"column":41}},"43":{"start":{"line":110,"column":26},"end":{"line":112,"column":21}},"44":{"start":{"line":111,"column":24},"end":{"line":111,"column":50}},"45":{"start":{"line":124,"column":4},"end":{"line":143,"column":5}},"46":{"start":{"line":125,"column":8},"end":{"line":142,"column":9}},"47":{"start":{"line":125,"column":34},"end":{"line":125,"column":41}},"48":{"start":{"line":126,"column":13},"end":{"line":142,"column":9}},"49":{"start":{"line":127,"column":12},"end":{"line":130,"column":14}},"50":{"start":{"line":132,"column":12},"end":{"line":140,"column":13}},"51":{"start":{"line":133,"column":16},"end":{"line":133,"column":64}},"52":{"start":{"line":134,"column":16},"end":{"line":134,"column":140}},"53":{"start":{"line":135,"column":16},"end":{"line":135,"column":32}},"54":{"start":{"line":136,"column":16},"end":{"line":136,"column":33}},"55":{"start":{"line":138,"column":16},"end":{"line":138,"column":23}},"56":{"start":{"line":139,"column":16},"end":{"line":139,"column":31}},"57":{"start":{"line":151,"column":4},"end":{"line":153,"column":5}},"58":{"start":{"line":152,"column":8},"end":{"line":152,"column":108}},"59":{"start":{"line":159,"column":0},"end":{"line":159,"column":27}}},"branchMap":{"1":{"line":46,"type":"cond-expr","locations":[{"start":{"line":46,"column":75},"end":{"line":46,"column":81}},{"start":{"line":46,"column":84},"end":{"line":46,"column":98}}]},"2":{"line":55,"type":"if","locations":[{"start":{"line":55,"column":8},"end":{"line":55,"column":8}},{"start":{"line":55,"column":8},"end":{"line":55,"column":8}}]},"3":{"line":66,"type":"if","locations":[{"start":{"line":66,"column":12},"end":{"line":66,"column":12}},{"start":{"line":66,"column":12},"end":{"line":66,"column":12}}]},"4":{"line":73,"type":"if","locations":[{"start":{"line":73,"column":12},"end":{"line":73,"column":12}},{"start":{"line":73,"column":12},"end":{"line":73,"column":12}}]},"5":{"line":91,"type":"if","locations":[{"start":{"line":91,"column":12},"end":{"line":91,"column":12}},{"start":{"line":91,"column":12},"end":{"line":91,"column":12}}]},"6":{"line":100,"type":"if","locations":[{"start":{"line":100,"column":20},"end":{"line":100,"column":20}},{"start":{"line":100,"column":20},"end":{"line":100,"column":20}}]},"7":{"line":105,"type":"if","locations":[{"start":{"line":105,"column":26},"end":{"line":105,"column":26}},{"start":{"line":105,"column":26},"end":{"line":105,"column":26}}]},"8":{"line":110,"type":"if","locations":[{"start":{"line":110,"column":26},"end":{"line":110,"column":26}},{"start":{"line":110,"column":26},"end":{"line":110,"column":26}}]},"9":{"line":125,"type":"if","locations":[{"start":{"line":125,"column":8},"end":{"line":125,"column":8}},{"start":{"line":125,"column":8},"end":{"line":125,"column":8}}]},"10":{"line":126,"type":"if","locations":[{"start":{"line":126,"column":13},"end":{"line":126,"column":13}},{"start":{"line":126,"column":13},"end":{"line":126,"column":13}}]},"11":{"line":132,"type":"if","locations":[{"start":{"line":132,"column":12},"end":{"line":132,"column":12}},{"start":{"line":132,"column":12},"end":{"line":132,"column":12}}]},"12":{"line":152,"type":"cond-expr","locations":[{"start":{"line":152,"column":62},"end":{"line":152,"column":96}},{"start":{"line":152,"column":99},"end":{"line":152,"column":107}}]}}},"/home/nathan/Documents/workspace/be/hisab/hisab_authorization_service/lib/helper/others/initializer.js":{"path":"/home/nathan/Documents/workspace/be/hisab/hisab_authorization_service/lib/helper/others/initializer.js","s":{"1":1,"2":1,"3":1,"4":1,"5":1,"6":1,"7":1,"8":1,"9":1,"10":1,"11":1,"12":1,"13":1,"14":1,"15":0,"16":0,"17":0,"18":0,"19":1,"20":1,"21":1,"22":1,"23":1,"24":1,"25":1,"26":0,"27":1,"28":0,"29":0,"30":0,"31":0,"32":0,"33":0,"34":0,"35":0,"36":0,"37":0,"38":0,"39":1,"40":1},"b":{"1":[0,0],"2":[1,0],"3":[0,0],"4":[0,0],"5":[0,0]},"f":{"1":1,"2":1,"3":1,"4":1,"5":0,"6":0,"7":1,"8":0,"9":0,"10":1},"fnMap":{"1":{"name":"pinger","line":24,"loc":{"start":{"line":24,"column":30},"end":{"line":24,"column":100}}},"2":{"name":"checker","line":29,"loc":{"start":{"line":29,"column":4},"end":{"line":29,"column":26}}},"3":{"name":"(anonymous_3)","line":40,"loc":{"start":{"line":40,"column":10},"end":{"line":40,"column":33}}},"4":{"name":"serviceChecker","line":49,"loc":{"start":{"line":49,"column":8},"end":{"line":49,"column":72}}},"5":{"name":"(anonymous_5)","line":60,"loc":{"start":{"line":60,"column":38},"end":{"line":60,"column":64}}},"6":{"name":"(anonymous_6)","line":61,"loc":{"start":{"line":61,"column":43},"end":{"line":61,"column":67}}},"7":{"name":"infoLogger","line":80,"loc":{"start":{"line":80,"column":8},"end":{"line":80,"column":72}}},"8":{"name":"(anonymous_8)","line":84,"loc":{"start":{"line":84,"column":42},"end":{"line":84,"column":68}}},"9":{"name":"(anonymous_9)","line":91,"loc":{"start":{"line":91,"column":37},"end":{"line":91,"column":60}}},"10":{"name":"(anonymous_10)","line":107,"loc":{"start":{"line":107,"column":12},"end":{"line":107,"column":35}}}},"statementMap":{"1":{"start":{"line":10,"column":0},"end":{"line":14,"column":31}},"2":{"start":{"line":24,"column":0},"end":{"line":111,"column":2}},"3":{"start":{"line":25,"column":4},"end":{"line":25,"column":28}},"4":{"start":{"line":27,"column":4},"end":{"line":27,"column":44}},"5":{"start":{"line":29,"column":4},"end":{"line":106,"column":5}},"6":{"start":{"line":30,"column":8},"end":{"line":30,"column":33}},"7":{"start":{"line":32,"column":8},"end":{"line":32,"column":58}},"8":{"start":{"line":37,"column":8},"end":{"line":42,"column":11}},"9":{"start":{"line":41,"column":12},"end":{"line":41,"column":30}},"10":{"start":{"line":49,"column":8},"end":{"line":71,"column":9}},"11":{"start":{"line":50,"column":12},"end":{"line":50,"column":45}},"12":{"start":{"line":52,"column":12},"end":{"line":52,"column":37}},"13":{"start":{"line":58,"column":12},"end":{"line":58,"column":35}},"14":{"start":{"line":60,"column":12},"end":{"line":67,"column":15}},"15":{"start":{"line":61,"column":16},"end":{"line":66,"column":19}},"16":{"start":{"line":62,"column":20},"end":{"line":65,"column":21}},"17":{"start":{"line":63,"column":24},"end":{"line":63,"column":46}},"18":{"start":{"line":64,"column":24},"end":{"line":64,"column":58}},"19":{"start":{"line":69,"column":12},"end":{"line":69,"column":47}},"20":{"start":{"line":70,"column":12},"end":{"line":70,"column":55}},"21":{"start":{"line":80,"column":8},"end":{"line":105,"column":9}},"22":{"start":{"line":81,"column":12},"end":{"line":81,"column":41}},"23":{"start":{"line":82,"column":12},"end":{"line":104,"column":13}},"24":{"start":{"line":83,"column":16},"end":{"line":83,"column":55}},"25":{"start":{"line":84,"column":16},"end":{"line":86,"column":19}},"26":{"start":{"line":85,"column":20},"end":{"line":85,"column":55}},"27":{"start":{"line":87,"column":16},"end":{"line":87,"column":37}},"28":{"start":{"line":89,"column":18},"end":{"line":104,"column":13}},"29":{"start":{"line":90,"column":16},"end":{"line":90,"column":65}},"30":{"start":{"line":91,"column":16},"end":{"line":93,"column":19}},"31":{"start":{"line":92,"column":20},"end":{"line":92,"column":54}},"32":{"start":{"line":95,"column":16},"end":{"line":103,"column":17}},"33":{"start":{"line":96,"column":20},"end":{"line":96,"column":46}},"34":{"start":{"line":97,"column":20},"end":{"line":97,"column":65}},"35":{"start":{"line":98,"column":20},"end":{"line":98,"column":42}},"36":{"start":{"line":99,"column":22},"end":{"line":103,"column":17}},"37":{"start":{"line":100,"column":20},"end":{"line":100,"column":81}},"38":{"start":{"line":102,"column":20},"end":{"line":102,"column":41}},"39":{"start":{"line":107,"column":4},"end":{"line":109,"column":7}},"40":{"start":{"line":108,"column":8},"end":{"line":108,"column":25}}},"branchMap":{"1":{"line":62,"type":"if","locations":[{"start":{"line":62,"column":20},"end":{"line":62,"column":20}},{"start":{"line":62,"column":20},"end":{"line":62,"column":20}}]},"2":{"line":82,"type":"if","locations":[{"start":{"line":82,"column":12},"end":{"line":82,"column":12}},{"start":{"line":82,"column":12},"end":{"line":82,"column":12}}]},"3":{"line":89,"type":"if","locations":[{"start":{"line":89,"column":18},"end":{"line":89,"column":18}},{"start":{"line":89,"column":18},"end":{"line":89,"column":18}}]},"4":{"line":95,"type":"if","locations":[{"start":{"line":95,"column":16},"end":{"line":95,"column":16}},{"start":{"line":95,"column":16},"end":{"line":95,"column":16}}]},"5":{"line":99,"type":"if","locations":[{"start":{"line":99,"column":22},"end":{"line":99,"column":22}},{"start":{"line":99,"column":22},"end":{"line":99,"column":22}}]}}},"/home/nathan/Documents/workspace/be/hisab/hisab_authorization_service/socket/index.js":{"path":"/home/nathan/Documents/workspace/be/hisab/hisab_authorization_service/socket/index.js","s":{"1":1,"2":1,"3":1},"b":{},"f":{"1":1},"fnMap":{"1":{"name":"(anonymous_1)","line":14,"loc":{"start":{"line":14,"column":17},"end":{"line":14,"column":29}}}},"statementMap":{"1":{"start":{"line":11,"column":0},"end":{"line":11,"column":28}},"2":{"start":{"line":14,"column":0},"end":{"line":16,"column":2}},"3":{"start":{"line":15,"column":4},"end":{"line":15,"column":21}}},"branchMap":{}},"/home/nathan/Documents/workspace/be/hisab/hisab_authorization_service/socket/log.js":{"path":"/home/nathan/Documents/workspace/be/hisab/hisab_authorization_service/socket/log.js","s":{"1":1,"2":1,"3":1},"b":{},"f":{"1":1,"2":1},"fnMap":{"1":{"name":"streamLogs","line":15,"loc":{"start":{"line":15,"column":20},"end":{"line":15,"column":42}}},"2":{"name":"(anonymous_2)","line":16,"loc":{"start":{"line":16,"column":43},"end":{"line":16,"column":57}}}},"statementMap":{"1":{"start":{"line":15,"column":0},"end":{"line":19,"column":2}},"2":{"start":{"line":16,"column":4},"end":{"line":18,"column":7}},"3":{"start":{"line":17,"column":8},"end":{"line":17,"column":33}}},"branchMap":{}}}