TN:
SF:/home/nathan/Documents/workspace/be/hisab/hisab_authorization_service/lib/constant/index.js
FNF:0
FNH:0
DA:11,1
DA:16,1
LF:2
LH:2
BRF:0
BRH:0
end_of_record
TN:
SF:/home/nathan/Documents/workspace/be/hisab/hisab_authorization_service/lib/constant/accessRoutes.js
FNF:0
FNH:0
DA:13,1
DA:15,1
LF:2
LH:2
BRF:0
BRH:0
end_of_record
TN:
SF:/home/nathan/Documents/workspace/be/hisab/hisab_authorization_service/lib/constant/constant.js
FNF:0
FNH:0
DA:15,1
LF:1
LH:1
BRF:0
BRH:0
end_of_record
TN:
SF:/home/nathan/Documents/workspace/be/hisab/hisab_authorization_service/lib/constant/errorCodes.js
FNF:0
FNH:0
DA:13,1
LF:1
LH:1
BRF:0
BRH:0
end_of_record
TN:
SF:/home/nathan/Documents/workspace/be/hisab/hisab_authorization_service/lib/helper/index.js
FNF:0
FNH:0
DA:11,1
DA:20,1
LF:2
LH:2
BRF:0
BRH:0
end_of_record
TN:
SF:/home/nathan/Documents/workspace/be/hisab/hisab_authorization_service/lib/helper/api/index.js
FN:29,authOption
FN:53,responseHandler
FN:78,request
FN:82,(anonymous_4)
FNF:4
FNH:0
FNDA:0,authOption
FNDA:0,responseHandler
FNDA:0,request
FNDA:0,(anonymous_4)
DA:10,1
DA:29,1
DA:30,0
DA:32,0
DA:53,1
DA:54,0
DA:56,0
DA:57,0
DA:58,0
DA:60,0
DA:61,0
DA:63,0
DA:64,0
DA:78,1
DA:79,0
DA:81,0
DA:82,0
DA:83,0
DA:84,0
DA:85,0
DA:87,0
LF:21
LH:4
BRDA:57,1,0,0
BRDA:57,1,1,0
BRDA:57,2,0,0
BRDA:57,2,1,0
BRDA:84,3,0,0
BRDA:84,3,1,0
BRF:6
BRH:0
end_of_record
TN:
SF:/home/nathan/Documents/workspace/be/hisab/hisab_authorization_service/lib/helper/others/controllerHelper.js
FN:24,queryResponseHandler
FN:46,dataValidator
FN:49,(anonymous_3)
FN:77,pickUpdateData
FN:81,(anonymous_5)
FN:98,queryFilter
FN:100,(anonymous_7)
FN:116,resolveObjTarget
FN:117,(anonymous_9)
FN:130,isChildContainedInParent
FN:131,(anonymous_11)
FN:179,removeChildFromParent
FN:180,(anonymous_13)
FNF:13
FNH:13
FNDA:56,queryResponseHandler
FNDA:41,dataValidator
FNDA:67,(anonymous_3)
FNDA:40,pickUpdateData
FNDA:114,(anonymous_5)
FNDA:74,queryFilter
FNDA:347,(anonymous_7)
FNDA:28,resolveObjTarget
FNDA:44,(anonymous_9)
FNDA:4,isChildContainedInParent
FNDA:32,(anonymous_11)
FNDA:10,removeChildFromParent
FNDA:96,(anonymous_13)
DA:10,1
DA:24,1
DA:25,56
DA:27,56
DA:28,10
DA:29,10
DA:30,10
DA:31,10
DA:32,10
DA:34,46
DA:46,1
DA:47,41
DA:49,41
DA:50,67
DA:54,41
DA:56,41
DA:57,6
DA:59,6
DA:60,6
DA:62,6
DA:63,6
DA:65,35
DA:66,35
DA:77,1
DA:78,40
DA:80,40
DA:81,40
DA:82,114
DA:83,22
DA:85,114
DA:86,40
DA:98,1
DA:99,74
DA:100,74
DA:101,347
DA:102,52
DA:105,74
DA:116,1
DA:117,28
DA:118,44
DA:130,1
DA:131,4
DA:133,32
DA:135,32
DA:137,0
DA:140,0
DA:141,0
DA:144,0
DA:145,0
DA:148,0
DA:153,0
DA:154,0
DA:156,0
DA:160,4
DA:161,4
DA:162,8
DA:163,32
DA:164,0
DA:165,0
DA:170,4
DA:179,1
DA:180,10
DA:182,96
DA:184,266
DA:186,208
DA:189,0
DA:190,0
DA:193,0
DA:194,0
DA:197,208
DA:203,11
DA:206,10
DA:207,18
DA:208,96
DA:209,11
LF:75
LH:60
BRDA:27,1,0,10
BRDA:27,1,1,46
BRDA:56,2,0,6
BRDA:56,2,1,35
BRDA:82,3,0,22
BRDA:82,3,1,92
BRDA:85,4,0,40
BRDA:85,4,1,74
BRDA:101,5,0,52
BRDA:101,5,1,295
BRDA:118,6,0,44
BRDA:118,6,1,0
BRDA:135,7,0,32
BRDA:135,7,1,0
BRDA:137,8,0,0
BRDA:137,8,1,0
BRDA:137,8,2,0
BRDA:140,9,0,0
BRDA:140,9,1,0
BRDA:144,10,0,0
BRDA:144,10,1,0
BRDA:144,11,0,0
BRDA:144,11,1,0
BRDA:144,11,2,0
BRDA:148,12,0,0
BRDA:148,12,1,0
BRDA:154,13,0,0
BRDA:154,13,1,0
BRDA:163,14,0,0
BRDA:163,14,1,32
BRDA:184,15,0,58
BRDA:184,15,1,208
BRDA:186,16,0,0
BRDA:186,16,1,0
BRDA:186,16,2,208
BRDA:189,17,0,0
BRDA:189,17,1,0
BRDA:193,18,0,0
BRDA:193,18,1,0
BRDA:193,19,0,0
BRDA:193,19,1,0
BRDA:193,19,2,0
BRDA:197,20,0,27
BRDA:197,20,1,181
BRDA:208,21,0,11
BRDA:208,21,1,85
BRF:46
BRH:20
end_of_record
TN:
SF:/home/nathan/Documents/workspace/be/hisab/hisab_authorization_service/app.js
FN:61,(anonymous_1)
FN:68,(anonymous_2)
FN:91,(anonymous_3)
FN:113,pingDependentServices
FN:118,(anonymous_5)
FN:124,(anonymous_6)
FN:147,(anonymous_7)
FN:163,createsAnyRole
FN:169,(anonymous_9)
FN:183,createACMForAnyRole
FN:186,(anonymous_11)
FN:188,(anonymous_12)
FN:202,createSuperAdministrator
FN:204,(anonymous_14)
FN:211,(anonymous_15)
FNF:15
FNH:10
FNDA:1,(anonymous_1)
FNDA:0,(anonymous_2)
FNDA:132,(anonymous_3)
FNDA:1,pingDependentServices
FNDA:1,(anonymous_5)
FNDA:1,(anonymous_6)
FNDA:0,(anonymous_7)
FNDA:1,createsAnyRole
FNDA:0,(anonymous_9)
FNDA:1,createACMForAnyRole
FNDA:1,(anonymous_11)
FNDA:0,(anonymous_12)
FNDA:1,createSuperAdministrator
FNDA:1,(anonymous_14)
FNDA:0,(anonymous_15)
DA:10,1
DA:35,1
DA:37,1
DA:38,1
DA:48,1
DA:49,1
DA:50,11
DA:56,1
DA:61,1
DA:62,1
DA:68,1
DA:69,0
DA:70,0
DA:71,0
DA:72,0
DA:73,0
DA:74,0
DA:81,1
DA:91,1
DA:92,132
DA:93,132
DA:94,132
DA:95,132
DA:96,132
DA:99,1
DA:100,1
DA:101,1
DA:106,1
DA:107,1
DA:113,1
DA:114,1
DA:119,1
DA:121,1
DA:122,1
DA:124,1
DA:125,1
DA:126,1
DA:127,1
DA:130,1
DA:134,0
DA:142,1
DA:147,1
DA:148,0
DA:149,0
DA:150,0
DA:152,0
DA:153,0
DA:154,0
DA:155,0
DA:163,1
DA:164,1
DA:165,1
DA:167,1
DA:168,1
DA:169,0
DA:170,0
DA:171,0
DA:172,0
DA:183,1
DA:184,1
DA:186,1
DA:187,1
DA:188,0
DA:189,0
DA:190,0
DA:191,0
DA:202,1
DA:203,1
DA:204,1
DA:205,1
DA:206,0
DA:211,0
DA:212,0
DA:223,1
LF:74
LH:49
BRDA:35,1,0,1
BRDA:35,1,1,0
BRDA:72,2,0,0
BRDA:72,2,1,0
BRDA:119,3,0,1
BRDA:119,3,1,0
BRDA:148,4,0,0
BRDA:148,4,1,0
BRDA:168,5,0,0
BRDA:168,5,1,1
BRDA:170,6,0,0
BRDA:170,6,1,0
BRDA:187,7,0,0
BRDA:187,7,1,1
BRDA:189,8,0,0
BRDA:189,8,1,0
BRDA:205,9,0,0
BRDA:205,9,1,1
BRDA:207,10,0,0
BRDA:207,10,1,0
BRDA:208,11,0,0
BRDA:208,11,1,0
BRF:22
BRH:5
end_of_record
TN:
SF:/home/nathan/Documents/workspace/be/hisab/hisab_authorization_service/config/index.js
FNF:0
FNH:0
DA:15,1
LF:1
LH:1
BRDA:16,1,0,1
BRDA:16,1,1,0
BRDA:19,2,0,1
BRDA:19,2,1,0
BRDA:24,3,0,1
BRDA:24,3,1,0
BRF:6
BRH:3
end_of_record
TN:
SF:/home/nathan/Documents/workspace/be/hisab/hisab_authorization_service/route/index.js
FN:26,(anonymous_1)
FNF:1
FNH:1
FNDA:1,(anonymous_1)
DA:11,1
DA:26,1
DA:28,1
DA:29,1
DA:30,1
DA:31,1
DA:32,1
DA:33,1
DA:34,1
DA:35,1
LF:10
LH:10
BRF:0
BRH:0
end_of_record
TN:
SF:/home/nathan/Documents/workspace/be/hisab/hisab_authorization_service/route/token.js
FNF:0
FNH:0
DA:10,1
DA:64,1
DA:111,1
DA:114,1
LF:4
LH:4
BRF:0
BRH:0
end_of_record
TN:
SF:/home/nathan/Documents/workspace/be/hisab/hisab_authorization_service/controller/token.js
FN:31,(anonymous_1)
FN:39,(anonymous_2)
FN:48,validateData
FN:58,createUser
FN:62,(anonymous_5)
FN:64,(anonymous_6)
FN:86,createData
FN:117,(anonymous_8)
FN:130,(anonymous_9)
FN:139,validateData
FN:149,saveRequest
FN:151,(anonymous_12)
FN:178,isRouteAllowedToAccessByAny
FN:184,(anonymous_14)
FN:207,createUserData
FN:211,(anonymous_16)
FN:218,(anonymous_17)
FN:233,areAnyRoleAllowedToAccessRouteAndObject
FN:237,(anonymous_19)
FN:247,(anonymous_20)
FN:271,isUserAllowedToPerformMethodOnObject
FN:277,(anonymous_22)
FN:286,retrieveAllRolesAllowedToAccessRoute
FN:291,(anonymous_24)
FN:318,checkIfSubjectIsAllowedToPerformMethodOnObject
FN:328,(anonymous_26)
FN:367,isSubjectAllowedToPerformMethodOnObject
FN:381,(anonymous_28)
FNF:28
FNH:27
FNDA:4,(anonymous_1)
FNDA:3,(anonymous_2)
FNDA:4,validateData
FNDA:3,createUser
FNDA:3,(anonymous_5)
FNDA:1,(anonymous_6)
FNDA:3,createData
FNDA:13,(anonymous_8)
FNDA:3,(anonymous_9)
FNDA:13,validateData
FNDA:12,saveRequest
FNDA:12,(anonymous_12)
FNDA:11,isRouteAllowedToAccessByAny
FNDA:2,(anonymous_14)
FNDA:10,createUserData
FNDA:10,(anonymous_16)
FNDA:0,(anonymous_17)
FNDA:10,areAnyRoleAllowedToAccessRouteAndObject
FNDA:10,(anonymous_19)
FNDA:3,(anonymous_20)
FNDA:9,isUserAllowedToPerformMethodOnObject
FNDA:3,(anonymous_22)
FNDA:9,retrieveAllRolesAllowedToAccessRoute
FNDA:7,(anonymous_24)
FNDA:3,checkIfSubjectIsAllowedToPerformMethodOnObject
FNDA:3,(anonymous_26)
FNDA:6,isSubjectAllowedToPerformMethodOnObject
FNDA:6,(anonymous_28)
DA:10,1
DA:31,1
DA:32,4
DA:34,4
DA:35,4
DA:40,3
DA:48,1
DA:49,4
DA:50,4
DA:58,1
DA:59,3
DA:61,3
DA:62,3
DA:63,3
DA:64,1
DA:65,1
DA:66,0
DA:67,0
DA:68,0
DA:69,0
DA:70,1
DA:71,1
DA:75,2
DA:86,1
DA:87,3
DA:89,3
DA:92,3
DA:93,0
DA:94,0
DA:95,0
DA:96,0
DA:97,3
DA:98,3
DA:99,3
DA:104,3
DA:117,1
DA:118,13
DA:119,13
DA:123,13
DA:131,3
DA:139,1
DA:140,13
DA:141,13
DA:149,1
DA:150,12
DA:151,12
DA:152,12
DA:153,1
DA:154,1
DA:155,1
DA:156,1
DA:157,1
DA:160,1
DA:161,1
DA:163,11
DA:166,11
DA:167,11
DA:178,1
DA:179,11
DA:180,11
DA:181,2
DA:184,2
DA:185,2
DA:186,1
DA:187,1
DA:190,1
DA:191,1
DA:193,1
DA:197,9
DA:207,1
DA:208,10
DA:209,10
DA:210,10
DA:211,10
DA:212,10
DA:213,0
DA:214,0
DA:215,0
DA:216,0
DA:217,10
DA:218,0
DA:219,0
DA:221,10
DA:222,10
DA:233,1
DA:234,10
DA:235,10
DA:237,10
DA:238,10
DA:239,3
DA:240,0
DA:241,0
DA:244,0
DA:245,0
DA:247,3
DA:248,3
DA:249,1
DA:250,1
DA:253,1
DA:254,1
DA:255,2
DA:259,7
DA:271,1
DA:272,9
DA:274,9
DA:278,3
DA:286,1
DA:287,9
DA:288,2
DA:290,7
DA:291,7
DA:292,7
DA:294,2
DA:295,1
DA:296,1
DA:298,1
DA:301,5
DA:302,5
DA:305,5
DA:306,5
DA:318,1
DA:319,3
DA:320,3
DA:321,0
DA:322,0
DA:325,0
DA:326,0
DA:328,3
DA:329,3
DA:330,2
DA:331,2
DA:334,2
DA:335,2
DA:337,1
DA:338,1
DA:341,1
DA:342,1
DA:344,3
DA:348,0
DA:349,0
DA:352,0
DA:353,0
DA:367,1
DA:368,6
DA:371,6
DA:372,0
DA:373,6
DA:374,6
DA:375,0
DA:376,0
DA:379,6
DA:381,6
DA:382,6
DA:383,0
DA:385,6
LF:155
LH:125
BRDA:63,1,0,1
BRDA:63,1,1,2
BRDA:63,2,0,3
BRDA:63,2,1,1
BRDA:65,3,0,0
BRDA:65,3,1,1
BRDA:70,4,0,1
BRDA:70,4,1,0
BRDA:92,5,0,0
BRDA:92,5,1,3
BRDA:97,6,0,3
BRDA:97,6,1,0
BRDA:152,7,0,1
BRDA:152,7,1,11
BRDA:180,8,0,2
BRDA:180,8,1,9
BRDA:185,9,0,1
BRDA:185,9,1,1
BRDA:212,10,0,0
BRDA:212,10,1,10
BRDA:217,11,0,0
BRDA:217,11,1,10
BRDA:219,12,0,0
BRDA:219,12,1,0
BRDA:219,13,0,0
BRDA:219,13,1,0
BRDA:221,14,0,10
BRDA:221,14,1,0
BRDA:238,15,0,3
BRDA:238,15,1,7
BRDA:239,16,0,0
BRDA:239,16,1,3
BRDA:248,17,0,1
BRDA:248,17,1,2
BRDA:287,18,0,2
BRDA:287,18,1,7
BRDA:292,19,0,2
BRDA:292,19,1,5
BRDA:294,20,0,1
BRDA:294,20,1,1
BRDA:294,21,0,2
BRDA:294,21,1,2
BRDA:319,22,0,3
BRDA:319,22,1,0
BRDA:320,23,0,0
BRDA:320,23,1,3
BRDA:329,24,0,2
BRDA:329,24,1,1
BRDA:371,25,0,0
BRDA:371,25,1,6
BRDA:373,26,0,6
BRDA:373,26,1,0
BRDA:375,27,0,0
BRDA:375,27,1,0
BRDA:379,28,0,0
BRDA:379,28,1,6
BRDA:382,29,0,0
BRDA:382,29,1,6
BRF:58
BRH:38
end_of_record
TN:
SF:/home/nathan/Documents/workspace/be/hisab/hisab_authorization_service/dal/user.js
FN:20,create
FN:30,getPublic
FN:40,getPrivate
FN:51,getCollectionsPaginated
FN:52,(anonymous_5)
FN:63,getAllCollection
FN:73,(anonymous_7)
FN:84,update
FN:95,updateMany
FN:105,remove
FN:115,removeMany
FN:127,(anonymous_12)
FN:128,(anonymous_13)
FN:155,(anonymous_14)
FN:156,(anonymous_15)
FNF:15
FNH:8
FNDA:3,create
FNDA:1,getPublic
FNDA:15,getPrivate
FNDA:1,getCollectionsPaginated
FNDA:1,(anonymous_5)
FNDA:0,getAllCollection
FNDA:1,(anonymous_7)
FNDA:0,update
FNDA:1,updateMany
FNDA:0,remove
FNDA:1,removeMany
FNDA:0,(anonymous_12)
FNDA:0,(anonymous_13)
FNDA:0,(anonymous_14)
FNDA:0,(anonymous_15)
DA:10,1
DA:20,1
DA:21,3
DA:30,1
DA:31,1
DA:40,1
DA:41,15
DA:51,1
DA:52,1
DA:53,1
DA:63,1
DA:64,0
DA:73,1
DA:74,1
DA:84,1
DA:85,0
DA:95,1
DA:96,1
DA:105,1
DA:106,0
DA:115,1
DA:116,1
DA:127,1
DA:128,0
DA:129,0
DA:130,0
DA:131,0
DA:132,0
DA:133,0
DA:135,0
DA:136,0
DA:137,0
DA:139,0
DA:142,0
DA:155,1
DA:156,0
DA:157,0
DA:158,0
DA:159,0
DA:160,0
DA:161,0
DA:162,0
DA:163,0
DA:165,0
DA:168,0
LF:45
LH:21
BRDA:129,1,0,0
BRDA:129,1,1,0
BRDA:131,2,0,0
BRDA:131,2,1,0
BRDA:132,3,0,0
BRDA:132,3,1,0
BRDA:157,4,0,0
BRDA:157,4,1,0
BRDA:159,5,0,0
BRDA:159,5,1,0
BRF:10
BRH:0
end_of_record
TN:
SF:/home/nathan/Documents/workspace/be/hisab/hisab_authorization_service/model/user.js
FN:43,preSave
FN:62,(anonymous_2)
FNF:2
FNH:2
FNDA:2,preSave
FNDA:1,(anonymous_2)
DA:10,1
DA:18,1
DA:30,1
DA:35,1
DA:43,1
DA:44,2
DA:45,2
DA:47,2
DA:48,2
DA:49,2
DA:50,2
DA:52,0
DA:53,0
DA:57,1
DA:62,1
DA:63,1
DA:64,1
DA:65,1
DA:67,0
DA:68,0
DA:72,1
LF:21
LH:17
BRDA:47,1,0,2
BRDA:47,1,1,0
BRDA:63,2,0,1
BRDA:63,2,1,0
BRF:4
BRH:2
end_of_record
TN:
SF:/home/nathan/Documents/workspace/be/hisab/hisab_authorization_service/dal/role.js
FN:21,create
FN:31,getPublic
FN:41,getPrivate
FN:52,getCollectionsPaginated
FN:53,(anonymous_5)
FN:64,getAllCollection
FN:74,(anonymous_7)
FN:85,update
FN:96,updateMany
FN:106,remove
FN:116,removeMany
FN:128,(anonymous_12)
FN:129,(anonymous_13)
FN:156,(anonymous_14)
FN:157,(anonymous_15)
FNF:15
FNH:13
FNDA:6,create
FNDA:1,getPublic
FNDA:5,getPrivate
FNDA:1,getCollectionsPaginated
FNDA:1,(anonymous_5)
FNDA:19,getAllCollection
FNDA:1,(anonymous_7)
FNDA:0,update
FNDA:3,updateMany
FNDA:0,remove
FNDA:3,removeMany
FNDA:3,(anonymous_12)
FNDA:3,(anonymous_13)
FNDA:3,(anonymous_14)
FNDA:3,(anonymous_15)
DA:10,1
DA:21,1
DA:22,6
DA:31,1
DA:32,1
DA:41,1
DA:42,5
DA:52,1
DA:53,1
DA:54,1
DA:64,1
DA:65,19
DA:74,1
DA:75,1
DA:85,1
DA:86,0
DA:96,1
DA:97,3
DA:106,1
DA:107,0
DA:116,1
DA:117,3
DA:128,1
DA:129,3
DA:130,3
DA:131,3
DA:132,3
DA:133,2
DA:134,2
DA:136,2
DA:137,2
DA:138,2
DA:140,1
DA:143,0
DA:156,1
DA:157,3
DA:158,3
DA:159,3
DA:160,3
DA:161,2
DA:162,2
DA:163,2
DA:164,2
DA:166,1
DA:169,0
LF:45
LH:41
BRDA:130,1,0,3
BRDA:130,1,1,0
BRDA:132,2,0,2
BRDA:132,2,1,1
BRDA:133,3,0,2
BRDA:133,3,1,0
BRDA:158,4,0,3
BRDA:158,4,1,0
BRDA:160,5,0,2
BRDA:160,5,1,1
BRF:10
BRH:7
end_of_record
TN:
SF:/home/nathan/Documents/workspace/be/hisab/hisab_authorization_service/model/role.js
FN:54,preSave
FN:73,(anonymous_2)
FNF:2
FNH:2
FNDA:6,preSave
FNDA:1,(anonymous_2)
DA:10,1
DA:20,1
DA:41,1
DA:46,1
DA:54,1
DA:55,6
DA:56,6
DA:58,6
DA:59,4
DA:60,4
DA:61,4
DA:63,2
DA:64,2
DA:68,1
DA:73,1
DA:74,1
DA:75,1
DA:76,1
DA:78,0
DA:79,0
DA:83,1
LF:21
LH:19
BRDA:58,1,0,4
BRDA:58,1,1,2
BRDA:74,2,0,1
BRDA:74,2,1,0
BRF:4
BRH:3
end_of_record
TN:
SF:/home/nathan/Documents/workspace/be/hisab/hisab_authorization_service/dal/acm.js
FN:21,create
FN:31,getPublic
FN:41,getPrivate
FN:52,getCollectionsPaginated
FN:53,(anonymous_5)
FN:64,getAllCollection
FN:74,(anonymous_7)
FN:85,update
FN:96,updateMany
FN:106,remove
FN:116,removeMany
FN:128,(anonymous_12)
FN:129,(anonymous_13)
FN:160,(anonymous_14)
FN:161,(anonymous_15)
FN:215,(anonymous_16)
FN:220,(anonymous_17)
FN:222,(anonymous_18)
FN:227,(anonymous_19)
FNF:19
FNH:13
FNDA:2,create
FNDA:1,getPublic
FNDA:7,getPrivate
FNDA:1,getCollectionsPaginated
FNDA:1,(anonymous_5)
FNDA:6,getAllCollection
FNDA:1,(anonymous_7)
FNDA:0,update
FNDA:3,updateMany
FNDA:0,remove
FNDA:3,removeMany
FNDA:10,(anonymous_12)
FNDA:10,(anonymous_13)
FNDA:4,(anonymous_14)
FNDA:4,(anonymous_15)
FNDA:0,(anonymous_16)
FNDA:0,(anonymous_17)
FNDA:0,(anonymous_18)
FNDA:0,(anonymous_19)
DA:10,1
DA:21,1
DA:22,2
DA:31,1
DA:32,1
DA:41,1
DA:42,7
DA:52,1
DA:53,1
DA:54,1
DA:64,1
DA:65,6
DA:74,1
DA:75,1
DA:85,1
DA:86,0
DA:96,1
DA:97,3
DA:106,1
DA:107,0
DA:116,1
DA:117,3
DA:128,1
DA:129,10
DA:130,10
DA:131,10
DA:132,10
DA:133,9
DA:134,9
DA:135,9
DA:136,9
DA:137,9
DA:138,9
DA:139,9
DA:141,0
DA:144,1
DA:147,0
DA:160,1
DA:161,4
DA:162,4
DA:163,4
DA:164,4
DA:165,3
DA:166,3
DA:167,3
DA:168,3
DA:169,3
DA:171,1
DA:174,0
DA:215,1
DA:216,0
DA:217,0
DA:218,0
DA:220,0
DA:221,0
DA:222,0
DA:223,0
DA:225,0
DA:227,0
DA:228,0
DA:229,0
DA:230,0
DA:232,0
DA:233,0
DA:234,0
DA:235,0
DA:237,0
DA:238,0
DA:240,0
DA:241,0
DA:243,0
DA:249,0
DA:250,0
DA:251,0
DA:252,0
DA:254,0
DA:255,0
DA:256,0
LF:78
LH:45
BRDA:130,1,0,10
BRDA:130,1,1,0
BRDA:132,2,0,9
BRDA:132,2,1,1
BRDA:133,3,0,9
BRDA:133,3,1,0
BRDA:162,4,0,4
BRDA:162,4,1,0
BRDA:164,5,0,3
BRDA:164,5,1,1
BRDA:223,6,0,0
BRDA:223,6,1,0
BRDA:223,7,0,0
BRDA:223,7,1,0
BRDA:228,8,0,0
BRDA:228,8,1,0
BRDA:230,9,0,0
BRDA:230,9,1,0
BRDA:240,10,0,0
BRDA:240,10,1,0
BRDA:252,11,0,0
BRDA:252,11,1,0
BRDA:256,12,0,0
BRDA:256,12,1,0
BRF:24
BRH:7
end_of_record
TN:
SF:/home/nathan/Documents/workspace/be/hisab/hisab_authorization_service/model/acm.js
FN:48,preSave
FN:67,(anonymous_2)
FNF:2
FNH:2
FNDA:14,preSave
FNDA:1,(anonymous_2)
DA:10,1
DA:18,1
DA:35,1
DA:40,1
DA:48,1
DA:49,14
DA:50,14
DA:52,14
DA:53,2
DA:54,2
DA:55,2
DA:57,12
DA:58,12
DA:62,1
DA:67,1
DA:68,1
DA:69,1
DA:70,1
DA:72,0
DA:73,0
DA:77,1
LF:21
LH:19
BRDA:52,1,0,2
BRDA:52,1,1,12
BRDA:68,2,0,1
BRDA:68,2,1,0
BRF:4
BRH:3
end_of_record
TN:
SF:/home/nathan/Documents/workspace/be/hisab/hisab_authorization_service/route/service.js
FNF:0
FNH:0
DA:10,1
DA:114,1
DA:151,1
DA:289,1
DA:343,1
DA:383,1
DA:385,1
LF:7
LH:7
BRF:0
BRH:0
end_of_record
TN:
SF:/home/nathan/Documents/workspace/be/hisab/hisab_authorization_service/controller/service.js
FN:29,(anonymous_1)
FN:36,(anonymous_2)
FN:45,validateData
FN:56,createData
FN:59,(anonymous_5)
FN:60,(anonymous_6)
FN:83,(anonymous_7)
FN:96,(anonymous_8)
FN:121,(anonymous_9)
FN:122,(anonymous_10)
FN:151,(anonymous_11)
FN:164,(anonymous_12)
FN:173,pickUpdateData
FN:176,(anonymous_14)
FN:197,updateData
FN:203,(anonymous_16)
FN:215,(anonymous_17)
FN:241,(anonymous_18)
FN:242,(anonymous_19)
FN:261,(anonymous_20)
FN:272,(anonymous_21)
FN:273,(anonymous_22)
FN:288,(anonymous_23)
FN:291,(anonymous_24)
FN:313,getPublic
FN:320,(anonymous_26)
FN:321,(anonymous_27)
FN:340,getPrivate
FN:347,(anonymous_29)
FN:348,(anonymous_30)
FNF:30
FNH:29
FNDA:4,(anonymous_1)
FNDA:2,(anonymous_2)
FNDA:4,validateData
FNDA:4,createData
FNDA:4,(anonymous_5)
FNDA:2,(anonymous_6)
FNDA:4,(anonymous_7)
FNDA:0,(anonymous_8)
FNDA:1,(anonymous_9)
FNDA:1,(anonymous_10)
FNDA:10,(anonymous_11)
FNDA:1,(anonymous_12)
FNDA:10,pickUpdateData
FNDA:10,(anonymous_14)
FNDA:9,updateData
FNDA:3,(anonymous_16)
FNDA:3,(anonymous_17)
FNDA:1,(anonymous_18)
FNDA:1,(anonymous_19)
FNDA:3,(anonymous_20)
FNDA:2,(anonymous_21)
FNDA:2,(anonymous_22)
FNDA:1,(anonymous_23)
FNDA:1,(anonymous_24)
FNDA:1,getPublic
FNDA:1,(anonymous_26)
FNDA:1,(anonymous_27)
FNDA:2,getPrivate
FNDA:2,(anonymous_29)
FNDA:1,(anonymous_30)
DA:10,1
DA:29,1
DA:30,4
DA:32,4
DA:33,4
DA:37,2
DA:45,1
DA:46,4
DA:48,4
DA:56,1
DA:57,4
DA:59,4
DA:60,4
DA:61,2
DA:62,2
DA:63,2
DA:64,2
DA:66,0
DA:67,0
DA:68,0
DA:69,0
DA:83,1
DA:84,4
DA:86,4
DA:87,3
DA:88,2
DA:90,1
DA:94,1
DA:95,0
DA:96,0
DA:97,0
DA:98,0
DA:99,0
DA:101,0
DA:102,0
DA:103,0
DA:104,0
DA:111,1
DA:119,1
DA:121,1
DA:122,1
DA:123,1
DA:124,1
DA:126,1
DA:127,1
DA:128,0
DA:129,0
DA:131,0
DA:132,0
DA:133,0
DA:134,0
DA:151,1
DA:152,10
DA:154,10
DA:157,10
DA:161,10
DA:165,1
DA:173,1
DA:174,10
DA:176,10
DA:177,10
DA:178,7
DA:180,3
DA:181,1
DA:182,1
DA:183,1
DA:184,1
DA:185,2
DA:197,1
DA:198,9
DA:200,9
DA:201,7
DA:202,6
DA:203,3
DA:204,3
DA:205,2
DA:206,2
DA:208,1
DA:209,1
DA:210,1
DA:211,1
DA:214,3
DA:215,3
DA:216,3
DA:217,2
DA:218,2
DA:220,1
DA:221,1
DA:222,1
DA:223,1
DA:228,1
DA:229,1
DA:230,1
DA:231,1
DA:235,2
DA:236,1
DA:237,1
DA:238,1
DA:239,1
DA:241,1
DA:242,1
DA:243,1
DA:244,1
DA:245,1
DA:261,1
DA:262,3
DA:264,3
DA:266,3
DA:267,1
DA:268,1
DA:269,1
DA:270,1
DA:272,2
DA:273,2
DA:274,2
DA:275,2
DA:288,1
DA:289,1
DA:291,1
DA:292,1
DA:293,0
DA:294,0
DA:295,0
DA:296,0
DA:298,1
DA:299,1
DA:313,1
DA:314,1
DA:316,1
DA:320,1
DA:321,1
DA:322,1
DA:323,0
DA:324,0
DA:325,1
DA:326,1
DA:327,1
DA:340,1
DA:341,2
DA:343,2
DA:347,2
DA:348,2
DA:349,1
DA:350,0
DA:351,0
DA:352,1
DA:353,1
DA:354,1
LF:148
LH:121
BRDA:61,1,0,2
BRDA:61,1,1,0
BRDA:86,2,0,3
BRDA:86,2,1,1
BRDA:87,3,0,2
BRDA:87,3,1,1
BRDA:94,4,0,0
BRDA:94,4,1,1
BRDA:97,5,0,0
BRDA:97,5,1,0
BRDA:112,6,0,1
BRDA:112,6,1,0
BRDA:113,7,0,1
BRDA:113,7,1,0
BRDA:114,8,0,1
BRDA:114,8,1,0
BRDA:115,9,0,1
BRDA:115,9,1,0
BRDA:123,10,0,1
BRDA:123,10,1,0
BRDA:128,11,0,0
BRDA:128,11,1,0
BRDA:177,12,0,7
BRDA:177,12,1,3
BRDA:177,13,0,10
BRDA:177,13,1,7
BRDA:180,14,0,1
BRDA:180,14,1,2
BRDA:185,15,0,2
BRDA:185,15,1,0
BRDA:200,16,0,7
BRDA:200,16,1,2
BRDA:200,17,0,9
BRDA:200,17,1,7
BRDA:201,18,0,6
BRDA:201,18,1,1
BRDA:202,19,0,3
BRDA:202,19,1,3
BRDA:204,20,0,2
BRDA:204,20,1,1
BRDA:208,21,0,1
BRDA:208,21,1,0
BRDA:210,22,0,1
BRDA:210,22,1,0
BRDA:214,23,0,3
BRDA:214,23,1,0
BRDA:216,24,0,2
BRDA:216,24,1,1
BRDA:220,25,0,1
BRDA:220,25,1,0
BRDA:222,26,0,1
BRDA:222,26,1,0
BRDA:235,27,0,1
BRDA:235,27,1,1
BRDA:266,28,0,1
BRDA:266,28,1,2
BRDA:292,29,0,0
BRDA:292,29,1,1
BRDA:322,30,0,0
BRDA:322,30,1,1
BRDA:325,31,0,1
BRDA:325,31,1,0
BRDA:349,32,0,0
BRDA:349,32,1,1
BRDA:352,33,0,1
BRDA:352,33,1,0
BRF:66
BRH:44
end_of_record
TN:
SF:/home/nathan/Documents/workspace/be/hisab/hisab_authorization_service/dal/service.js
FN:20,create
FN:30,getPublic
FN:40,getPrivate
FN:51,getCollectionsPaginated
FN:52,(anonymous_5)
FN:63,getAllCollection
FN:73,(anonymous_7)
FN:84,update
FN:95,updateMany
FN:105,remove
FN:115,removeMany
FN:127,(anonymous_12)
FN:128,(anonymous_13)
FN:155,(anonymous_14)
FN:156,(anonymous_15)
FNF:15
FNH:12
FNDA:4,create
FNDA:1,getPublic
FNDA:2,getPrivate
FNDA:1,getCollectionsPaginated
FNDA:1,(anonymous_5)
FNDA:0,getAllCollection
FNDA:1,(anonymous_7)
FNDA:0,update
FNDA:1,updateMany
FNDA:0,remove
FNDA:2,removeMany
FNDA:3,(anonymous_12)
FNDA:3,(anonymous_13)
FNDA:3,(anonymous_14)
FNDA:3,(anonymous_15)
DA:10,1
DA:20,1
DA:21,4
DA:30,1
DA:31,1
DA:40,1
DA:41,2
DA:51,1
DA:52,1
DA:53,1
DA:63,1
DA:64,0
DA:73,1
DA:74,1
DA:84,1
DA:85,0
DA:95,1
DA:96,1
DA:105,1
DA:106,0
DA:115,1
DA:116,2
DA:127,1
DA:128,3
DA:129,3
DA:130,3
DA:131,3
DA:132,2
DA:133,2
DA:135,2
DA:136,2
DA:137,2
DA:139,1
DA:142,0
DA:155,1
DA:156,3
DA:157,3
DA:158,3
DA:159,3
DA:160,2
DA:161,2
DA:162,2
DA:163,2
DA:165,1
DA:168,0
LF:45
LH:40
BRDA:129,1,0,3
BRDA:129,1,1,0
BRDA:131,2,0,2
BRDA:131,2,1,1
BRDA:132,3,0,2
BRDA:132,3,1,0
BRDA:157,4,0,3
BRDA:157,4,1,0
BRDA:159,5,0,2
BRDA:159,5,1,1
BRF:10
BRH:7
end_of_record
TN:
SF:/home/nathan/Documents/workspace/be/hisab/hisab_authorization_service/model/service.js
FN:52,preSave
FN:71,(anonymous_2)
FNF:2
FNH:2
FNDA:6,preSave
FNDA:1,(anonymous_2)
DA:10,1
DA:19,1
DA:39,1
DA:44,1
DA:52,1
DA:53,6
DA:54,6
DA:56,6
DA:57,2
DA:58,2
DA:59,2
DA:61,4
DA:62,4
DA:66,1
DA:71,1
DA:72,1
DA:73,1
DA:74,1
DA:76,0
DA:77,0
DA:81,1
LF:21
LH:19
BRDA:56,1,0,2
BRDA:56,1,1,4
BRDA:72,2,0,1
BRDA:72,2,1,0
BRF:4
BRH:3
end_of_record
TN:
SF:/home/nathan/Documents/workspace/be/hisab/hisab_authorization_service/route/user.js
FNF:0
FNH:0
DA:10,1
DA:74,1
DA:109,1
DA:184,1
DA:235,1
DA:273,1
DA:275,1
LF:7
LH:7
BRF:0
BRH:0
end_of_record
TN:
SF:/home/nathan/Documents/workspace/be/hisab/hisab_authorization_service/controller/user.js
FN:29,(anonymous_1)
FN:36,(anonymous_2)
FN:45,validateData
FN:56,createData
FN:59,(anonymous_5)
FN:60,(anonymous_6)
FN:83,(anonymous_7)
FN:96,(anonymous_8)
FN:120,(anonymous_9)
FN:121,(anonymous_10)
FN:150,(anonymous_11)
FN:163,(anonymous_12)
FN:172,pickUpdateData
FN:175,(anonymous_14)
FN:196,updateData
FN:202,(anonymous_16)
FN:214,(anonymous_17)
FN:240,(anonymous_18)
FN:241,(anonymous_19)
FN:260,(anonymous_20)
FN:271,(anonymous_21)
FN:272,(anonymous_22)
FN:287,(anonymous_23)
FN:290,(anonymous_24)
FN:311,getPublic
FN:318,(anonymous_26)
FN:319,(anonymous_27)
FN:338,getPrivate
FN:345,(anonymous_29)
FN:346,(anonymous_30)
FNF:30
FNH:27
FNDA:2,(anonymous_1)
FNDA:1,(anonymous_2)
FNDA:2,validateData
FNDA:2,createData
FNDA:2,(anonymous_5)
FNDA:1,(anonymous_6)
FNDA:4,(anonymous_7)
FNDA:0,(anonymous_8)
FNDA:1,(anonymous_9)
FNDA:1,(anonymous_10)
FNDA:3,(anonymous_11)
FNDA:1,(anonymous_12)
FNDA:3,pickUpdateData
FNDA:3,(anonymous_14)
FNDA:2,updateData
FNDA:0,(anonymous_16)
FNDA:0,(anonymous_17)
FNDA:1,(anonymous_18)
FNDA:1,(anonymous_19)
FNDA:2,(anonymous_20)
FNDA:1,(anonymous_21)
FNDA:1,(anonymous_22)
FNDA:1,(anonymous_23)
FNDA:1,(anonymous_24)
FNDA:1,getPublic
FNDA:1,(anonymous_26)
FNDA:1,(anonymous_27)
FNDA:2,getPrivate
FNDA:2,(anonymous_29)
FNDA:1,(anonymous_30)
DA:10,1
DA:29,1
DA:30,2
DA:32,2
DA:33,2
DA:37,1
DA:45,1
DA:46,2
DA:48,2
DA:56,1
DA:57,2
DA:59,2
DA:60,2
DA:61,1
DA:62,1
DA:63,1
DA:64,1
DA:66,0
DA:67,0
DA:68,0
DA:69,0
DA:83,1
DA:84,4
DA:86,4
DA:87,3
DA:88,2
DA:90,1
DA:94,1
DA:95,0
DA:96,0
DA:97,0
DA:98,0
DA:99,0
DA:101,0
DA:102,0
DA:103,0
DA:104,0
DA:110,1
DA:118,1
DA:120,1
DA:121,1
DA:122,1
DA:123,1
DA:125,1
DA:126,1
DA:127,0
DA:128,0
DA:130,0
DA:131,0
DA:132,0
DA:133,0
DA:150,1
DA:151,3
DA:153,3
DA:156,3
DA:160,3
DA:164,1
DA:172,1
DA:173,3
DA:175,3
DA:176,3
DA:177,0
DA:179,3
DA:180,1
DA:181,1
DA:182,1
DA:183,1
DA:184,2
DA:196,1
DA:197,2
DA:199,2
DA:200,0
DA:201,0
DA:202,0
DA:203,0
DA:204,0
DA:205,0
DA:207,0
DA:208,0
DA:209,0
DA:210,0
DA:213,0
DA:214,0
DA:215,0
DA:216,0
DA:217,0
DA:219,0
DA:220,0
DA:221,0
DA:222,0
DA:227,0
DA:228,0
DA:229,0
DA:230,0
DA:234,2
DA:235,1
DA:236,1
DA:237,1
DA:238,1
DA:240,1
DA:241,1
DA:242,1
DA:243,1
DA:244,1
DA:260,1
DA:261,2
DA:263,2
DA:265,2
DA:266,1
DA:267,1
DA:268,1
DA:269,1
DA:271,1
DA:272,1
DA:273,1
DA:274,1
DA:287,1
DA:288,1
DA:290,1
DA:291,1
DA:292,0
DA:293,0
DA:294,0
DA:295,0
DA:297,1
DA:298,1
DA:311,1
DA:312,1
DA:314,1
DA:318,1
DA:319,1
DA:320,1
DA:321,0
DA:322,0
DA:323,1
DA:324,1
DA:325,1
DA:338,1
DA:339,2
DA:341,2
DA:345,2
DA:346,2
DA:347,1
DA:348,0
DA:349,0
DA:350,1
DA:351,1
DA:352,1
LF:148
LH:97
BRDA:61,1,0,1
BRDA:61,1,1,0
BRDA:86,2,0,3
BRDA:86,2,1,1
BRDA:87,3,0,2
BRDA:87,3,1,1
BRDA:94,4,0,0
BRDA:94,4,1,1
BRDA:97,5,0,0
BRDA:97,5,1,0
BRDA:111,6,0,1
BRDA:111,6,1,0
BRDA:112,7,0,1
BRDA:112,7,1,0
BRDA:113,8,0,1
BRDA:113,8,1,0
BRDA:114,9,0,1
BRDA:114,9,1,0
BRDA:122,10,0,1
BRDA:122,10,1,0
BRDA:127,11,0,0
BRDA:127,11,1,0
BRDA:176,12,0,0
BRDA:176,12,1,3
BRDA:176,13,0,3
BRDA:176,13,1,0
BRDA:179,14,0,1
BRDA:179,14,1,2
BRDA:184,15,0,2
BRDA:184,15,1,0
BRDA:199,16,0,0
BRDA:199,16,1,2
BRDA:199,17,0,2
BRDA:199,17,1,0
BRDA:200,18,0,0
BRDA:200,18,1,0
BRDA:201,19,0,0
BRDA:201,19,1,0
BRDA:203,20,0,0
BRDA:203,20,1,0
BRDA:207,21,0,0
BRDA:207,21,1,0
BRDA:209,22,0,0
BRDA:209,22,1,0
BRDA:213,23,0,0
BRDA:213,23,1,0
BRDA:215,24,0,0
BRDA:215,24,1,0
BRDA:219,25,0,0
BRDA:219,25,1,0
BRDA:221,26,0,0
BRDA:221,26,1,0
BRDA:234,27,0,1
BRDA:234,27,1,1
BRDA:265,28,0,1
BRDA:265,28,1,1
BRDA:291,29,0,0
BRDA:291,29,1,1
BRDA:320,30,0,0
BRDA:320,30,1,1
BRDA:323,31,0,1
BRDA:323,31,1,0
BRDA:347,32,0,0
BRDA:347,32,1,1
BRDA:350,33,0,1
BRDA:350,33,1,0
BRF:66
BRH:27
end_of_record
TN:
SF:/home/nathan/Documents/workspace/be/hisab/hisab_authorization_service/route/role.js
FNF:0
FNH:0
DA:10,1
DA:99,1
DA:136,1
DA:253,1
DA:324,1
DA:365,1
DA:367,1
LF:7
LH:7
BRF:0
BRH:0
end_of_record
TN:
SF:/home/nathan/Documents/workspace/be/hisab/hisab_authorization_service/controller/role.js
FN:29,(anonymous_1)
FN:36,(anonymous_2)
FN:45,validateData
FN:56,createData
FN:59,(anonymous_5)
FN:60,(anonymous_6)
FN:83,(anonymous_7)
FN:97,(anonymous_8)
FN:122,(anonymous_9)
FN:123,(anonymous_10)
FN:152,(anonymous_11)
FN:165,(anonymous_12)
FN:174,pickUpdateData
FN:177,(anonymous_14)
FN:197,updateData
FN:203,(anonymous_16)
FN:215,(anonymous_17)
FN:240,(anonymous_18)
FN:241,(anonymous_19)
FN:261,(anonymous_20)
FN:272,(anonymous_21)
FN:273,(anonymous_22)
FN:288,(anonymous_23)
FN:291,(anonymous_24)
FN:312,getPublic
FN:319,(anonymous_26)
FN:320,(anonymous_27)
FN:339,getPrivate
FN:346,(anonymous_29)
FN:347,(anonymous_30)
FNF:30
FNH:29
FNDA:6,(anonymous_1)
FNDA:4,(anonymous_2)
FNDA:6,validateData
FNDA:6,createData
FNDA:6,(anonymous_5)
FNDA:4,(anonymous_6)
FNDA:4,(anonymous_7)
FNDA:0,(anonymous_8)
FNDA:1,(anonymous_9)
FNDA:1,(anonymous_10)
FNDA:12,(anonymous_11)
FNDA:3,(anonymous_12)
FNDA:12,pickUpdateData
FNDA:12,(anonymous_14)
FNDA:11,updateData
FNDA:3,(anonymous_16)
FNDA:3,(anonymous_17)
FNDA:3,(anonymous_18)
FNDA:3,(anonymous_19)
FNDA:4,(anonymous_20)
FNDA:3,(anonymous_21)
FNDA:3,(anonymous_22)
FNDA:1,(anonymous_23)
FNDA:1,(anonymous_24)
FNDA:1,getPublic
FNDA:1,(anonymous_26)
FNDA:1,(anonymous_27)
FNDA:2,getPrivate
FNDA:2,(anonymous_29)
FNDA:1,(anonymous_30)
DA:10,1
DA:29,1
DA:30,6
DA:32,6
DA:33,6
DA:37,4
DA:45,1
DA:46,6
DA:48,6
DA:56,1
DA:57,6
DA:59,6
DA:60,6
DA:61,4
DA:62,4
DA:63,4
DA:64,4
DA:66,0
DA:67,0
DA:68,0
DA:69,0
DA:83,1
DA:84,4
DA:86,4
DA:87,3
DA:88,2
DA:90,1
DA:95,1
DA:96,0
DA:97,0
DA:98,0
DA:99,0
DA:100,0
DA:102,0
DA:103,0
DA:104,0
DA:105,0
DA:112,1
DA:120,1
DA:122,1
DA:123,1
DA:124,1
DA:125,1
DA:127,1
DA:128,1
DA:129,0
DA:130,0
DA:132,0
DA:133,0
DA:134,0
DA:135,0
DA:152,1
DA:153,12
DA:155,12
DA:158,12
DA:162,12
DA:166,3
DA:174,1
DA:175,12
DA:177,12
DA:178,12
DA:179,7
DA:181,5
DA:182,1
DA:183,1
DA:184,1
DA:185,1
DA:186,4
DA:197,1
DA:198,11
DA:200,11
DA:201,7
DA:202,6
DA:203,3
DA:204,3
DA:205,2
DA:206,2
DA:208,1
DA:209,1
DA:210,1
DA:211,1
DA:214,3
DA:215,3
DA:216,3
DA:217,2
DA:218,2
DA:220,1
DA:221,1
DA:222,1
DA:223,1
DA:228,1
DA:229,1
DA:230,1
DA:231,1
DA:234,4
DA:235,1
DA:236,1
DA:237,1
DA:238,1
DA:240,3
DA:241,3
DA:242,3
DA:243,3
DA:244,3
DA:261,1
DA:262,4
DA:264,4
DA:266,4
DA:267,1
DA:268,1
DA:269,1
DA:270,1
DA:272,3
DA:273,3
DA:274,3
DA:275,3
DA:288,1
DA:289,1
DA:291,1
DA:292,1
DA:293,0
DA:294,0
DA:295,0
DA:296,0
DA:298,1
DA:299,1
DA:312,1
DA:313,1
DA:315,1
DA:319,1
DA:320,1
DA:321,1
DA:322,0
DA:323,0
DA:324,1
DA:325,1
DA:326,1
DA:339,1
DA:340,2
DA:342,2
DA:346,2
DA:347,2
DA:348,1
DA:349,0
DA:350,0
DA:351,1
DA:352,1
DA:353,1
LF:148
LH:121
BRDA:61,1,0,4
BRDA:61,1,1,0
BRDA:86,2,0,3
BRDA:86,2,1,1
BRDA:87,3,0,2
BRDA:87,3,1,1
BRDA:95,4,0,0
BRDA:95,4,1,1
BRDA:98,5,0,0
BRDA:98,5,1,0
BRDA:113,6,0,1
BRDA:113,6,1,0
BRDA:114,7,0,1
BRDA:114,7,1,0
BRDA:115,8,0,1
BRDA:115,8,1,0
BRDA:116,9,0,1
BRDA:116,9,1,0
BRDA:124,10,0,1
BRDA:124,10,1,0
BRDA:129,11,0,0
BRDA:129,11,1,0
BRDA:178,12,0,7
BRDA:178,12,1,5
BRDA:178,13,0,12
BRDA:178,13,1,7
BRDA:181,14,0,1
BRDA:181,14,1,4
BRDA:186,15,0,4
BRDA:186,15,1,0
BRDA:200,16,0,7
BRDA:200,16,1,4
BRDA:200,17,0,11
BRDA:200,17,1,7
BRDA:201,18,0,6
BRDA:201,18,1,1
BRDA:202,19,0,3
BRDA:202,19,1,3
BRDA:204,20,0,2
BRDA:204,20,1,1
BRDA:208,21,0,1
BRDA:208,21,1,0
BRDA:210,22,0,1
BRDA:210,22,1,0
BRDA:214,23,0,3
BRDA:214,23,1,0
BRDA:216,24,0,2
BRDA:216,24,1,1
BRDA:220,25,0,1
BRDA:220,25,1,0
BRDA:222,26,0,1
BRDA:222,26,1,0
BRDA:234,27,0,1
BRDA:234,27,1,3
BRDA:266,28,0,1
BRDA:266,28,1,3
BRDA:292,29,0,0
BRDA:292,29,1,1
BRDA:321,30,0,0
BRDA:321,30,1,1
BRDA:324,31,0,1
BRDA:324,31,1,0
BRDA:348,32,0,0
BRDA:348,32,1,1
BRDA:351,33,0,1
BRDA:351,33,1,0
BRF:66
BRH:44
end_of_record
TN:
SF:/home/nathan/Documents/workspace/be/hisab/hisab_authorization_service/route/acm.js
FNF:0
FNH:0
DA:10,1
DA:213,1
DA:250,1
DA:341,1
DA:403,1
DA:442,1
DA:444,1
LF:7
LH:7
BRF:0
BRH:0
end_of_record
TN:
SF:/home/nathan/Documents/workspace/be/hisab/hisab_authorization_service/controller/acm.js
FN:30,(anonymous_1)
FN:48,createByObject
FN:54,(anonymous_3)
FN:63,validateData
FN:73,createSchema
FN:76,(anonymous_6)
FN:86,(anonymous_7)
FN:104,(anonymous_8)
FN:123,parseToSubjectModel
FN:134,createData
FN:140,(anonymous_11)
FN:141,(anonymous_12)
FN:158,createBySubject
FN:162,(anonymous_14)
FN:171,validateData
FN:181,createACM
FN:182,(anonymous_17)
FN:207,createACMData
FN:212,(anonymous_19)
FN:221,verifyACMExistence
FN:225,(anonymous_21)
FN:240,createData
FN:249,(anonymous_23)
FN:250,(anonymous_24)
FN:260,(anonymous_25)
FN:261,(anonymous_26)
FN:283,(anonymous_27)
FN:296,(anonymous_28)
FN:320,(anonymous_29)
FN:321,(anonymous_30)
FN:350,(anonymous_31)
FN:364,(anonymous_32)
FN:373,pickUpdateData
FN:376,(anonymous_34)
FN:396,updateData
FN:402,(anonymous_36)
FN:414,(anonymous_37)
FN:444,(anonymous_38)
FN:446,(anonymous_39)
FN:454,(anonymous_40)
FN:480,(anonymous_41)
FN:491,(anonymous_42)
FN:492,(anonymous_43)
FN:507,(anonymous_44)
FN:510,(anonymous_45)
FN:530,objectToSubjectACM
FN:538,returnACMSubjectFrame
FN:544,(anonymous_48)
FN:549,(anonymous_49)
FN:552,(anonymous_50)
FN:554,(anonymous_51)
FN:581,insertACMObjectData
FN:583,(anonymous_53)
FN:586,(anonymous_54)
FN:614,getPublic
FN:621,(anonymous_56)
FN:622,(anonymous_57)
FN:641,getPrivate
FN:648,(anonymous_59)
FN:649,(anonymous_60)
FNF:60
FNH:56
FNDA:6,(anonymous_1)
FNDA:2,createByObject
FNDA:1,(anonymous_3)
FNDA:2,validateData
FNDA:1,createSchema
FNDA:1,(anonymous_6)
FNDA:0,(anonymous_7)
FNDA:1,(anonymous_8)
FNDA:1,parseToSubjectModel
FNDA:1,createData
FNDA:1,(anonymous_11)
FNDA:1,(anonymous_12)
FNDA:4,createBySubject
FNDA:3,(anonymous_14)
FNDA:4,validateData
FNDA:3,createACM
FNDA:3,(anonymous_17)
FNDA:4,createACMData
FNDA:0,(anonymous_19)
FNDA:4,verifyACMExistence
FNDA:4,(anonymous_21)
FNDA:4,createData
FNDA:6,(anonymous_23)
FNDA:6,(anonymous_24)
FNDA:2,(anonymous_25)
FNDA:2,(anonymous_26)
FNDA:4,(anonymous_27)
FNDA:0,(anonymous_28)
FNDA:1,(anonymous_29)
FNDA:1,(anonymous_30)
FNDA:12,(anonymous_31)
FNDA:3,(anonymous_32)
FNDA:12,pickUpdateData
FNDA:12,(anonymous_34)
FNDA:11,updateData
FNDA:3,(anonymous_36)
FNDA:3,(anonymous_37)
FNDA:3,(anonymous_38)
FNDA:3,(anonymous_39)
FNDA:0,(anonymous_40)
FNDA:4,(anonymous_41)
FNDA:3,(anonymous_42)
FNDA:3,(anonymous_43)
FNDA:1,(anonymous_44)
FNDA:1,(anonymous_45)
FNDA:1,objectToSubjectACM
FNDA:1,returnACMSubjectFrame
FNDA:18,(anonymous_48)
FNDA:3,(anonymous_49)
FNDA:6,(anonymous_50)
FNDA:5,(anonymous_51)
FNDA:1,insertACMObjectData
FNDA:1,(anonymous_53)
FNDA:3,(anonymous_54)
FNDA:1,getPublic
FNDA:1,(anonymous_56)
FNDA:1,(anonymous_57)
FNDA:2,getPrivate
FNDA:2,(anonymous_59)
FNDA:1,(anonymous_60)
DA:10,1
DA:30,1
DA:31,6
DA:33,6
DA:34,6
DA:35,6
DA:38,6
DA:39,2
DA:41,4
DA:48,1
DA:49,2
DA:55,1
DA:63,1
DA:64,2
DA:65,2
DA:73,1
DA:74,1
DA:76,1
DA:77,1
DA:78,0
DA:79,0
DA:80,0
DA:81,0
DA:82,1
DA:84,0
DA:86,0
DA:87,0
DA:88,0
DA:90,0
DA:91,0
DA:92,0
DA:93,0
DA:96,1
DA:97,1
DA:104,1
DA:105,1
DA:106,1
DA:108,0
DA:109,0
DA:110,0
DA:111,0
DA:123,1
DA:124,1
DA:125,1
DA:134,1
DA:135,1
DA:137,1
DA:138,1
DA:140,1
DA:141,1
DA:142,1
DA:143,1
DA:144,1
DA:145,1
DA:146,1
DA:147,1
DA:158,1
DA:159,4
DA:163,3
DA:171,1
DA:172,4
DA:173,4
DA:181,1
DA:182,3
DA:183,3
DA:184,0
DA:185,0
DA:186,0
DA:187,0
DA:188,3
DA:189,0
DA:190,0
DA:191,0
DA:192,0
DA:193,3
DA:194,3
DA:195,3
DA:196,3
DA:207,1
DA:209,4
DA:213,0
DA:221,1
DA:222,4
DA:224,4
DA:225,4
DA:226,4
DA:227,4
DA:229,0
DA:240,1
DA:241,4
DA:243,4
DA:245,2
DA:247,2
DA:248,2
DA:249,2
DA:250,6
DA:251,6
DA:252,6
DA:253,2
DA:260,2
DA:261,2
DA:262,2
DA:263,0
DA:264,2
DA:265,2
DA:283,1
DA:284,4
DA:286,4
DA:287,3
DA:288,2
DA:290,1
DA:294,1
DA:295,0
DA:296,0
DA:297,0
DA:298,0
DA:299,0
DA:301,0
DA:302,0
DA:303,0
DA:304,0
DA:310,1
DA:318,1
DA:320,1
DA:321,1
DA:322,1
DA:323,1
DA:325,1
DA:326,1
DA:327,0
DA:328,0
DA:330,0
DA:331,0
DA:332,0
DA:333,0
DA:350,1
DA:351,12
DA:353,12
DA:357,12
DA:361,12
DA:365,3
DA:373,1
DA:374,12
DA:376,12
DA:377,12
DA:378,7
DA:380,5
DA:381,1
DA:382,1
DA:383,1
DA:384,1
DA:385,4
DA:396,1
DA:397,11
DA:399,11
DA:400,7
DA:401,6
DA:402,3
DA:403,3
DA:404,2
DA:405,2
DA:407,1
DA:408,1
DA:409,1
DA:410,1
DA:413,3
DA:414,3
DA:415,3
DA:416,2
DA:417,2
DA:419,1
DA:420,1
DA:421,1
DA:422,1
DA:426,0
DA:427,0
DA:428,0
DA:429,0
DA:432,1
DA:433,1
DA:434,1
DA:435,1
DA:438,4
DA:439,1
DA:440,1
DA:441,1
DA:442,1
DA:444,3
DA:445,3
DA:446,3
DA:447,3
DA:448,3
DA:449,3
DA:450,3
DA:453,0
DA:454,0
DA:455,0
DA:456,0
DA:457,0
DA:461,0
DA:462,0
DA:480,1
DA:481,4
DA:483,4
DA:485,4
DA:486,1
DA:487,1
DA:488,1
DA:489,1
DA:491,3
DA:492,3
DA:493,3
DA:494,3
DA:507,1
DA:508,1
DA:510,1
DA:511,1
DA:512,0
DA:513,0
DA:514,0
DA:515,0
DA:517,1
DA:518,1
DA:530,1
DA:538,1
DA:540,1
DA:541,1
DA:542,1
DA:543,6
DA:544,6
DA:545,18
DA:547,6
DA:549,1
DA:551,3
DA:552,3
DA:553,6
DA:554,6
DA:555,5
DA:556,5
DA:560,6
DA:564,6
DA:565,6
DA:566,1
DA:571,1
DA:581,1
DA:582,1
DA:583,1
DA:584,1
DA:585,1
DA:586,1
DA:587,3
DA:588,3
DA:589,3
DA:590,3
DA:592,3
DA:593,3
DA:594,1
DA:595,1
DA:602,1
DA:603,1
DA:614,1
DA:615,1
DA:617,1
DA:621,1
DA:622,1
DA:623,1
DA:624,0
DA:625,0
DA:626,1
DA:627,1
DA:628,1
DA:641,1
DA:642,2
DA:644,2
DA:648,2
DA:649,2
DA:650,1
DA:651,0
DA:652,0
DA:653,1
DA:654,1
DA:655,1
LF:282
LH:221
BRDA:38,1,0,2
BRDA:38,1,1,4
BRDA:77,2,0,0
BRDA:77,2,1,1
BRDA:82,3,0,0
BRDA:82,3,1,1
BRDA:87,4,0,0
BRDA:87,4,1,0
BRDA:96,5,0,1
BRDA:96,5,1,0
BRDA:105,6,0,1
BRDA:105,6,1,0
BRDA:144,7,0,1
BRDA:144,7,1,0
BRDA:183,8,0,0
BRDA:183,8,1,3
BRDA:188,9,0,0
BRDA:188,9,1,3
BRDA:193,10,0,3
BRDA:193,10,1,0
BRDA:226,11,0,4
BRDA:226,11,1,0
BRDA:243,12,0,2
BRDA:243,12,1,2
BRDA:245,13,0,0
BRDA:245,13,1,2
BRDA:252,14,0,2
BRDA:252,14,1,4
BRDA:262,15,0,0
BRDA:262,15,1,2
BRDA:264,16,0,2
BRDA:264,16,1,0
BRDA:286,17,0,3
BRDA:286,17,1,1
BRDA:287,18,0,2
BRDA:287,18,1,1
BRDA:294,19,0,0
BRDA:294,19,1,1
BRDA:297,20,0,0
BRDA:297,20,1,0
BRDA:311,21,0,1
BRDA:311,21,1,0
BRDA:312,22,0,1
BRDA:312,22,1,0
BRDA:313,23,0,1
BRDA:313,23,1,0
BRDA:314,24,0,1
BRDA:314,24,1,0
BRDA:322,25,0,1
BRDA:322,25,1,0
BRDA:327,26,0,0
BRDA:327,26,1,0
BRDA:377,27,0,7
BRDA:377,27,1,5
BRDA:377,28,0,12
BRDA:377,28,1,7
BRDA:380,29,0,1
BRDA:380,29,1,4
BRDA:385,30,0,4
BRDA:385,30,1,0
BRDA:399,31,0,7
BRDA:399,31,1,4
BRDA:399,32,0,11
BRDA:399,32,1,7
BRDA:400,33,0,6
BRDA:400,33,1,1
BRDA:401,34,0,3
BRDA:401,34,1,3
BRDA:403,35,0,2
BRDA:403,35,1,1
BRDA:407,36,0,1
BRDA:407,36,1,0
BRDA:409,37,0,1
BRDA:409,37,1,0
BRDA:413,38,0,3
BRDA:413,38,1,0
BRDA:415,39,0,2
BRDA:415,39,1,1
BRDA:419,40,0,1
BRDA:419,40,1,0
BRDA:421,41,0,1
BRDA:421,41,1,0
BRDA:438,42,0,1
BRDA:438,42,1,3
BRDA:445,43,0,3
BRDA:445,43,1,0
BRDA:447,44,0,3
BRDA:447,44,1,0
BRDA:453,45,0,0
BRDA:453,45,1,0
BRDA:453,46,0,0
BRDA:453,46,1,0
BRDA:455,47,0,0
BRDA:455,47,1,0
BRDA:485,48,0,1
BRDA:485,48,1,3
BRDA:511,49,0,0
BRDA:511,49,1,1
BRDA:555,50,0,5
BRDA:555,50,1,0
BRDA:565,51,0,1
BRDA:565,51,1,5
BRDA:588,52,0,3
BRDA:588,52,1,0
BRDA:593,53,0,1
BRDA:593,53,1,2
BRDA:595,54,0,1
BRDA:595,54,1,0
BRDA:623,55,0,0
BRDA:623,55,1,1
BRDA:626,56,0,1
BRDA:626,56,1,0
BRDA:650,57,0,0
BRDA:650,57,1,1
BRDA:653,58,0,1
BRDA:653,58,1,0
BRF:116
BRH:70
end_of_record
TN:
SF:/home/nathan/Documents/workspace/be/hisab/hisab_authorization_service/dal/schema.js
FN:21,create
FN:31,getPublic
FN:41,getPrivate
FN:52,getCollectionsPaginated
FN:53,(anonymous_5)
FN:64,getAllCollection
FN:74,(anonymous_7)
FN:85,update
FN:96,updateMany
FN:106,remove
FN:116,removeMany
FN:128,(anonymous_12)
FN:130,(anonymous_13)
FN:149,(anonymous_14)
FN:150,(anonymous_15)
FN:155,(anonymous_16)
FN:173,(anonymous_17)
FN:174,(anonymous_18)
FN:178,(anonymous_19)
FN:198,(anonymous_20)
FN:218,(anonymous_21)
FN:219,(anonymous_22)
FNF:22
FNH:10
FNDA:1,create
FNDA:0,getPublic
FNDA:6,getPrivate
FNDA:2,getCollectionsPaginated
FNDA:2,(anonymous_5)
FNDA:0,getAllCollection
FNDA:1,(anonymous_7)
FNDA:0,update
FNDA:0,updateMany
FNDA:0,remove
FNDA:1,removeMany
FNDA:1,(anonymous_12)
FNDA:1,(anonymous_13)
FNDA:0,(anonymous_14)
FNDA:0,(anonymous_15)
FNDA:0,(anonymous_16)
FNDA:0,(anonymous_17)
FNDA:0,(anonymous_18)
FNDA:0,(anonymous_19)
FNDA:0,(anonymous_20)
FNDA:1,(anonymous_21)
FNDA:1,(anonymous_22)
DA:10,1
DA:21,1
DA:22,1
DA:31,1
DA:32,0
DA:41,1
DA:42,6
DA:52,1
DA:53,2
DA:54,2
DA:64,1
DA:65,0
DA:74,1
DA:75,1
DA:85,1
DA:86,0
DA:96,1
DA:97,0
DA:106,1
DA:107,0
DA:116,1
DA:117,1
DA:128,1
DA:130,1
DA:131,1
DA:132,1
DA:133,1
DA:134,1
DA:135,1
DA:136,1
DA:137,1
DA:138,1
DA:139,1
DA:141,0
DA:144,0
DA:149,1
DA:150,0
DA:151,0
DA:154,0
DA:155,0
DA:156,0
DA:157,0
DA:159,0
DA:160,0
DA:161,0
DA:162,0
DA:165,0
DA:166,0
DA:168,0
DA:173,1
DA:174,0
DA:175,0
DA:177,0
DA:178,0
DA:179,0
DA:180,0
DA:182,0
DA:183,0
DA:184,0
DA:185,0
DA:188,0
DA:190,0
DA:198,0
DA:199,0
DA:204,0
DA:218,1
DA:219,1
DA:220,1
DA:221,1
DA:222,1
DA:223,1
DA:224,1
DA:225,1
DA:226,1
DA:227,1
DA:230,0
DA:233,0
LF:77
LH:40
BRDA:131,1,0,1
BRDA:131,1,1,0
BRDA:133,2,0,1
BRDA:133,2,1,0
BRDA:151,3,0,0
BRDA:151,3,1,0
BRDA:159,4,0,0
BRDA:159,4,1,0
BRDA:175,5,0,0
BRDA:175,5,1,0
BRDA:182,6,0,0
BRDA:182,6,1,0
BRDA:220,7,0,1
BRDA:220,7,1,0
BRDA:222,8,0,1
BRDA:222,8,1,0
BRF:16
BRH:4
end_of_record
TN:
SF:/home/nathan/Documents/workspace/be/hisab/hisab_authorization_service/model/schema.js
FN:49,preSave
FN:68,(anonymous_2)
FNF:2
FNH:2
FNDA:3,preSave
FNDA:1,(anonymous_2)
DA:9,1
DA:17,1
DA:36,1
DA:41,1
DA:49,1
DA:50,3
DA:51,3
DA:53,3
DA:54,1
DA:55,1
DA:56,1
DA:58,2
DA:59,2
DA:63,1
DA:68,1
DA:69,1
DA:70,1
DA:71,1
DA:73,0
DA:74,0
DA:78,1
LF:21
LH:19
BRDA:53,1,0,1
BRDA:53,1,1,2
BRDA:69,2,0,1
BRDA:69,2,1,0
BRF:4
BRH:3
end_of_record
TN:
SF:/home/nathan/Documents/workspace/be/hisab/hisab_authorization_service/route/admin.js
FNF:0
FNH:0
DA:10,1
DA:72,1
DA:116,1
DA:153,1
DA:228,1
DA:276,1
DA:315,1
DA:317,1
LF:8
LH:8
BRF:0
BRH:0
end_of_record
TN:
SF:/home/nathan/Documents/workspace/be/hisab/hisab_authorization_service/controller/admin.js
FN:29,(anonymous_1)
FN:43,validateData
FN:52,checkIfUserNameIsUnique
FN:55,(anonymous_4)
FN:77,createAdmin
FN:78,(anonymous_6)
FN:79,(anonymous_7)
FN:102,(anonymous_8)
FN:115,validateData
FN:124,validateUserNamePassword
FN:126,(anonymous_11)
FN:149,generateToken
FN:178,(anonymous_13)
FN:189,(anonymous_14)
FN:213,(anonymous_15)
FN:214,(anonymous_16)
FN:236,(anonymous_17)
FN:241,(anonymous_18)
FN:249,pickUpdateData
FN:250,(anonymous_20)
FN:266,updateData
FN:273,(anonymous_22)
FN:274,(anonymous_23)
FN:292,(anonymous_24)
FN:301,(anonymous_25)
FN:302,(anonymous_26)
FN:317,(anonymous_27)
FN:320,(anonymous_28)
FN:342,getPublic
FN:347,(anonymous_30)
FN:348,(anonymous_31)
FN:367,getPrivate
FN:372,(anonymous_33)
FN:373,(anonymous_34)
FNF:34
FNH:30
FNDA:3,(anonymous_1)
FNDA:3,validateData
FNDA:2,checkIfUserNameIsUnique
FNDA:2,(anonymous_4)
FNDA:1,createAdmin
FNDA:1,(anonymous_6)
FNDA:1,(anonymous_7)
FNDA:3,(anonymous_8)
FNDA:3,validateData
FNDA:2,validateUserNamePassword
FNDA:2,(anonymous_11)
FNDA:1,generateToken
FNDA:3,(anonymous_13)
FNDA:0,(anonymous_14)
FNDA:1,(anonymous_15)
FNDA:1,(anonymous_16)
FNDA:3,(anonymous_17)
FNDA:1,(anonymous_18)
FNDA:3,pickUpdateData
FNDA:3,(anonymous_20)
FNDA:2,updateData
FNDA:1,(anonymous_22)
FNDA:1,(anonymous_23)
FNDA:2,(anonymous_24)
FNDA:1,(anonymous_25)
FNDA:1,(anonymous_26)
FNDA:1,(anonymous_27)
FNDA:1,(anonymous_28)
FNDA:2,getPublic
FNDA:2,(anonymous_30)
FNDA:1,(anonymous_31)
FNDA:0,getPrivate
FNDA:0,(anonymous_33)
FNDA:0,(anonymous_34)
DA:10,1
DA:29,1
DA:30,3
DA:32,3
DA:43,1
DA:44,3
DA:52,1
DA:53,2
DA:55,2
DA:56,2
DA:57,0
DA:58,0
DA:59,0
DA:60,0
DA:61,2
DA:62,1
DA:63,1
DA:64,1
DA:65,1
DA:66,1
DA:67,1
DA:77,1
DA:78,1
DA:79,1
DA:80,1
DA:81,1
DA:82,1
DA:83,1
DA:84,1
DA:85,0
DA:86,0
DA:87,0
DA:102,1
DA:103,3
DA:104,3
DA:115,1
DA:116,3
DA:124,1
DA:125,2
DA:126,2
DA:127,2
DA:128,1
DA:129,1
DA:130,1
DA:131,1
DA:132,1
DA:133,0
DA:134,0
DA:135,0
DA:136,0
DA:137,1
DA:138,1
DA:149,1
DA:150,1
DA:153,1
DA:154,0
DA:155,0
DA:156,0
DA:157,0
DA:158,1
DA:160,1
DA:161,1
DA:166,1
DA:178,1
DA:179,3
DA:180,2
DA:181,0
DA:183,2
DA:187,1
DA:188,0
DA:189,0
DA:190,0
DA:191,0
DA:192,0
DA:194,0
DA:195,0
DA:196,0
DA:197,0
DA:203,1
DA:211,1
DA:213,1
DA:214,1
DA:215,1
DA:216,1
DA:217,1
DA:218,0
DA:219,0
DA:220,0
DA:221,0
DA:222,0
DA:236,1
DA:237,3
DA:238,3
DA:249,1
DA:250,3
DA:251,3
DA:252,1
DA:253,1
DA:254,1
DA:255,1
DA:256,2
DA:266,1
DA:267,2
DA:268,1
DA:269,1
DA:270,1
DA:271,1
DA:273,1
DA:274,1
DA:275,1
DA:276,1
DA:277,1
DA:292,1
DA:293,2
DA:295,2
DA:296,1
DA:297,1
DA:298,1
DA:299,1
DA:301,1
DA:302,1
DA:303,1
DA:304,1
DA:317,1
DA:318,1
DA:320,1
DA:321,1
DA:322,0
DA:323,0
DA:324,0
DA:325,0
DA:327,1
DA:328,1
DA:342,1
DA:343,2
DA:347,2
DA:348,2
DA:349,1
DA:350,0
DA:351,0
DA:352,1
DA:353,1
DA:354,1
DA:367,1
DA:368,0
DA:372,0
DA:373,0
DA:374,0
DA:375,0
DA:376,0
DA:377,0
DA:378,0
DA:379,0
LF:153
LH:108
BRDA:56,1,0,0
BRDA:56,1,1,2
BRDA:61,2,0,1
BRDA:61,2,1,1
BRDA:66,3,0,1
BRDA:66,3,1,0
BRDA:81,4,0,1
BRDA:81,4,1,0
BRDA:85,5,0,0
BRDA:85,5,1,0
BRDA:127,6,0,1
BRDA:127,6,1,1
BRDA:132,7,0,0
BRDA:132,7,1,1
BRDA:137,8,0,1
BRDA:137,8,1,0
BRDA:153,9,0,0
BRDA:153,9,1,1
BRDA:158,10,0,1
BRDA:158,10,1,0
BRDA:179,11,0,2
BRDA:179,11,1,1
BRDA:180,12,0,0
BRDA:180,12,1,2
BRDA:187,13,0,0
BRDA:187,13,1,1
BRDA:190,14,0,0
BRDA:190,14,1,0
BRDA:204,15,0,1
BRDA:204,15,1,0
BRDA:205,16,0,1
BRDA:205,16,1,0
BRDA:206,17,0,1
BRDA:206,17,1,0
BRDA:207,18,0,1
BRDA:207,18,1,0
BRDA:215,19,0,1
BRDA:215,19,1,0
BRDA:218,20,0,0
BRDA:218,20,1,0
BRDA:251,21,0,1
BRDA:251,21,1,2
BRDA:256,22,0,2
BRDA:256,22,1,0
BRDA:267,23,0,1
BRDA:267,23,1,1
BRDA:295,24,0,1
BRDA:295,24,1,1
BRDA:321,25,0,0
BRDA:321,25,1,1
BRDA:349,26,0,0
BRDA:349,26,1,1
BRDA:352,27,0,1
BRDA:352,27,1,0
BRDA:374,28,0,0
BRDA:374,28,1,0
BRDA:377,29,0,0
BRDA:377,29,1,0
BRF:58
BRH:30
end_of_record
TN:
SF:/home/nathan/Documents/workspace/be/hisab/hisab_authorization_service/dal/admin.js
FN:22,create
FN:32,getPublic
FN:42,getPrivate
FN:53,getCollectionsPaginated
FN:54,(anonymous_5)
FN:65,getAllCollection
FN:75,(anonymous_7)
FN:86,update
FN:97,updateMany
FN:107,remove
FN:117,removeMany
FN:128,(anonymous_12)
FN:129,(anonymous_13)
FN:133,(anonymous_14)
FNF:14
FNH:11
FNDA:1,create
FNDA:2,getPublic
FNDA:3,getPrivate
FNDA:1,getCollectionsPaginated
FNDA:1,(anonymous_5)
FNDA:0,getAllCollection
FNDA:1,(anonymous_7)
FNDA:0,update
FNDA:1,updateMany
FNDA:0,remove
FNDA:1,removeMany
FNDA:2,(anonymous_12)
FNDA:2,(anonymous_13)
FNDA:1,(anonymous_14)
DA:10,1
DA:22,1
DA:23,1
DA:32,1
DA:33,2
DA:42,1
DA:43,3
DA:53,1
DA:54,1
DA:55,1
DA:65,1
DA:66,0
DA:75,1
DA:76,1
DA:86,1
DA:87,0
DA:97,1
DA:98,1
DA:107,1
DA:108,0
DA:117,1
DA:118,1
DA:128,1
DA:129,2
DA:130,2
DA:131,0
DA:132,2
DA:133,1
DA:134,1
DA:135,0
DA:137,1
DA:140,1
DA:141,1
LF:33
LH:28
BRDA:130,1,0,0
BRDA:130,1,1,2
BRDA:132,2,0,1
BRDA:132,2,1,1
BRDA:134,3,0,0
BRDA:134,3,1,1
BRDA:140,4,0,1
BRDA:140,4,1,0
BRF:8
BRH:5
end_of_record
TN:
SF:/home/nathan/Documents/workspace/be/hisab/hisab_authorization_service/model/admin.js
FN:41,verifyPassword
FN:48,modifyData
FN:60,(anonymous_3)
FN:69,updatingTime
FN:81,hashingPassword
FN:83,(anonymous_6)
FN:84,(anonymous_7)
FNF:7
FNH:6
FNDA:0,verifyPassword
FNDA:1,modifyData
FNDA:1,(anonymous_3)
FNDA:1,updatingTime
FNDA:1,hashingPassword
FNDA:1,(anonymous_6)
FNDA:1,(anonymous_7)
DA:10,1
DA:18,1
DA:33,1
DA:41,1
DA:42,0
DA:48,1
DA:49,1
DA:50,1
DA:53,1
DA:58,1
DA:61,1
DA:69,1
DA:71,1
DA:72,1
DA:73,1
DA:81,1
DA:83,1
DA:84,1
DA:85,1
DA:86,1
DA:93,0
DA:94,0
DA:98,1
LF:23
LH:20
BRDA:53,1,0,1
BRDA:53,1,1,0
BRF:2
BRH:1
end_of_record
TN:
SF:/home/nathan/Documents/workspace/be/hisab/hisab_authorization_service/route/schema.js
FNF:0
FNH:0
DA:10,1
DA:48,1
DA:149,1
DA:196,1
DA:235,1
DA:237,1
LF:6
LH:6
BRF:0
BRH:0
end_of_record
TN:
SF:/home/nathan/Documents/workspace/be/hisab/hisab_authorization_service/controller/schema.js
FN:32,(anonymous_1)
FN:45,(anonymous_2)
FN:69,(anonymous_3)
FN:70,(anonymous_4)
FN:97,(anonymous_5)
FN:118,checkSchemaExistence
FN:119,(anonymous_7)
FN:135,updateSchema
FN:146,(anonymous_9)
FN:147,(anonymous_10)
FN:148,(anonymous_11)
FN:156,(anonymous_12)
FN:157,(anonymous_13)
FN:158,(anonymous_14)
FN:177,(anonymous_15)
FN:186,(anonymous_16)
FN:188,(anonymous_17)
FN:200,(anonymous_18)
FN:202,(anonymous_19)
FN:263,updateACM
FN:278,(anonymous_21)
FN:280,(anonymous_22)
FN:288,(anonymous_23)
FN:290,(anonymous_24)
FN:307,(anonymous_25)
FN:318,(anonymous_26)
FN:319,(anonymous_27)
FN:334,(anonymous_28)
FN:337,(anonymous_29)
FN:358,getPublic
FN:365,(anonymous_31)
FN:366,(anonymous_32)
FN:385,getPrivate
FN:392,(anonymous_34)
FN:393,(anonymous_35)
FN:405,filterExistingRoles
FN:408,(anonymous_37)
FN:410,(anonymous_38)
FN:420,schemaToAcm
FN:426,(anonymous_40)
FN:430,createACMScaffold
FN:433,(anonymous_42)
FN:436,(anonymous_43)
FN:462,populateACM
FN:464,(anonymous_45)
FN:467,(anonymous_46)
FN:468,(anonymous_47)
FN:480,updateMultipleACM
FNF:48
FNH:25
FNDA:2,(anonymous_1)
FNDA:0,(anonymous_2)
FNDA:2,(anonymous_3)
FNDA:2,(anonymous_4)
FNDA:5,(anonymous_5)
FNDA:5,checkSchemaExistence
FNDA:5,(anonymous_7)
FNDA:4,updateSchema
FNDA:0,(anonymous_9)
FNDA:0,(anonymous_10)
FNDA:0,(anonymous_11)
FNDA:0,(anonymous_12)
FNDA:0,(anonymous_13)
FNDA:0,(anonymous_14)
FNDA:2,(anonymous_15)
FNDA:1,(anonymous_16)
FNDA:1,(anonymous_17)
FNDA:1,(anonymous_18)
FNDA:1,(anonymous_19)
FNDA:2,updateACM
FNDA:1,(anonymous_21)
FNDA:1,(anonymous_22)
FNDA:1,(anonymous_23)
FNDA:1,(anonymous_24)
FNDA:1,(anonymous_25)
FNDA:1,(anonymous_26)
FNDA:1,(anonymous_27)
FNDA:1,(anonymous_28)
FNDA:1,(anonymous_29)
FNDA:0,getPublic
FNDA:0,(anonymous_31)
FNDA:0,(anonymous_32)
FNDA:0,getPrivate
FNDA:0,(anonymous_34)
FNDA:0,(anonymous_35)
FNDA:2,filterExistingRoles
FNDA:2,(anonymous_37)
FNDA:2,(anonymous_38)
FNDA:0,schemaToAcm
FNDA:0,(anonymous_40)
FNDA:0,createACMScaffold
FNDA:0,(anonymous_42)
FNDA:0,(anonymous_43)
FNDA:0,populateACM
FNDA:0,(anonymous_45)
FNDA:0,(anonymous_46)
FNDA:0,(anonymous_47)
FNDA:0,updateMultipleACM
DA:10,1
DA:32,1
DA:33,2
DA:35,2
DA:36,0
DA:37,0
DA:39,0
DA:43,2
DA:44,0
DA:45,0
DA:46,0
DA:47,0
DA:48,0
DA:50,0
DA:51,0
DA:52,0
DA:53,0
DA:59,2
DA:67,2
DA:69,2
DA:70,2
DA:71,2
DA:72,2
DA:74,2
DA:75,2
DA:76,0
DA:77,0
DA:79,0
DA:80,0
DA:81,0
DA:82,0
DA:97,1
DA:98,5
DA:100,5
DA:103,5
DA:108,5
DA:118,1
DA:119,5
DA:120,5
DA:121,1
DA:122,1
DA:123,1
DA:124,1
DA:126,4
DA:135,1
DA:136,4
DA:137,2
DA:143,2
DA:144,0
DA:145,0
DA:146,0
DA:147,0
DA:148,0
DA:149,0
DA:150,0
DA:155,0
DA:156,0
DA:157,0
DA:158,0
DA:159,0
DA:160,0
DA:171,0
DA:172,0
DA:173,0
DA:174,0
DA:177,2
DA:178,2
DA:179,0
DA:180,0
DA:181,0
DA:182,0
DA:185,2
DA:186,1
DA:187,1
DA:188,1
DA:189,1
DA:190,1
DA:193,0
DA:194,0
DA:195,0
DA:196,0
DA:199,1
DA:200,1
DA:201,1
DA:202,1
DA:203,1
DA:204,1
DA:207,0
DA:208,0
DA:209,0
DA:210,0
DA:214,0
DA:215,0
DA:216,0
DA:217,0
DA:235,0
DA:236,0
DA:237,0
DA:238,0
DA:239,0
DA:241,0
DA:242,0
DA:247,2
DA:248,2
DA:249,2
DA:250,2
DA:263,1
DA:274,2
DA:275,2
DA:277,2
DA:278,1
DA:279,1
DA:280,1
DA:282,1
DA:283,1
DA:284,1
DA:287,1
DA:288,1
DA:289,1
DA:290,1
DA:291,1
DA:292,1
DA:293,1
DA:296,0
DA:307,1
DA:308,1
DA:310,1
DA:312,1
DA:313,0
DA:314,0
DA:315,0
DA:316,0
DA:318,1
DA:319,1
DA:320,1
DA:321,1
DA:334,1
DA:335,1
DA:337,1
DA:338,1
DA:339,0
DA:340,0
DA:341,0
DA:342,0
DA:344,1
DA:345,1
DA:358,1
DA:359,0
DA:361,0
DA:365,0
DA:366,0
DA:367,0
DA:368,0
DA:369,0
DA:370,0
DA:371,0
DA:372,0
DA:385,1
DA:386,0
DA:388,0
DA:392,0
DA:393,0
DA:394,0
DA:395,0
DA:396,0
DA:397,0
DA:398,0
DA:399,0
DA:405,1
DA:406,2
DA:407,2
DA:408,2
DA:409,2
DA:410,2
DA:411,2
DA:412,2
DA:414,2
DA:415,2
DA:420,1
DA:421,0
DA:422,0
DA:423,0
DA:427,0
DA:430,1
DA:431,0
DA:432,0
DA:433,0
DA:434,0
DA:435,0
DA:436,0
DA:437,0
DA:445,0
DA:446,0
DA:447,0
DA:448,0
DA:449,0
DA:452,0
DA:453,0
DA:462,1
DA:463,0
DA:464,0
DA:465,0
DA:466,0
DA:467,0
DA:468,0
DA:469,0
DA:470,0
DA:476,0
DA:480,1
DA:481,0
LF:210
LH:95
BRDA:35,1,0,0
BRDA:35,1,1,2
BRDA:36,2,0,0
BRDA:36,2,1,0
BRDA:43,3,0,0
BRDA:43,3,1,2
BRDA:46,4,0,0
BRDA:46,4,1,0
BRDA:60,5,0,2
BRDA:60,5,1,0
BRDA:61,6,0,2
BRDA:61,6,1,0
BRDA:62,7,0,2
BRDA:62,7,1,0
BRDA:63,8,0,2
BRDA:63,8,1,0
BRDA:71,9,0,2
BRDA:71,9,1,0
BRDA:76,10,0,0
BRDA:76,10,1,0
BRDA:120,11,0,1
BRDA:120,11,1,4
BRDA:136,12,0,2
BRDA:136,12,1,2
BRDA:136,13,0,4
BRDA:136,13,1,4
BRDA:136,13,2,2
BRDA:136,13,3,2
BRDA:137,14,0,2
BRDA:137,14,1,0
BRDA:137,15,0,2
BRDA:137,15,1,0
BRDA:143,16,0,0
BRDA:143,16,1,2
BRDA:144,17,0,0
BRDA:144,17,1,0
BRDA:145,18,0,0
BRDA:145,18,1,0
BRDA:155,19,0,0
BRDA:155,19,1,0
BRDA:178,20,0,0
BRDA:178,20,1,2
BRDA:185,21,0,1
BRDA:185,21,1,1
BRDA:187,22,0,1
BRDA:187,22,1,0
BRDA:193,23,0,0
BRDA:193,23,1,0
BRDA:195,24,0,0
BRDA:195,24,1,0
BRDA:199,25,0,1
BRDA:199,25,1,0
BRDA:201,26,0,1
BRDA:201,26,1,0
BRDA:207,27,0,0
BRDA:207,27,1,0
BRDA:209,28,0,0
BRDA:209,28,1,0
BRDA:235,29,0,0
BRDA:235,29,1,0
BRDA:277,30,0,1
BRDA:277,30,1,1
BRDA:282,31,0,1
BRDA:282,31,1,0
BRDA:284,32,0,1
BRDA:284,32,1,0
BRDA:287,33,0,1
BRDA:287,33,1,0
BRDA:291,34,0,1
BRDA:291,34,1,0
BRDA:293,35,0,1
BRDA:293,35,1,0
BRDA:312,36,0,0
BRDA:312,36,1,1
BRDA:338,37,0,0
BRDA:338,37,1,1
BRDA:367,38,0,0
BRDA:367,38,1,0
BRDA:370,39,0,0
BRDA:370,39,1,0
BRDA:394,40,0,0
BRDA:394,40,1,0
BRDA:397,41,0,0
BRDA:397,41,1,0
BRDA:411,42,0,2
BRDA:411,42,1,0
BRDA:415,43,0,2
BRDA:415,43,1,0
BRDA:435,44,0,0
BRDA:435,44,1,0
BRDA:446,45,0,0
BRDA:446,45,1,0
BRDA:452,46,0,0
BRDA:452,46,1,0
BRDA:465,47,0,0
BRDA:465,47,1,0
BRDA:469,48,0,0
BRDA:469,48,1,0
BRF:98
BRH:35
end_of_record
TN:
SF:/home/nathan/Documents/workspace/be/hisab/hisab_authorization_service/route/log.js
FNF:0
FNH:0
DA:9,1
DA:55,1
DA:224,1
DA:253,1
DA:255,1
LF:5
LH:5
BRF:0
BRH:0
end_of_record
TN:
SF:/home/nathan/Documents/workspace/be/hisab/hisab_authorization_service/controller/log.js
FN:22,(anonymous_1)
FN:38,(anonymous_2)
FN:50,(anonymous_3)
FN:69,(anonymous_4)
FN:73,(anonymous_5)
FN:74,(anonymous_6)
FNF:6
FNH:6
FNDA:1,(anonymous_1)
FNDA:1,(anonymous_2)
FNDA:1,(anonymous_3)
FNDA:1,(anonymous_4)
FNDA:1,(anonymous_5)
FNDA:1,(anonymous_6)
DA:10,1
DA:22,1
DA:23,1
DA:24,1
DA:38,1
DA:39,1
DA:40,1
DA:42,1
DA:50,1
DA:51,1
DA:52,0
DA:53,0
DA:55,1
DA:56,1
DA:69,1
DA:70,1
DA:71,1
DA:73,1
DA:74,1
DA:76,1
DA:77,1
LF:21
LH:19
BRDA:39,1,0,1
BRDA:39,1,1,1
BRDA:40,2,0,1
BRDA:40,2,1,1
BRDA:43,3,0,1
BRDA:43,3,1,1
BRDA:44,4,0,1
BRDA:44,4,1,1
BRDA:45,5,0,1
BRDA:45,5,1,1
BRDA:46,6,0,1
BRDA:46,6,1,1
BRDA:47,7,0,1
BRDA:47,7,1,1
BRDA:51,8,0,0
BRDA:51,8,1,1
BRF:16
BRH:15
end_of_record
TN:
SF:/home/nathan/Documents/workspace/be/hisab/hisab_authorization_service/lib/middleware/authorize.js
FN:27,authorize
FN:41,isOpenRoute
FN:54,retrieveToken
FN:89,getRole
FN:90,(anonymous_5)
FN:99,(anonymous_6)
FN:124,checkRouteAccess
FN:151,normalizeEndPoint
FNF:8
FNH:0
FNDA:0,authorize
FNDA:0,isOpenRoute
FNDA:0,retrieveToken
FNDA:0,getRole
FNDA:0,(anonymous_5)
FNDA:0,(anonymous_6)
FNDA:0,checkRouteAccess
FNDA:0,normalizeEndPoint
DA:10,1
DA:27,1
DA:29,0
DA:41,1
DA:42,0
DA:46,0
DA:54,1
DA:55,0
DA:56,0
DA:57,0
DA:58,0
DA:59,0
DA:61,0
DA:66,0
DA:67,0
DA:68,0
DA:69,0
DA:73,0
DA:74,0
DA:75,0
DA:76,0
DA:78,0
DA:89,1
DA:90,0
DA:91,0
DA:92,0
DA:93,0
DA:94,0
DA:95,0
DA:96,0
DA:98,0
DA:99,0
DA:100,0
DA:101,0
DA:102,0
DA:103,0
DA:104,0
DA:105,0
DA:106,0
DA:107,0
DA:108,0
DA:109,0
DA:110,0
DA:111,0
DA:124,1
DA:125,0
DA:126,0
DA:127,0
DA:132,0
DA:133,0
DA:134,0
DA:135,0
DA:136,0
DA:138,0
DA:139,0
DA:151,1
DA:152,0
DA:159,1
LF:58
LH:8
BRDA:46,1,0,0
BRDA:46,1,1,0
BRDA:55,2,0,0
BRDA:55,2,1,0
BRDA:66,3,0,0
BRDA:66,3,1,0
BRDA:73,4,0,0
BRDA:73,4,1,0
BRDA:91,5,0,0
BRDA:91,5,1,0
BRDA:100,6,0,0
BRDA:100,6,1,0
BRDA:105,7,0,0
BRDA:105,7,1,0
BRDA:110,8,0,0
BRDA:110,8,1,0
BRDA:125,9,0,0
BRDA:125,9,1,0
BRDA:126,10,0,0
BRDA:126,10,1,0
BRDA:132,11,0,0
BRDA:132,11,1,0
BRDA:152,12,0,0
BRDA:152,12,1,0
BRF:24
BRH:0
end_of_record
TN:
SF:/home/nathan/Documents/workspace/be/hisab/hisab_authorization_service/lib/helper/others/initializer.js
FN:24,pinger
FN:29,checker
FN:40,(anonymous_3)
FN:49,serviceChecker
FN:60,(anonymous_5)
FN:61,(anonymous_6)
FN:80,infoLogger
FN:84,(anonymous_8)
FN:91,(anonymous_9)
FN:107,(anonymous_10)
FNF:10
FNH:6
FNDA:1,pinger
FNDA:1,checker
FNDA:1,(anonymous_3)
FNDA:1,serviceChecker
FNDA:0,(anonymous_5)
FNDA:0,(anonymous_6)
FNDA:1,infoLogger
FNDA:0,(anonymous_8)
FNDA:0,(anonymous_9)
FNDA:1,(anonymous_10)
DA:10,1
DA:24,1
DA:25,1
DA:27,1
DA:29,1
DA:30,1
DA:32,1
DA:37,1
DA:41,1
DA:49,1
DA:50,1
DA:52,1
DA:58,1
DA:60,1
DA:61,0
DA:62,0
DA:63,0
DA:64,0
DA:69,1
DA:70,1
DA:80,1
DA:81,1
DA:82,1
DA:83,1
DA:84,1
DA:85,0
DA:87,1
DA:89,0
DA:90,0
DA:91,0
DA:92,0
DA:95,0
DA:96,0
DA:97,0
DA:98,0
DA:99,0
DA:100,0
DA:102,0
DA:107,1
DA:108,1
LF:40
LH:24
BRDA:62,1,0,0
BRDA:62,1,1,0
BRDA:82,2,0,1
BRDA:82,2,1,0
BRDA:89,3,0,0
BRDA:89,3,1,0
BRDA:95,4,0,0
BRDA:95,4,1,0
BRDA:99,5,0,0
BRDA:99,5,1,0
BRF:10
BRH:1
end_of_record
TN:
SF:/home/nathan/Documents/workspace/be/hisab/hisab_authorization_service/socket/index.js
FN:14,(anonymous_1)
FNF:1
FNH:1
FNDA:1,(anonymous_1)
DA:11,1
DA:14,1
DA:15,1
LF:3
LH:3
BRF:0
BRH:0
end_of_record
TN:
SF:/home/nathan/Documents/workspace/be/hisab/hisab_authorization_service/socket/log.js
FN:15,streamLogs
FN:16,(anonymous_2)
FNF:2
FNH:2
FNDA:1,streamLogs
FNDA:1,(anonymous_2)
DA:15,1
DA:16,1
DA:17,1
LF:3
LH:3
BRF:0
BRH:0
end_of_record
