TN:
SF:/home/nathan/Documents/workspace/be/hisab/hisab_authorization_service/lib/constant/index.js
FNF:0
FNH:0
DA:11,1
DA:16,1
LF:2
LH:2
BRF:0
BRH:0
end_of_record
TN:
SF:/home/nathan/Documents/workspace/be/hisab/hisab_authorization_service/lib/constant/accessRoutes.js
FNF:0
FNH:0
DA:13,1
DA:15,1
LF:2
LH:2
BRF:0
BRH:0
end_of_record
TN:
SF:/home/nathan/Documents/workspace/be/hisab/hisab_authorization_service/lib/constant/constant.js
FNF:0
FNH:0
DA:15,1
LF:1
LH:1
BRF:0
BRH:0
end_of_record
TN:
SF:/home/nathan/Documents/workspace/be/hisab/hisab_authorization_service/lib/constant/errorCodes.js
FNF:0
FNH:0
DA:13,1
LF:1
LH:1
BRF:0
BRH:0
end_of_record
TN:
SF:/home/nathan/Documents/workspace/be/hisab/hisab_authorization_service/lib/helper/index.js
FNF:0
FNH:0
DA:11,1
DA:20,1
LF:2
LH:2
BRF:0
BRH:0
end_of_record
TN:
SF:/home/nathan/Documents/workspace/be/hisab/hisab_authorization_service/lib/helper/api/index.js
FN:29,authOption
FN:53,responseHandler
FN:78,request
FN:82,(anonymous_4)
FNF:4
FNH:0
FNDA:0,authOption
FNDA:0,responseHandler
FNDA:0,request
FNDA:0,(anonymous_4)
DA:10,1
DA:29,1
DA:30,0
DA:32,0
DA:53,1
DA:54,0
DA:56,0
DA:57,0
DA:58,0
DA:60,0
DA:61,0
DA:63,0
DA:64,0
DA:78,1
DA:79,0
DA:81,0
DA:82,0
DA:83,0
DA:84,0
DA:85,0
DA:87,0
LF:21
LH:4
BRDA:57,1,0,0
BRDA:57,1,1,0
BRDA:57,2,0,0
BRDA:57,2,1,0
BRDA:84,3,0,0
BRDA:84,3,1,0
BRF:6
BRH:0
end_of_record
TN:
SF:/home/nathan/Documents/workspace/be/hisab/hisab_authorization_service/lib/helper/others/controllerHelper.js
FN:24,queryResponseHandler
FN:46,dataValidator
FN:49,(anonymous_3)
FN:77,pickUpdateData
FN:81,(anonymous_5)
FN:98,queryFilter
FN:100,(anonymous_7)
FN:116,resolveObjTarget
FN:117,(anonymous_9)
FN:130,isChildContainedInParent
FN:131,(anonymous_11)
FN:179,removeChildFromParent
FN:180,(anonymous_13)
FNF:13
FNH:13
FNDA:56,queryResponseHandler
FNDA:41,dataValidator
FNDA:67,(anonymous_3)
FNDA:40,pickUpdateData
FNDA:114,(anonymous_5)
FNDA:74,queryFilter
FNDA:347,(anonymous_7)
FNDA:28,resolveObjTarget
FNDA:44,(anonymous_9)
FNDA:4,isChildContainedInParent
FNDA:32,(anonymous_11)
FNDA:10,removeChildFromParent
FNDA:216,(anonymous_13)
DA:10,1
DA:24,1
DA:25,56
DA:27,56
DA:28,10
DA:29,10
DA:30,10
DA:31,10
DA:32,10
DA:34,46
DA:46,1
DA:47,41
DA:49,41
DA:50,67
DA:54,41
DA:56,41
DA:57,6
DA:59,6
DA:60,6
DA:62,6
DA:63,6
DA:65,35
DA:66,35
DA:77,1
DA:78,40
DA:80,40
DA:81,40
DA:82,114
DA:83,22
DA:85,114
DA:86,40
DA:98,1
DA:99,74
DA:100,74
DA:101,347
DA:102,52
DA:105,74
DA:116,1
DA:117,28
DA:118,44
DA:130,1
DA:131,4
DA:133,32
DA:135,32
DA:137,0
DA:140,0
DA:141,0
DA:144,0
DA:145,0
DA:148,0
DA:153,0
DA:154,0
DA:156,0
DA:160,4
DA:161,4
DA:162,8
DA:163,32
DA:164,0
DA:165,0
DA:170,4
DA:179,1
DA:180,10
DA:182,216
DA:184,200
DA:186,142
DA:189,0
DA:190,0
DA:193,0
DA:194,0
DA:197,142
DA:203,132
DA:206,10
DA:207,18
DA:208,216
DA:209,132
LF:75
LH:60
BRDA:27,1,0,10
BRDA:27,1,1,46
BRDA:56,2,0,6
BRDA:56,2,1,35
BRDA:82,3,0,22
BRDA:82,3,1,92
BRDA:85,4,0,40
BRDA:85,4,1,74
BRDA:101,5,0,52
BRDA:101,5,1,295
BRDA:118,6,0,44
BRDA:118,6,1,0
BRDA:135,7,0,32
BRDA:135,7,1,0
BRDA:137,8,0,0
BRDA:137,8,1,0
BRDA:137,8,2,0
BRDA:140,9,0,0
BRDA:140,9,1,0
BRDA:144,10,0,0
BRDA:144,10,1,0
BRDA:144,11,0,0
BRDA:144,11,1,0
BRDA:144,11,2,0
BRDA:148,12,0,0
BRDA:148,12,1,0
BRDA:154,13,0,0
BRDA:154,13,1,0
BRDA:163,14,0,0
BRDA:163,14,1,32
BRDA:184,15,0,58
BRDA:184,15,1,142
BRDA:186,16,0,0
BRDA:186,16,1,0
BRDA:186,16,2,142
BRDA:189,17,0,0
BRDA:189,17,1,0
BRDA:193,18,0,0
BRDA:193,18,1,0
BRDA:193,19,0,0
BRDA:193,19,1,0
BRDA:193,19,2,0
BRDA:197,20,0,26
BRDA:197,20,1,116
BRDA:208,21,0,132
BRDA:208,21,1,84
BRF:46
BRH:20
end_of_record
TN:
SF:/home/nathan/Documents/workspace/be/hisab/hisab_authorization_service/app.js
FN:61,(anonymous_1)
FN:68,(anonymous_2)
FN:91,(anonymous_3)
FN:113,pingDependentServices
FN:118,(anonymous_5)
FN:124,(anonymous_6)
FN:147,(anonymous_7)
FN:163,createsAnyRole
FN:169,(anonymous_9)
FN:183,createACMForAnyRole
FN:186,(anonymous_11)
FN:188,(anonymous_12)
FN:202,createSuperAdministrator
FN:204,(anonymous_14)
FN:211,(anonymous_15)
FNF:15
FNH:10
FNDA:1,(anonymous_1)
FNDA:0,(anonymous_2)
FNDA:132,(anonymous_3)
FNDA:1,pingDependentServices
FNDA:1,(anonymous_5)
FNDA:1,(anonymous_6)
FNDA:0,(anonymous_7)
FNDA:1,createsAnyRole
FNDA:0,(anonymous_9)
FNDA:1,createACMForAnyRole
FNDA:1,(anonymous_11)
FNDA:0,(anonymous_12)
FNDA:1,createSuperAdministrator
FNDA:1,(anonymous_14)
FNDA:0,(anonymous_15)
DA:10,1
DA:35,1
DA:37,1
DA:38,1
DA:48,1
DA:49,1
DA:50,11
DA:56,1
DA:61,1
DA:62,1
DA:68,1
DA:69,0
DA:70,0
DA:71,0
DA:72,0
DA:73,0
DA:74,0
DA:81,1
DA:84,1
DA:85,0
DA:91,1
DA:92,132
DA:93,132
DA:94,132
DA:95,132
DA:96,132
DA:99,1
DA:100,1
DA:101,1
DA:106,1
DA:107,1
DA:113,1
DA:114,1
DA:119,1
DA:121,1
DA:122,1
DA:124,1
DA:125,1
DA:126,1
DA:127,1
DA:130,1
DA:134,0
DA:142,1
DA:147,1
DA:148,0
DA:149,0
DA:150,0
DA:152,0
DA:153,0
DA:154,0
DA:155,0
DA:163,1
DA:164,1
DA:165,1
DA:167,1
DA:168,1
DA:169,0
DA:170,0
DA:171,0
DA:172,0
DA:183,1
DA:184,1
DA:186,1
DA:187,1
DA:188,0
DA:189,0
DA:190,0
DA:191,0
DA:202,1
DA:203,1
DA:204,1
DA:205,1
DA:206,0
DA:211,0
DA:212,0
DA:223,1
LF:76
LH:50
BRDA:35,1,0,1
BRDA:35,1,1,0
BRDA:72,2,0,0
BRDA:72,2,1,0
BRDA:84,3,0,0
BRDA:84,3,1,1
BRDA:119,4,0,1
BRDA:119,4,1,0
BRDA:148,5,0,0
BRDA:148,5,1,0
BRDA:168,6,0,0
BRDA:168,6,1,1
BRDA:170,7,0,0
BRDA:170,7,1,0
BRDA:187,8,0,0
BRDA:187,8,1,1
BRDA:189,9,0,0
BRDA:189,9,1,0
BRDA:205,10,0,0
BRDA:205,10,1,1
BRDA:207,11,0,0
BRDA:207,11,1,0
BRDA:208,12,0,0
BRDA:208,12,1,0
BRF:24
BRH:6
end_of_record
TN:
SF:/home/nathan/Documents/workspace/be/hisab/hisab_authorization_service/config/index.js
FNF:0
FNH:0
DA:15,1
LF:1
LH:1
BRDA:16,1,0,1
BRDA:16,1,1,0
BRDA:19,2,0,1
BRDA:19,2,1,0
BRDA:24,3,0,1
BRDA:24,3,1,0
BRF:6
BRH:3
end_of_record
TN:
SF:/home/nathan/Documents/workspace/be/hisab/hisab_authorization_service/route/index.js
FN:26,(anonymous_1)
FNF:1
FNH:1
FNDA:1,(anonymous_1)
DA:11,1
DA:26,1
DA:28,1
DA:29,1
DA:30,1
DA:31,1
DA:32,1
DA:33,1
DA:34,1
DA:35,1
LF:10
LH:10
BRF:0
BRH:0
end_of_record
TN:
SF:/home/nathan/Documents/workspace/be/hisab/hisab_authorization_service/route/token.js
FNF:0
FNH:0
DA:10,1
DA:55,1
DA:102,1
DA:105,1
LF:4
LH:4
BRF:0
BRH:0
end_of_record
TN:
SF:/home/nathan/Documents/workspace/be/hisab/hisab_authorization_service/controller/token.js
FN:31,(anonymous_1)
FN:39,(anonymous_2)
FN:48,validateData
FN:58,createUser
FN:62,(anonymous_5)
FN:64,(anonymous_6)
FN:86,createData
FN:116,(anonymous_8)
FN:129,(anonymous_9)
FN:138,validateData
FN:148,saveRequest
FN:150,(anonymous_12)
FN:177,isRouteAllowedToAccessByAny
FN:183,(anonymous_14)
FN:206,createUserData
FN:210,(anonymous_16)
FN:217,(anonymous_17)
FN:232,areAnyRoleAllowedToAccessRouteAndObject
FN:236,(anonymous_19)
FN:246,(anonymous_20)
FN:270,isUserAllowedToPerformMethodOnObject
FN:276,(anonymous_22)
FN:285,retrieveAllRolesAllowedToAccessRoute
FN:290,(anonymous_24)
FN:317,checkIfSubjectIsAllowedToPerformMethodOnObject
FN:327,(anonymous_26)
FN:366,isSubjectAllowedToPerformMethodOnObject
FN:380,(anonymous_28)
FNF:28
FNH:27
FNDA:4,(anonymous_1)
FNDA:3,(anonymous_2)
FNDA:4,validateData
FNDA:3,createUser
FNDA:3,(anonymous_5)
FNDA:1,(anonymous_6)
FNDA:3,createData
FNDA:13,(anonymous_8)
FNDA:3,(anonymous_9)
FNDA:13,validateData
FNDA:12,saveRequest
FNDA:12,(anonymous_12)
FNDA:11,isRouteAllowedToAccessByAny
FNDA:2,(anonymous_14)
FNDA:10,createUserData
FNDA:10,(anonymous_16)
FNDA:0,(anonymous_17)
FNDA:10,areAnyRoleAllowedToAccessRouteAndObject
FNDA:10,(anonymous_19)
FNDA:3,(anonymous_20)
FNDA:9,isUserAllowedToPerformMethodOnObject
FNDA:3,(anonymous_22)
FNDA:9,retrieveAllRolesAllowedToAccessRoute
FNDA:7,(anonymous_24)
FNDA:3,checkIfSubjectIsAllowedToPerformMethodOnObject
FNDA:3,(anonymous_26)
FNDA:6,isSubjectAllowedToPerformMethodOnObject
FNDA:6,(anonymous_28)
DA:10,1
DA:31,1
DA:32,4
DA:34,4
DA:35,4
DA:40,3
DA:48,1
DA:49,4
DA:50,4
DA:58,1
DA:59,3
DA:61,3
DA:62,3
DA:63,3
DA:64,1
DA:65,1
DA:66,0
DA:67,0
DA:68,0
DA:69,0
DA:70,1
DA:71,1
DA:75,2
DA:86,1
DA:87,3
DA:89,3
DA:92,3
DA:93,0
DA:94,0
DA:95,0
DA:96,0
DA:97,3
DA:98,3
DA:99,3
DA:103,3
DA:116,1
DA:117,13
DA:118,13
DA:122,13
DA:130,3
DA:138,1
DA:139,13
DA:140,13
DA:148,1
DA:149,12
DA:150,12
DA:151,12
DA:152,1
DA:153,1
DA:154,1
DA:155,1
DA:156,1
DA:159,1
DA:160,1
DA:162,11
DA:165,11
DA:166,11
DA:177,1
DA:178,11
DA:179,11
DA:180,2
DA:183,2
DA:184,2
DA:185,1
DA:186,1
DA:189,1
DA:190,1
DA:192,1
DA:196,9
DA:206,1
DA:207,10
DA:208,10
DA:209,10
DA:210,10
DA:211,10
DA:212,0
DA:213,0
DA:214,0
DA:215,0
DA:216,10
DA:217,0
DA:218,0
DA:220,10
DA:221,10
DA:232,1
DA:233,10
DA:234,10
DA:236,10
DA:237,10
DA:238,3
DA:239,0
DA:240,0
DA:243,0
DA:244,0
DA:246,3
DA:247,3
DA:248,1
DA:249,1
DA:252,1
DA:253,1
DA:254,2
DA:258,7
DA:270,1
DA:271,9
DA:273,9
DA:277,3
DA:285,1
DA:286,9
DA:287,2
DA:289,7
DA:290,7
DA:291,7
DA:293,2
DA:294,1
DA:295,1
DA:297,1
DA:300,5
DA:301,5
DA:304,5
DA:305,5
DA:317,1
DA:318,3
DA:319,3
DA:320,0
DA:321,0
DA:324,0
DA:325,0
DA:327,3
DA:328,3
DA:329,2
DA:330,2
DA:333,2
DA:334,2
DA:336,1
DA:337,1
DA:340,1
DA:341,1
DA:343,3
DA:347,0
DA:348,0
DA:351,0
DA:352,0
DA:366,1
DA:367,6
DA:370,6
DA:371,0
DA:372,6
DA:373,6
DA:374,0
DA:375,0
DA:378,6
DA:380,6
DA:381,6
DA:382,0
DA:384,6
LF:155
LH:125
BRDA:63,1,0,1
BRDA:63,1,1,2
BRDA:63,2,0,3
BRDA:63,2,1,1
BRDA:65,3,0,0
BRDA:65,3,1,1
BRDA:70,4,0,1
BRDA:70,4,1,0
BRDA:92,5,0,0
BRDA:92,5,1,3
BRDA:97,6,0,3
BRDA:97,6,1,0
BRDA:151,7,0,1
BRDA:151,7,1,11
BRDA:179,8,0,2
BRDA:179,8,1,9
BRDA:184,9,0,1
BRDA:184,9,1,1
BRDA:211,10,0,0
BRDA:211,10,1,10
BRDA:216,11,0,0
BRDA:216,11,1,10
BRDA:218,12,0,0
BRDA:218,12,1,0
BRDA:218,13,0,0
BRDA:218,13,1,0
BRDA:220,14,0,10
BRDA:220,14,1,0
BRDA:237,15,0,3
BRDA:237,15,1,7
BRDA:238,16,0,0
BRDA:238,16,1,3
BRDA:247,17,0,1
BRDA:247,17,1,2
BRDA:286,18,0,2
BRDA:286,18,1,7
BRDA:291,19,0,2
BRDA:291,19,1,5
BRDA:293,20,0,1
BRDA:293,20,1,1
BRDA:293,21,0,2
BRDA:293,21,1,2
BRDA:318,22,0,3
BRDA:318,22,1,0
BRDA:319,23,0,0
BRDA:319,23,1,3
BRDA:328,24,0,2
BRDA:328,24,1,1
BRDA:370,25,0,0
BRDA:370,25,1,6
BRDA:372,26,0,6
BRDA:372,26,1,0
BRDA:374,27,0,0
BRDA:374,27,1,0
BRDA:378,28,0,0
BRDA:378,28,1,6
BRDA:381,29,0,0
BRDA:381,29,1,6
BRF:58
BRH:38
end_of_record
TN:
SF:/home/nathan/Documents/workspace/be/hisab/hisab_authorization_service/dal/user.js
FN:20,create
FN:30,getPublic
FN:40,getPrivate
FN:51,getCollectionsPaginated
FN:52,(anonymous_5)
FN:63,getAllCollection
FN:73,(anonymous_7)
FN:84,update
FN:95,updateMany
FN:105,remove
FN:115,removeMany
FN:127,(anonymous_12)
FN:128,(anonymous_13)
FN:155,(anonymous_14)
FN:156,(anonymous_15)
FNF:15
FNH:8
FNDA:3,create
FNDA:1,getPublic
FNDA:15,getPrivate
FNDA:1,getCollectionsPaginated
FNDA:1,(anonymous_5)
FNDA:0,getAllCollection
FNDA:1,(anonymous_7)
FNDA:0,update
FNDA:1,updateMany
FNDA:0,remove
FNDA:1,removeMany
FNDA:0,(anonymous_12)
FNDA:0,(anonymous_13)
FNDA:0,(anonymous_14)
FNDA:0,(anonymous_15)
DA:10,1
DA:20,1
DA:21,3
DA:30,1
DA:31,1
DA:40,1
DA:41,15
DA:51,1
DA:52,1
DA:53,1
DA:63,1
DA:64,0
DA:73,1
DA:74,1
DA:84,1
DA:85,0
DA:95,1
DA:96,1
DA:105,1
DA:106,0
DA:115,1
DA:116,1
DA:127,1
DA:128,0
DA:129,0
DA:130,0
DA:131,0
DA:132,0
DA:133,0
DA:135,0
DA:136,0
DA:137,0
DA:139,0
DA:142,0
DA:155,1
DA:156,0
DA:157,0
DA:158,0
DA:159,0
DA:160,0
DA:161,0
DA:162,0
DA:163,0
DA:165,0
DA:168,0
LF:45
LH:21
BRDA:129,1,0,0
BRDA:129,1,1,0
BRDA:131,2,0,0
BRDA:131,2,1,0
BRDA:132,3,0,0
BRDA:132,3,1,0
BRDA:157,4,0,0
BRDA:157,4,1,0
BRDA:159,5,0,0
BRDA:159,5,1,0
BRF:10
BRH:0
end_of_record
TN:
SF:/home/nathan/Documents/workspace/be/hisab/hisab_authorization_service/model/user.js
FN:43,preSave
FN:62,(anonymous_2)
FNF:2
FNH:2
FNDA:2,preSave
FNDA:1,(anonymous_2)
DA:10,1
DA:18,1
DA:30,1
DA:35,1
DA:43,1
DA:44,2
DA:45,2
DA:47,2
DA:48,2
DA:49,2
DA:50,2
DA:52,0
DA:53,0
DA:57,1
DA:62,1
DA:63,1
DA:64,1
DA:65,1
DA:67,0
DA:68,0
DA:72,1
LF:21
LH:17
BRDA:47,1,0,2
BRDA:47,1,1,0
BRDA:63,2,0,1
BRDA:63,2,1,0
BRF:4
BRH:2
end_of_record
TN:
SF:/home/nathan/Documents/workspace/be/hisab/hisab_authorization_service/dal/role.js
FN:21,create
FN:31,getPublic
FN:41,getPrivate
FN:52,getCollectionsPaginated
FN:53,(anonymous_5)
FN:64,getAllCollection
FN:74,(anonymous_7)
FN:85,update
FN:96,updateMany
FN:106,remove
FN:116,removeMany
FN:128,(anonymous_12)
FN:129,(anonymous_13)
FN:156,(anonymous_14)
FN:157,(anonymous_15)
FNF:15
FNH:13
FNDA:6,create
FNDA:1,getPublic
FNDA:5,getPrivate
FNDA:1,getCollectionsPaginated
FNDA:1,(anonymous_5)
FNDA:19,getAllCollection
FNDA:1,(anonymous_7)
FNDA:0,update
FNDA:3,updateMany
FNDA:0,remove
FNDA:3,removeMany
FNDA:3,(anonymous_12)
FNDA:3,(anonymous_13)
FNDA:3,(anonymous_14)
FNDA:3,(anonymous_15)
DA:10,1
DA:21,1
DA:22,6
DA:31,1
DA:32,1
DA:41,1
DA:42,5
DA:52,1
DA:53,1
DA:54,1
DA:64,1
DA:65,19
DA:74,1
DA:75,1
DA:85,1
DA:86,0
DA:96,1
DA:97,3
DA:106,1
DA:107,0
DA:116,1
DA:117,3
DA:128,1
DA:129,3
DA:130,3
DA:131,3
DA:132,3
DA:133,2
DA:134,2
DA:136,2
DA:137,2
DA:138,2
DA:140,1
DA:143,0
DA:156,1
DA:157,3
DA:158,3
DA:159,3
DA:160,3
DA:161,2
DA:162,2
DA:163,2
DA:164,2
DA:166,1
DA:169,0
LF:45
LH:41
BRDA:130,1,0,3
BRDA:130,1,1,0
BRDA:132,2,0,2
BRDA:132,2,1,1
BRDA:133,3,0,2
BRDA:133,3,1,0
BRDA:158,4,0,3
BRDA:158,4,1,0
BRDA:160,5,0,2
BRDA:160,5,1,1
BRF:10
BRH:7
end_of_record
TN:
SF:/home/nathan/Documents/workspace/be/hisab/hisab_authorization_service/model/role.js
FN:51,preSave
FN:70,(anonymous_2)
FNF:2
FNH:2
FNDA:6,preSave
FNDA:1,(anonymous_2)
DA:10,1
DA:20,1
DA:38,1
DA:43,1
DA:51,1
DA:52,6
DA:53,6
DA:55,6
DA:56,4
DA:57,4
DA:58,4
DA:60,2
DA:61,2
DA:65,1
DA:70,1
DA:71,1
DA:72,1
DA:73,1
DA:75,0
DA:76,0
DA:80,1
LF:21
LH:19
BRDA:55,1,0,4
BRDA:55,1,1,2
BRDA:71,2,0,1
BRDA:71,2,1,0
BRF:4
BRH:3
end_of_record
TN:
SF:/home/nathan/Documents/workspace/be/hisab/hisab_authorization_service/dal/acm.js
FN:21,create
FN:31,getPublic
FN:41,getPrivate
FN:52,getCollectionsPaginated
FN:53,(anonymous_5)
FN:64,getAllCollection
FN:74,(anonymous_7)
FN:85,update
FN:96,updateMany
FN:106,remove
FN:116,removeMany
FN:128,(anonymous_12)
FN:129,(anonymous_13)
FN:159,(anonymous_14)
FN:160,(anonymous_15)
FNF:15
FNH:13
FNDA:2,create
FNDA:1,getPublic
FNDA:7,getPrivate
FNDA:1,getCollectionsPaginated
FNDA:1,(anonymous_5)
FNDA:6,getAllCollection
FNDA:1,(anonymous_7)
FNDA:0,update
FNDA:3,updateMany
FNDA:0,remove
FNDA:3,removeMany
FNDA:10,(anonymous_12)
FNDA:10,(anonymous_13)
FNDA:4,(anonymous_14)
FNDA:4,(anonymous_15)
DA:10,1
DA:21,1
DA:22,2
DA:31,1
DA:32,1
DA:41,1
DA:42,7
DA:52,1
DA:53,1
DA:54,1
DA:64,1
DA:65,6
DA:74,1
DA:75,1
DA:85,1
DA:86,0
DA:96,1
DA:97,3
DA:106,1
DA:107,0
DA:116,1
DA:117,3
DA:128,1
DA:129,10
DA:130,10
DA:131,10
DA:132,10
DA:133,9
DA:134,9
DA:135,9
DA:136,9
DA:137,9
DA:138,9
DA:140,0
DA:143,1
DA:146,0
DA:159,1
DA:160,4
DA:161,4
DA:162,4
DA:163,4
DA:164,3
DA:165,3
DA:166,3
DA:167,3
DA:169,1
DA:172,0
LF:47
LH:42
BRDA:130,1,0,10
BRDA:130,1,1,0
BRDA:132,2,0,9
BRDA:132,2,1,1
BRDA:133,3,0,9
BRDA:133,3,1,0
BRDA:161,4,0,4
BRDA:161,4,1,0
BRDA:163,5,0,3
BRDA:163,5,1,1
BRF:10
BRH:7
end_of_record
TN:
SF:/home/nathan/Documents/workspace/be/hisab/hisab_authorization_service/model/acm.js
FN:48,preSave
FN:67,(anonymous_2)
FNF:2
FNH:2
FNDA:14,preSave
FNDA:1,(anonymous_2)
DA:10,1
DA:18,1
DA:35,1
DA:40,1
DA:48,1
DA:49,14
DA:50,14
DA:52,14
DA:53,2
DA:54,2
DA:55,2
DA:57,12
DA:58,12
DA:62,1
DA:67,1
DA:68,1
DA:69,1
DA:70,1
DA:72,0
DA:73,0
DA:77,1
LF:21
LH:19
BRDA:52,1,0,2
BRDA:52,1,1,12
BRDA:68,2,0,1
BRDA:68,2,1,0
BRF:4
BRH:3
end_of_record
TN:
SF:/home/nathan/Documents/workspace/be/hisab/hisab_authorization_service/route/service.js
FNF:0
FNH:0
DA:10,1
DA:114,1
DA:151,1
DA:287,1
DA:341,1
DA:381,1
DA:383,1
LF:7
LH:7
BRF:0
BRH:0
end_of_record
TN:
SF:/home/nathan/Documents/workspace/be/hisab/hisab_authorization_service/controller/service.js
FN:29,(anonymous_1)
FN:36,(anonymous_2)
FN:45,validateData
FN:56,createData
FN:59,(anonymous_5)
FN:60,(anonymous_6)
FN:83,(anonymous_7)
FN:103,(anonymous_8)
FN:104,(anonymous_9)
FN:133,(anonymous_10)
FN:146,(anonymous_11)
FN:155,pickUpdateData
FN:158,(anonymous_13)
FN:179,updateData
FN:185,(anonymous_15)
FN:197,(anonymous_16)
FN:223,(anonymous_17)
FN:224,(anonymous_18)
FN:243,(anonymous_19)
FN:254,(anonymous_20)
FN:255,(anonymous_21)
FN:270,(anonymous_22)
FN:273,(anonymous_23)
FN:295,getPublic
FN:302,(anonymous_25)
FN:303,(anonymous_26)
FN:322,getPrivate
FN:329,(anonymous_28)
FN:330,(anonymous_29)
FNF:29
FNH:29
FNDA:4,(anonymous_1)
FNDA:2,(anonymous_2)
FNDA:4,validateData
FNDA:4,createData
FNDA:4,(anonymous_5)
FNDA:2,(anonymous_6)
FNDA:4,(anonymous_7)
FNDA:1,(anonymous_8)
FNDA:1,(anonymous_9)
FNDA:10,(anonymous_10)
FNDA:1,(anonymous_11)
FNDA:10,pickUpdateData
FNDA:10,(anonymous_13)
FNDA:9,updateData
FNDA:3,(anonymous_15)
FNDA:3,(anonymous_16)
FNDA:1,(anonymous_17)
FNDA:1,(anonymous_18)
FNDA:3,(anonymous_19)
FNDA:2,(anonymous_20)
FNDA:2,(anonymous_21)
FNDA:1,(anonymous_22)
FNDA:1,(anonymous_23)
FNDA:1,getPublic
FNDA:1,(anonymous_25)
FNDA:1,(anonymous_26)
FNDA:2,getPrivate
FNDA:2,(anonymous_28)
FNDA:1,(anonymous_29)
DA:10,1
DA:29,1
DA:30,4
DA:32,4
DA:33,4
DA:37,2
DA:45,1
DA:46,4
DA:48,4
DA:56,1
DA:57,4
DA:59,4
DA:60,4
DA:61,2
DA:62,2
DA:63,2
DA:64,2
DA:66,0
DA:67,0
DA:68,0
DA:69,0
DA:83,1
DA:84,4
DA:86,4
DA:87,3
DA:88,2
DA:90,1
DA:93,1
DA:101,1
DA:103,1
DA:104,1
DA:105,1
DA:106,1
DA:108,1
DA:109,1
DA:110,0
DA:111,0
DA:113,0
DA:114,0
DA:115,0
DA:116,0
DA:133,1
DA:134,10
DA:136,10
DA:139,10
DA:143,10
DA:147,1
DA:155,1
DA:156,10
DA:158,10
DA:159,10
DA:160,7
DA:162,3
DA:163,1
DA:164,1
DA:165,1
DA:166,1
DA:167,2
DA:179,1
DA:180,9
DA:182,9
DA:183,7
DA:184,6
DA:185,3
DA:186,3
DA:187,2
DA:188,2
DA:190,1
DA:191,1
DA:192,1
DA:193,1
DA:196,3
DA:197,3
DA:198,3
DA:199,2
DA:200,2
DA:202,1
DA:203,1
DA:204,1
DA:205,1
DA:210,1
DA:211,1
DA:212,1
DA:213,1
DA:217,2
DA:218,1
DA:219,1
DA:220,1
DA:221,1
DA:223,1
DA:224,1
DA:225,1
DA:226,1
DA:227,1
DA:243,1
DA:244,3
DA:246,3
DA:248,3
DA:249,1
DA:250,1
DA:251,1
DA:252,1
DA:254,2
DA:255,2
DA:256,2
DA:257,2
DA:270,1
DA:271,1
DA:273,1
DA:274,1
DA:275,0
DA:276,0
DA:277,0
DA:278,0
DA:280,1
DA:281,1
DA:295,1
DA:296,1
DA:298,1
DA:302,1
DA:303,1
DA:304,1
DA:305,0
DA:306,0
DA:307,1
DA:308,1
DA:309,1
DA:322,1
DA:323,2
DA:325,2
DA:329,2
DA:330,2
DA:331,1
DA:332,0
DA:333,0
DA:334,1
DA:335,1
DA:336,1
LF:138
LH:120
BRDA:61,1,0,2
BRDA:61,1,1,0
BRDA:86,2,0,3
BRDA:86,2,1,1
BRDA:87,3,0,2
BRDA:87,3,1,1
BRDA:94,4,0,1
BRDA:94,4,1,0
BRDA:95,5,0,1
BRDA:95,5,1,0
BRDA:96,6,0,1
BRDA:96,6,1,0
BRDA:97,7,0,1
BRDA:97,7,1,0
BRDA:105,8,0,1
BRDA:105,8,1,0
BRDA:110,9,0,0
BRDA:110,9,1,0
BRDA:159,10,0,7
BRDA:159,10,1,3
BRDA:159,11,0,10
BRDA:159,11,1,7
BRDA:162,12,0,1
BRDA:162,12,1,2
BRDA:167,13,0,2
BRDA:167,13,1,0
BRDA:182,14,0,7
BRDA:182,14,1,2
BRDA:182,15,0,9
BRDA:182,15,1,7
BRDA:183,16,0,6
BRDA:183,16,1,1
BRDA:184,17,0,3
BRDA:184,17,1,3
BRDA:186,18,0,2
BRDA:186,18,1,1
BRDA:190,19,0,1
BRDA:190,19,1,0
BRDA:192,20,0,1
BRDA:192,20,1,0
BRDA:196,21,0,3
BRDA:196,21,1,0
BRDA:198,22,0,2
BRDA:198,22,1,1
BRDA:202,23,0,1
BRDA:202,23,1,0
BRDA:204,24,0,1
BRDA:204,24,1,0
BRDA:217,25,0,1
BRDA:217,25,1,1
BRDA:248,26,0,1
BRDA:248,26,1,2
BRDA:274,27,0,0
BRDA:274,27,1,1
BRDA:304,28,0,0
BRDA:304,28,1,1
BRDA:307,29,0,1
BRDA:307,29,1,0
BRDA:331,30,0,0
BRDA:331,30,1,1
BRDA:334,31,0,1
BRDA:334,31,1,0
BRF:62
BRH:43
end_of_record
TN:
SF:/home/nathan/Documents/workspace/be/hisab/hisab_authorization_service/dal/service.js
FN:20,create
FN:30,getPublic
FN:40,getPrivate
FN:51,getCollectionsPaginated
FN:52,(anonymous_5)
FN:63,getAllCollection
FN:73,(anonymous_7)
FN:84,update
FN:95,updateMany
FN:105,remove
FN:115,removeMany
FN:127,(anonymous_12)
FN:128,(anonymous_13)
FN:155,(anonymous_14)
FN:156,(anonymous_15)
FNF:15
FNH:12
FNDA:4,create
FNDA:1,getPublic
FNDA:2,getPrivate
FNDA:1,getCollectionsPaginated
FNDA:1,(anonymous_5)
FNDA:0,getAllCollection
FNDA:1,(anonymous_7)
FNDA:0,update
FNDA:1,updateMany
FNDA:0,remove
FNDA:2,removeMany
FNDA:3,(anonymous_12)
FNDA:3,(anonymous_13)
FNDA:3,(anonymous_14)
FNDA:3,(anonymous_15)
DA:10,1
DA:20,1
DA:21,4
DA:30,1
DA:31,1
DA:40,1
DA:41,2
DA:51,1
DA:52,1
DA:53,1
DA:63,1
DA:64,0
DA:73,1
DA:74,1
DA:84,1
DA:85,0
DA:95,1
DA:96,1
DA:105,1
DA:106,0
DA:115,1
DA:116,2
DA:127,1
DA:128,3
DA:129,3
DA:130,3
DA:131,3
DA:132,2
DA:133,2
DA:135,2
DA:136,2
DA:137,2
DA:139,1
DA:142,0
DA:155,1
DA:156,3
DA:157,3
DA:158,3
DA:159,3
DA:160,2
DA:161,2
DA:162,2
DA:163,2
DA:165,1
DA:168,0
LF:45
LH:40
BRDA:129,1,0,3
BRDA:129,1,1,0
BRDA:131,2,0,2
BRDA:131,2,1,1
BRDA:132,3,0,2
BRDA:132,3,1,0
BRDA:157,4,0,3
BRDA:157,4,1,0
BRDA:159,5,0,2
BRDA:159,5,1,1
BRF:10
BRH:7
end_of_record
TN:
SF:/home/nathan/Documents/workspace/be/hisab/hisab_authorization_service/model/service.js
FN:52,preSave
FN:71,(anonymous_2)
FNF:2
FNH:2
FNDA:6,preSave
FNDA:1,(anonymous_2)
DA:10,1
DA:19,1
DA:39,1
DA:44,1
DA:52,1
DA:53,6
DA:54,6
DA:56,6
DA:57,2
DA:58,2
DA:59,2
DA:61,4
DA:62,4
DA:66,1
DA:71,1
DA:72,1
DA:73,1
DA:74,1
DA:76,0
DA:77,0
DA:81,1
LF:21
LH:19
BRDA:56,1,0,2
BRDA:56,1,1,4
BRDA:72,2,0,1
BRDA:72,2,1,0
BRF:4
BRH:3
end_of_record
TN:
SF:/home/nathan/Documents/workspace/be/hisab/hisab_authorization_service/route/user.js
FNF:0
FNH:0
DA:10,1
DA:74,1
DA:109,1
DA:183,1
DA:234,1
DA:272,1
DA:274,1
LF:7
LH:7
BRF:0
BRH:0
end_of_record
TN:
SF:/home/nathan/Documents/workspace/be/hisab/hisab_authorization_service/controller/user.js
FN:29,(anonymous_1)
FN:36,(anonymous_2)
FN:45,validateData
FN:56,createData
FN:59,(anonymous_5)
FN:60,(anonymous_6)
FN:83,(anonymous_7)
FN:103,(anonymous_8)
FN:104,(anonymous_9)
FN:133,(anonymous_10)
FN:146,(anonymous_11)
FN:155,pickUpdateData
FN:158,(anonymous_13)
FN:179,updateData
FN:185,(anonymous_15)
FN:197,(anonymous_16)
FN:223,(anonymous_17)
FN:224,(anonymous_18)
FN:243,(anonymous_19)
FN:254,(anonymous_20)
FN:255,(anonymous_21)
FN:270,(anonymous_22)
FN:273,(anonymous_23)
FN:294,getPublic
FN:301,(anonymous_25)
FN:302,(anonymous_26)
FN:321,getPrivate
FN:328,(anonymous_28)
FN:329,(anonymous_29)
FNF:29
FNH:27
FNDA:2,(anonymous_1)
FNDA:1,(anonymous_2)
FNDA:2,validateData
FNDA:2,createData
FNDA:2,(anonymous_5)
FNDA:1,(anonymous_6)
FNDA:4,(anonymous_7)
FNDA:1,(anonymous_8)
FNDA:1,(anonymous_9)
FNDA:3,(anonymous_10)
FNDA:1,(anonymous_11)
FNDA:3,pickUpdateData
FNDA:3,(anonymous_13)
FNDA:2,updateData
FNDA:0,(anonymous_15)
FNDA:0,(anonymous_16)
FNDA:1,(anonymous_17)
FNDA:1,(anonymous_18)
FNDA:2,(anonymous_19)
FNDA:1,(anonymous_20)
FNDA:1,(anonymous_21)
FNDA:1,(anonymous_22)
FNDA:1,(anonymous_23)
FNDA:1,getPublic
FNDA:1,(anonymous_25)
FNDA:1,(anonymous_26)
FNDA:2,getPrivate
FNDA:2,(anonymous_28)
FNDA:1,(anonymous_29)
DA:10,1
DA:29,1
DA:30,2
DA:32,2
DA:33,2
DA:37,1
DA:45,1
DA:46,2
DA:48,2
DA:56,1
DA:57,2
DA:59,2
DA:60,2
DA:61,1
DA:62,1
DA:63,1
DA:64,1
DA:66,0
DA:67,0
DA:68,0
DA:69,0
DA:83,1
DA:84,4
DA:86,4
DA:87,3
DA:88,2
DA:90,1
DA:93,1
DA:101,1
DA:103,1
DA:104,1
DA:105,1
DA:106,1
DA:108,1
DA:109,1
DA:110,0
DA:111,0
DA:113,0
DA:114,0
DA:115,0
DA:116,0
DA:133,1
DA:134,3
DA:136,3
DA:139,3
DA:143,3
DA:147,1
DA:155,1
DA:156,3
DA:158,3
DA:159,3
DA:160,0
DA:162,3
DA:163,1
DA:164,1
DA:165,1
DA:166,1
DA:167,2
DA:179,1
DA:180,2
DA:182,2
DA:183,0
DA:184,0
DA:185,0
DA:186,0
DA:187,0
DA:188,0
DA:190,0
DA:191,0
DA:192,0
DA:193,0
DA:196,0
DA:197,0
DA:198,0
DA:199,0
DA:200,0
DA:202,0
DA:203,0
DA:204,0
DA:205,0
DA:210,0
DA:211,0
DA:212,0
DA:213,0
DA:217,2
DA:218,1
DA:219,1
DA:220,1
DA:221,1
DA:223,1
DA:224,1
DA:225,1
DA:226,1
DA:227,1
DA:243,1
DA:244,2
DA:246,2
DA:248,2
DA:249,1
DA:250,1
DA:251,1
DA:252,1
DA:254,1
DA:255,1
DA:256,1
DA:257,1
DA:270,1
DA:271,1
DA:273,1
DA:274,1
DA:275,0
DA:276,0
DA:277,0
DA:278,0
DA:280,1
DA:281,1
DA:294,1
DA:295,1
DA:297,1
DA:301,1
DA:302,1
DA:303,1
DA:304,0
DA:305,0
DA:306,1
DA:307,1
DA:308,1
DA:321,1
DA:322,2
DA:324,2
DA:328,2
DA:329,2
DA:330,1
DA:331,0
DA:332,0
DA:333,1
DA:334,1
DA:335,1
LF:138
LH:96
BRDA:61,1,0,1
BRDA:61,1,1,0
BRDA:86,2,0,3
BRDA:86,2,1,1
BRDA:87,3,0,2
BRDA:87,3,1,1
BRDA:94,4,0,1
BRDA:94,4,1,0
BRDA:95,5,0,1
BRDA:95,5,1,0
BRDA:96,6,0,1
BRDA:96,6,1,0
BRDA:97,7,0,1
BRDA:97,7,1,0
BRDA:105,8,0,1
BRDA:105,8,1,0
BRDA:110,9,0,0
BRDA:110,9,1,0
BRDA:159,10,0,0
BRDA:159,10,1,3
BRDA:159,11,0,3
BRDA:159,11,1,0
BRDA:162,12,0,1
BRDA:162,12,1,2
BRDA:167,13,0,2
BRDA:167,13,1,0
BRDA:182,14,0,0
BRDA:182,14,1,2
BRDA:182,15,0,2
BRDA:182,15,1,0
BRDA:183,16,0,0
BRDA:183,16,1,0
BRDA:184,17,0,0
BRDA:184,17,1,0
BRDA:186,18,0,0
BRDA:186,18,1,0
BRDA:190,19,0,0
BRDA:190,19,1,0
BRDA:192,20,0,0
BRDA:192,20,1,0
BRDA:196,21,0,0
BRDA:196,21,1,0
BRDA:198,22,0,0
BRDA:198,22,1,0
BRDA:202,23,0,0
BRDA:202,23,1,0
BRDA:204,24,0,0
BRDA:204,24,1,0
BRDA:217,25,0,1
BRDA:217,25,1,1
BRDA:248,26,0,1
BRDA:248,26,1,1
BRDA:274,27,0,0
BRDA:274,27,1,1
BRDA:303,28,0,0
BRDA:303,28,1,1
BRDA:306,29,0,1
BRDA:306,29,1,0
BRDA:330,30,0,0
BRDA:330,30,1,1
BRDA:333,31,0,1
BRDA:333,31,1,0
BRF:62
BRH:26
end_of_record
TN:
SF:/home/nathan/Documents/workspace/be/hisab/hisab_authorization_service/route/role.js
FNF:0
FNH:0
DA:10,1
DA:99,1
DA:136,1
DA:252,1
DA:323,1
DA:364,1
DA:366,1
LF:7
LH:7
BRF:0
BRH:0
end_of_record
TN:
SF:/home/nathan/Documents/workspace/be/hisab/hisab_authorization_service/controller/role.js
FN:29,(anonymous_1)
FN:36,(anonymous_2)
FN:45,validateData
FN:56,createData
FN:59,(anonymous_5)
FN:60,(anonymous_6)
FN:83,(anonymous_7)
FN:103,(anonymous_8)
FN:104,(anonymous_9)
FN:133,(anonymous_10)
FN:146,(anonymous_11)
FN:155,pickUpdateData
FN:158,(anonymous_13)
FN:178,updateData
FN:184,(anonymous_15)
FN:196,(anonymous_16)
FN:221,(anonymous_17)
FN:222,(anonymous_18)
FN:242,(anonymous_19)
FN:253,(anonymous_20)
FN:254,(anonymous_21)
FN:269,(anonymous_22)
FN:272,(anonymous_23)
FN:293,getPublic
FN:300,(anonymous_25)
FN:301,(anonymous_26)
FN:320,getPrivate
FN:327,(anonymous_28)
FN:328,(anonymous_29)
FNF:29
FNH:29
FNDA:6,(anonymous_1)
FNDA:4,(anonymous_2)
FNDA:6,validateData
FNDA:6,createData
FNDA:6,(anonymous_5)
FNDA:4,(anonymous_6)
FNDA:4,(anonymous_7)
FNDA:1,(anonymous_8)
FNDA:1,(anonymous_9)
FNDA:12,(anonymous_10)
FNDA:3,(anonymous_11)
FNDA:12,pickUpdateData
FNDA:12,(anonymous_13)
FNDA:11,updateData
FNDA:3,(anonymous_15)
FNDA:3,(anonymous_16)
FNDA:3,(anonymous_17)
FNDA:3,(anonymous_18)
FNDA:4,(anonymous_19)
FNDA:3,(anonymous_20)
FNDA:3,(anonymous_21)
FNDA:1,(anonymous_22)
FNDA:1,(anonymous_23)
FNDA:1,getPublic
FNDA:1,(anonymous_25)
FNDA:1,(anonymous_26)
FNDA:2,getPrivate
FNDA:2,(anonymous_28)
FNDA:1,(anonymous_29)
DA:10,1
DA:29,1
DA:30,6
DA:32,6
DA:33,6
DA:37,4
DA:45,1
DA:46,6
DA:48,6
DA:56,1
DA:57,6
DA:59,6
DA:60,6
DA:61,4
DA:62,4
DA:63,4
DA:64,4
DA:66,0
DA:67,0
DA:68,0
DA:69,0
DA:83,1
DA:84,4
DA:86,4
DA:87,3
DA:88,2
DA:90,1
DA:93,1
DA:101,1
DA:103,1
DA:104,1
DA:105,1
DA:106,1
DA:108,1
DA:109,1
DA:110,0
DA:111,0
DA:113,0
DA:114,0
DA:115,0
DA:116,0
DA:133,1
DA:134,12
DA:136,12
DA:139,12
DA:143,12
DA:147,3
DA:155,1
DA:156,12
DA:158,12
DA:159,12
DA:160,7
DA:162,5
DA:163,1
DA:164,1
DA:165,1
DA:166,1
DA:167,4
DA:178,1
DA:179,11
DA:181,11
DA:182,7
DA:183,6
DA:184,3
DA:185,3
DA:186,2
DA:187,2
DA:189,1
DA:190,1
DA:191,1
DA:192,1
DA:195,3
DA:196,3
DA:197,3
DA:198,2
DA:199,2
DA:201,1
DA:202,1
DA:203,1
DA:204,1
DA:209,1
DA:210,1
DA:211,1
DA:212,1
DA:215,4
DA:216,1
DA:217,1
DA:218,1
DA:219,1
DA:221,3
DA:222,3
DA:223,3
DA:224,3
DA:225,3
DA:242,1
DA:243,4
DA:245,4
DA:247,4
DA:248,1
DA:249,1
DA:250,1
DA:251,1
DA:253,3
DA:254,3
DA:255,3
DA:256,3
DA:269,1
DA:270,1
DA:272,1
DA:273,1
DA:274,0
DA:275,0
DA:276,0
DA:277,0
DA:279,1
DA:280,1
DA:293,1
DA:294,1
DA:296,1
DA:300,1
DA:301,1
DA:302,1
DA:303,0
DA:304,0
DA:305,1
DA:306,1
DA:307,1
DA:320,1
DA:321,2
DA:323,2
DA:327,2
DA:328,2
DA:329,1
DA:330,0
DA:331,0
DA:332,1
DA:333,1
DA:334,1
LF:138
LH:120
BRDA:61,1,0,4
BRDA:61,1,1,0
BRDA:86,2,0,3
BRDA:86,2,1,1
BRDA:87,3,0,2
BRDA:87,3,1,1
BRDA:94,4,0,1
BRDA:94,4,1,0
BRDA:95,5,0,1
BRDA:95,5,1,0
BRDA:96,6,0,1
BRDA:96,6,1,0
BRDA:97,7,0,1
BRDA:97,7,1,0
BRDA:105,8,0,1
BRDA:105,8,1,0
BRDA:110,9,0,0
BRDA:110,9,1,0
BRDA:159,10,0,7
BRDA:159,10,1,5
BRDA:159,11,0,12
BRDA:159,11,1,7
BRDA:162,12,0,1
BRDA:162,12,1,4
BRDA:167,13,0,4
BRDA:167,13,1,0
BRDA:181,14,0,7
BRDA:181,14,1,4
BRDA:181,15,0,11
BRDA:181,15,1,7
BRDA:182,16,0,6
BRDA:182,16,1,1
BRDA:183,17,0,3
BRDA:183,17,1,3
BRDA:185,18,0,2
BRDA:185,18,1,1
BRDA:189,19,0,1
BRDA:189,19,1,0
BRDA:191,20,0,1
BRDA:191,20,1,0
BRDA:195,21,0,3
BRDA:195,21,1,0
BRDA:197,22,0,2
BRDA:197,22,1,1
BRDA:201,23,0,1
BRDA:201,23,1,0
BRDA:203,24,0,1
BRDA:203,24,1,0
BRDA:215,25,0,1
BRDA:215,25,1,3
BRDA:247,26,0,1
BRDA:247,26,1,3
BRDA:273,27,0,0
BRDA:273,27,1,1
BRDA:302,28,0,0
BRDA:302,28,1,1
BRDA:305,29,0,1
BRDA:305,29,1,0
BRDA:329,30,0,0
BRDA:329,30,1,1
BRDA:332,31,0,1
BRDA:332,31,1,0
BRF:62
BRH:43
end_of_record
TN:
SF:/home/nathan/Documents/workspace/be/hisab/hisab_authorization_service/route/acm.js
FNF:0
FNH:0
DA:10,1
DA:213,1
DA:250,1
DA:340,1
DA:402,1
DA:441,1
DA:443,1
LF:7
LH:7
BRF:0
BRH:0
end_of_record
TN:
SF:/home/nathan/Documents/workspace/be/hisab/hisab_authorization_service/controller/acm.js
FN:30,(anonymous_1)
FN:46,createByObject
FN:52,(anonymous_3)
FN:61,validateData
FN:71,createSchema
FN:74,(anonymous_6)
FN:84,(anonymous_7)
FN:102,(anonymous_8)
FN:121,parseToSubjectModel
FN:132,createData
FN:138,(anonymous_11)
FN:139,(anonymous_12)
FN:156,createBySubject
FN:160,(anonymous_14)
FN:169,validateData
FN:179,createACM
FN:180,(anonymous_17)
FN:205,createACMData
FN:210,(anonymous_19)
FN:219,verifyACMExistence
FN:223,(anonymous_21)
FN:238,createData
FN:247,(anonymous_23)
FN:248,(anonymous_24)
FN:258,(anonymous_25)
FN:259,(anonymous_26)
FN:281,(anonymous_27)
FN:303,(anonymous_28)
FN:304,(anonymous_29)
FN:333,(anonymous_30)
FN:347,(anonymous_31)
FN:356,pickUpdateData
FN:359,(anonymous_33)
FN:379,updateData
FN:385,(anonymous_35)
FN:397,(anonymous_36)
FN:427,(anonymous_37)
FN:429,(anonymous_38)
FN:437,(anonymous_39)
FN:463,(anonymous_40)
FN:474,(anonymous_41)
FN:475,(anonymous_42)
FN:490,(anonymous_43)
FN:493,(anonymous_44)
FN:513,objectToSubjectACM
FN:521,returnACMSubjectFrame
FN:527,(anonymous_47)
FN:532,(anonymous_48)
FN:535,(anonymous_49)
FN:537,(anonymous_50)
FN:564,insertACMObjectData
FN:566,(anonymous_52)
FN:569,(anonymous_53)
FN:597,getPublic
FN:604,(anonymous_55)
FN:605,(anonymous_56)
FN:624,getPrivate
FN:631,(anonymous_58)
FN:632,(anonymous_59)
FNF:59
FNH:56
FNDA:6,(anonymous_1)
FNDA:2,createByObject
FNDA:1,(anonymous_3)
FNDA:2,validateData
FNDA:1,createSchema
FNDA:1,(anonymous_6)
FNDA:0,(anonymous_7)
FNDA:1,(anonymous_8)
FNDA:1,parseToSubjectModel
FNDA:1,createData
FNDA:1,(anonymous_11)
FNDA:1,(anonymous_12)
FNDA:4,createBySubject
FNDA:3,(anonymous_14)
FNDA:4,validateData
FNDA:3,createACM
FNDA:3,(anonymous_17)
FNDA:4,createACMData
FNDA:0,(anonymous_19)
FNDA:4,verifyACMExistence
FNDA:4,(anonymous_21)
FNDA:4,createData
FNDA:6,(anonymous_23)
FNDA:6,(anonymous_24)
FNDA:2,(anonymous_25)
FNDA:2,(anonymous_26)
FNDA:4,(anonymous_27)
FNDA:1,(anonymous_28)
FNDA:1,(anonymous_29)
FNDA:12,(anonymous_30)
FNDA:3,(anonymous_31)
FNDA:12,pickUpdateData
FNDA:12,(anonymous_33)
FNDA:11,updateData
FNDA:3,(anonymous_35)
FNDA:3,(anonymous_36)
FNDA:3,(anonymous_37)
FNDA:3,(anonymous_38)
FNDA:0,(anonymous_39)
FNDA:4,(anonymous_40)
FNDA:3,(anonymous_41)
FNDA:3,(anonymous_42)
FNDA:1,(anonymous_43)
FNDA:1,(anonymous_44)
FNDA:1,objectToSubjectACM
FNDA:1,returnACMSubjectFrame
FNDA:18,(anonymous_47)
FNDA:3,(anonymous_48)
FNDA:6,(anonymous_49)
FNDA:5,(anonymous_50)
FNDA:1,insertACMObjectData
FNDA:1,(anonymous_52)
FNDA:3,(anonymous_53)
FNDA:1,getPublic
FNDA:1,(anonymous_55)
FNDA:1,(anonymous_56)
FNDA:2,getPrivate
FNDA:2,(anonymous_58)
FNDA:1,(anonymous_59)
DA:10,1
DA:30,1
DA:31,6
DA:33,6
DA:36,6
DA:37,2
DA:39,4
DA:46,1
DA:47,2
DA:53,1
DA:61,1
DA:62,2
DA:63,2
DA:71,1
DA:72,1
DA:74,1
DA:75,1
DA:76,0
DA:77,0
DA:78,0
DA:79,0
DA:80,1
DA:82,0
DA:84,0
DA:85,0
DA:86,0
DA:88,0
DA:89,0
DA:90,0
DA:91,0
DA:94,1
DA:95,1
DA:102,1
DA:103,1
DA:104,1
DA:106,0
DA:107,0
DA:108,0
DA:109,0
DA:121,1
DA:122,1
DA:123,1
DA:132,1
DA:133,1
DA:135,1
DA:136,1
DA:138,1
DA:139,1
DA:140,1
DA:141,1
DA:142,1
DA:143,1
DA:144,1
DA:145,1
DA:156,1
DA:157,4
DA:161,3
DA:169,1
DA:170,4
DA:171,4
DA:179,1
DA:180,3
DA:181,3
DA:182,0
DA:183,0
DA:184,0
DA:185,0
DA:186,3
DA:187,0
DA:188,0
DA:189,0
DA:190,0
DA:191,3
DA:192,3
DA:193,3
DA:194,3
DA:205,1
DA:207,4
DA:211,0
DA:219,1
DA:220,4
DA:222,4
DA:223,4
DA:224,4
DA:225,4
DA:227,0
DA:238,1
DA:239,4
DA:241,4
DA:243,2
DA:245,2
DA:246,2
DA:247,2
DA:248,6
DA:249,6
DA:250,6
DA:251,2
DA:258,2
DA:259,2
DA:260,2
DA:261,0
DA:262,2
DA:263,2
DA:281,1
DA:282,4
DA:284,4
DA:285,3
DA:286,2
DA:288,1
DA:290,1
DA:291,0
DA:293,1
DA:301,1
DA:303,1
DA:304,1
DA:305,1
DA:306,1
DA:308,1
DA:309,1
DA:310,0
DA:311,0
DA:313,0
DA:314,0
DA:315,0
DA:316,0
DA:333,1
DA:334,12
DA:336,12
DA:340,12
DA:344,12
DA:348,3
DA:356,1
DA:357,12
DA:359,12
DA:360,12
DA:361,7
DA:363,5
DA:364,1
DA:365,1
DA:366,1
DA:367,1
DA:368,4
DA:379,1
DA:380,11
DA:382,11
DA:383,7
DA:384,6
DA:385,3
DA:386,3
DA:387,2
DA:388,2
DA:390,1
DA:391,1
DA:392,1
DA:393,1
DA:396,3
DA:397,3
DA:398,3
DA:399,2
DA:400,2
DA:402,1
DA:403,1
DA:404,1
DA:405,1
DA:409,0
DA:410,0
DA:411,0
DA:412,0
DA:415,1
DA:416,1
DA:417,1
DA:418,1
DA:421,4
DA:422,1
DA:423,1
DA:424,1
DA:425,1
DA:427,3
DA:428,3
DA:429,3
DA:430,3
DA:431,3
DA:432,3
DA:433,3
DA:436,0
DA:437,0
DA:438,0
DA:439,0
DA:440,0
DA:444,0
DA:445,0
DA:463,1
DA:464,4
DA:466,4
DA:468,4
DA:469,1
DA:470,1
DA:471,1
DA:472,1
DA:474,3
DA:475,3
DA:476,3
DA:477,3
DA:490,1
DA:491,1
DA:493,1
DA:494,1
DA:495,0
DA:496,0
DA:497,0
DA:498,0
DA:500,1
DA:501,1
DA:513,1
DA:521,1
DA:523,1
DA:524,1
DA:525,1
DA:526,6
DA:527,6
DA:528,18
DA:530,6
DA:532,1
DA:534,3
DA:535,3
DA:536,6
DA:537,6
DA:538,5
DA:539,5
DA:543,6
DA:547,6
DA:548,6
DA:549,1
DA:554,1
DA:564,1
DA:565,1
DA:566,1
DA:567,1
DA:568,1
DA:569,1
DA:570,3
DA:571,3
DA:572,3
DA:573,3
DA:575,3
DA:576,3
DA:577,1
DA:578,1
DA:585,1
DA:586,1
DA:597,1
DA:598,1
DA:600,1
DA:604,1
DA:605,1
DA:606,1
DA:607,0
DA:608,0
DA:609,1
DA:610,1
DA:611,1
DA:624,1
DA:625,2
DA:627,2
DA:631,2
DA:632,2
DA:633,1
DA:634,0
DA:635,0
DA:636,1
DA:637,1
DA:638,1
LF:272
LH:219
BRDA:36,1,0,2
BRDA:36,1,1,4
BRDA:75,2,0,0
BRDA:75,2,1,1
BRDA:80,3,0,0
BRDA:80,3,1,1
BRDA:85,4,0,0
BRDA:85,4,1,0
BRDA:94,5,0,1
BRDA:94,5,1,0
BRDA:103,6,0,1
BRDA:103,6,1,0
BRDA:142,7,0,1
BRDA:142,7,1,0
BRDA:181,8,0,0
BRDA:181,8,1,3
BRDA:186,9,0,0
BRDA:186,9,1,3
BRDA:191,10,0,3
BRDA:191,10,1,0
BRDA:224,11,0,4
BRDA:224,11,1,0
BRDA:241,12,0,2
BRDA:241,12,1,2
BRDA:243,13,0,0
BRDA:243,13,1,2
BRDA:250,14,0,2
BRDA:250,14,1,4
BRDA:260,15,0,0
BRDA:260,15,1,2
BRDA:262,16,0,2
BRDA:262,16,1,0
BRDA:284,17,0,3
BRDA:284,17,1,1
BRDA:285,18,0,2
BRDA:285,18,1,1
BRDA:290,19,0,0
BRDA:290,19,1,1
BRDA:294,20,0,1
BRDA:294,20,1,0
BRDA:295,21,0,1
BRDA:295,21,1,0
BRDA:296,22,0,1
BRDA:296,22,1,0
BRDA:297,23,0,1
BRDA:297,23,1,0
BRDA:305,24,0,1
BRDA:305,24,1,0
BRDA:310,25,0,0
BRDA:310,25,1,0
BRDA:360,26,0,7
BRDA:360,26,1,5
BRDA:360,27,0,12
BRDA:360,27,1,7
BRDA:363,28,0,1
BRDA:363,28,1,4
BRDA:368,29,0,4
BRDA:368,29,1,0
BRDA:382,30,0,7
BRDA:382,30,1,4
BRDA:382,31,0,11
BRDA:382,31,1,7
BRDA:383,32,0,6
BRDA:383,32,1,1
BRDA:384,33,0,3
BRDA:384,33,1,3
BRDA:386,34,0,2
BRDA:386,34,1,1
BRDA:390,35,0,1
BRDA:390,35,1,0
BRDA:392,36,0,1
BRDA:392,36,1,0
BRDA:396,37,0,3
BRDA:396,37,1,0
BRDA:398,38,0,2
BRDA:398,38,1,1
BRDA:402,39,0,1
BRDA:402,39,1,0
BRDA:404,40,0,1
BRDA:404,40,1,0
BRDA:421,41,0,1
BRDA:421,41,1,3
BRDA:428,42,0,3
BRDA:428,42,1,0
BRDA:430,43,0,3
BRDA:430,43,1,0
BRDA:436,44,0,0
BRDA:436,44,1,0
BRDA:436,45,0,0
BRDA:436,45,1,0
BRDA:438,46,0,0
BRDA:438,46,1,0
BRDA:468,47,0,1
BRDA:468,47,1,3
BRDA:494,48,0,0
BRDA:494,48,1,1
BRDA:538,49,0,5
BRDA:538,49,1,0
BRDA:548,50,0,1
BRDA:548,50,1,5
BRDA:571,51,0,3
BRDA:571,51,1,0
BRDA:576,52,0,1
BRDA:576,52,1,2
BRDA:578,53,0,1
BRDA:578,53,1,0
BRDA:606,54,0,0
BRDA:606,54,1,1
BRDA:609,55,0,1
BRDA:609,55,1,0
BRDA:633,56,0,0
BRDA:633,56,1,1
BRDA:636,57,0,1
BRDA:636,57,1,0
BRF:114
BRH:70
end_of_record
TN:
SF:/home/nathan/Documents/workspace/be/hisab/hisab_authorization_service/dal/schema.js
FN:21,create
FN:31,getPublic
FN:41,getPrivate
FN:52,getCollectionsPaginated
FN:53,(anonymous_5)
FN:64,getAllCollection
FN:74,(anonymous_7)
FN:85,update
FN:96,updateMany
FN:106,remove
FN:116,removeMany
FN:128,(anonymous_12)
FN:129,(anonymous_13)
FN:155,(anonymous_14)
FN:156,(anonymous_15)
FNF:15
FNH:10
FNDA:1,create
FNDA:0,getPublic
FNDA:6,getPrivate
FNDA:2,getCollectionsPaginated
FNDA:2,(anonymous_5)
FNDA:0,getAllCollection
FNDA:1,(anonymous_7)
FNDA:0,update
FNDA:0,updateMany
FNDA:0,remove
FNDA:1,removeMany
FNDA:1,(anonymous_12)
FNDA:1,(anonymous_13)
FNDA:1,(anonymous_14)
FNDA:1,(anonymous_15)
DA:10,1
DA:21,1
DA:22,1
DA:31,1
DA:32,0
DA:41,1
DA:42,6
DA:52,1
DA:53,2
DA:54,2
DA:64,1
DA:65,0
DA:74,1
DA:75,1
DA:85,1
DA:86,0
DA:96,1
DA:97,0
DA:106,1
DA:107,0
DA:116,1
DA:117,1
DA:128,1
DA:129,1
DA:130,1
DA:131,1
DA:132,1
DA:133,1
DA:134,1
DA:135,1
DA:136,1
DA:137,1
DA:139,0
DA:142,0
DA:155,1
DA:156,1
DA:157,1
DA:158,1
DA:159,1
DA:160,1
DA:161,1
DA:162,1
DA:163,1
DA:166,0
DA:169,0
LF:45
LH:36
BRDA:130,1,0,1
BRDA:130,1,1,0
BRDA:132,2,0,1
BRDA:132,2,1,0
BRDA:157,3,0,1
BRDA:157,3,1,0
BRDA:159,4,0,1
BRDA:159,4,1,0
BRF:8
BRH:4
end_of_record
TN:
SF:/home/nathan/Documents/workspace/be/hisab/hisab_authorization_service/model/schema.js
FN:49,preSave
FN:68,(anonymous_2)
FNF:2
FNH:2
FNDA:3,preSave
FNDA:1,(anonymous_2)
DA:9,1
DA:17,1
DA:36,1
DA:41,1
DA:49,1
DA:50,3
DA:51,3
DA:53,3
DA:54,1
DA:55,1
DA:56,1
DA:58,2
DA:59,2
DA:63,1
DA:68,1
DA:69,1
DA:70,1
DA:71,1
DA:73,0
DA:74,0
DA:78,1
LF:21
LH:19
BRDA:53,1,0,1
BRDA:53,1,1,2
BRDA:69,2,0,1
BRDA:69,2,1,0
BRF:4
BRH:3
end_of_record
TN:
SF:/home/nathan/Documents/workspace/be/hisab/hisab_authorization_service/route/admin.js
FNF:0
FNH:0
DA:10,1
DA:72,1
DA:116,1
DA:153,1
DA:226,1
DA:274,1
DA:313,1
DA:315,1
LF:8
LH:8
BRF:0
BRH:0
end_of_record
TN:
SF:/home/nathan/Documents/workspace/be/hisab/hisab_authorization_service/controller/admin.js
FN:29,(anonymous_1)
FN:43,validateData
FN:52,checkIfUserNameIsUnique
FN:55,(anonymous_4)
FN:77,createAdmin
FN:78,(anonymous_6)
FN:79,(anonymous_7)
FN:102,(anonymous_8)
FN:115,validateData
FN:124,validateUserNamePassword
FN:126,(anonymous_11)
FN:148,generateToken
FN:175,(anonymous_13)
FN:193,(anonymous_14)
FN:194,(anonymous_15)
FN:216,(anonymous_16)
FN:221,(anonymous_17)
FN:229,pickUpdateData
FN:230,(anonymous_19)
FN:246,updateData
FN:253,(anonymous_21)
FN:254,(anonymous_22)
FN:272,(anonymous_23)
FN:281,(anonymous_24)
FN:282,(anonymous_25)
FN:297,(anonymous_26)
FN:300,(anonymous_27)
FN:322,getPublic
FN:327,(anonymous_29)
FN:328,(anonymous_30)
FN:347,getPrivate
FN:352,(anonymous_32)
FN:353,(anonymous_33)
FNF:33
FNH:30
FNDA:3,(anonymous_1)
FNDA:3,validateData
FNDA:2,checkIfUserNameIsUnique
FNDA:2,(anonymous_4)
FNDA:1,createAdmin
FNDA:1,(anonymous_6)
FNDA:1,(anonymous_7)
FNDA:3,(anonymous_8)
FNDA:3,validateData
FNDA:2,validateUserNamePassword
FNDA:2,(anonymous_11)
FNDA:1,generateToken
FNDA:3,(anonymous_13)
FNDA:1,(anonymous_14)
FNDA:1,(anonymous_15)
FNDA:3,(anonymous_16)
FNDA:1,(anonymous_17)
FNDA:3,pickUpdateData
FNDA:3,(anonymous_19)
FNDA:2,updateData
FNDA:1,(anonymous_21)
FNDA:1,(anonymous_22)
FNDA:2,(anonymous_23)
FNDA:1,(anonymous_24)
FNDA:1,(anonymous_25)
FNDA:1,(anonymous_26)
FNDA:1,(anonymous_27)
FNDA:2,getPublic
FNDA:2,(anonymous_29)
FNDA:1,(anonymous_30)
FNDA:0,getPrivate
FNDA:0,(anonymous_32)
FNDA:0,(anonymous_33)
DA:10,1
DA:29,1
DA:30,3
DA:32,3
DA:43,1
DA:44,3
DA:52,1
DA:53,2
DA:55,2
DA:56,2
DA:57,0
DA:58,0
DA:59,0
DA:60,0
DA:61,2
DA:62,1
DA:63,1
DA:64,1
DA:65,1
DA:66,1
DA:67,1
DA:77,1
DA:78,1
DA:79,1
DA:80,1
DA:81,1
DA:82,1
DA:83,1
DA:84,1
DA:85,0
DA:86,0
DA:87,0
DA:102,1
DA:103,3
DA:104,3
DA:115,1
DA:116,3
DA:124,1
DA:125,2
DA:126,2
DA:127,2
DA:128,1
DA:129,1
DA:130,1
DA:131,1
DA:132,1
DA:133,0
DA:134,0
DA:135,0
DA:136,0
DA:137,1
DA:138,1
DA:148,1
DA:149,1
DA:152,1
DA:153,0
DA:154,0
DA:155,0
DA:156,0
DA:157,1
DA:158,1
DA:159,1
DA:163,1
DA:175,1
DA:176,3
DA:177,2
DA:178,0
DA:180,2
DA:183,1
DA:191,1
DA:193,1
DA:194,1
DA:195,1
DA:196,1
DA:197,1
DA:198,0
DA:199,0
DA:200,0
DA:201,0
DA:202,0
DA:216,1
DA:217,3
DA:218,3
DA:229,1
DA:230,3
DA:231,3
DA:232,1
DA:233,1
DA:234,1
DA:235,1
DA:236,2
DA:246,1
DA:247,2
DA:248,1
DA:249,1
DA:250,1
DA:251,1
DA:253,1
DA:254,1
DA:255,1
DA:256,1
DA:257,1
DA:272,1
DA:273,2
DA:275,2
DA:276,1
DA:277,1
DA:278,1
DA:279,1
DA:281,1
DA:282,1
DA:283,1
DA:284,1
DA:297,1
DA:298,1
DA:300,1
DA:301,1
DA:302,0
DA:303,0
DA:304,0
DA:305,0
DA:307,1
DA:308,1
DA:322,1
DA:323,2
DA:327,2
DA:328,2
DA:329,1
DA:330,0
DA:331,0
DA:332,1
DA:333,1
DA:334,1
DA:347,1
DA:348,0
DA:352,0
DA:353,0
DA:354,0
DA:355,0
DA:356,0
DA:357,0
DA:358,0
DA:359,0
LF:143
LH:107
BRDA:56,1,0,0
BRDA:56,1,1,2
BRDA:61,2,0,1
BRDA:61,2,1,1
BRDA:66,3,0,1
BRDA:66,3,1,0
BRDA:81,4,0,1
BRDA:81,4,1,0
BRDA:85,5,0,0
BRDA:85,5,1,0
BRDA:127,6,0,1
BRDA:127,6,1,1
BRDA:132,7,0,0
BRDA:132,7,1,1
BRDA:137,8,0,1
BRDA:137,8,1,0
BRDA:152,9,0,0
BRDA:152,9,1,1
BRDA:157,10,0,1
BRDA:157,10,1,0
BRDA:176,11,0,2
BRDA:176,11,1,1
BRDA:177,12,0,0
BRDA:177,12,1,2
BRDA:184,13,0,1
BRDA:184,13,1,0
BRDA:185,14,0,1
BRDA:185,14,1,0
BRDA:186,15,0,1
BRDA:186,15,1,0
BRDA:187,16,0,1
BRDA:187,16,1,0
BRDA:195,17,0,1
BRDA:195,17,1,0
BRDA:198,18,0,0
BRDA:198,18,1,0
BRDA:231,19,0,1
BRDA:231,19,1,2
BRDA:236,20,0,2
BRDA:236,20,1,0
BRDA:247,21,0,1
BRDA:247,21,1,1
BRDA:275,22,0,1
BRDA:275,22,1,1
BRDA:301,23,0,0
BRDA:301,23,1,1
BRDA:329,24,0,0
BRDA:329,24,1,1
BRDA:332,25,0,1
BRDA:332,25,1,0
BRDA:354,26,0,0
BRDA:354,26,1,0
BRDA:357,27,0,0
BRDA:357,27,1,0
BRF:54
BRH:29
end_of_record
TN:
SF:/home/nathan/Documents/workspace/be/hisab/hisab_authorization_service/dal/admin.js
FN:22,create
FN:32,getPublic
FN:42,getPrivate
FN:53,getCollectionsPaginated
FN:54,(anonymous_5)
FN:65,getAllCollection
FN:75,(anonymous_7)
FN:86,update
FN:97,updateMany
FN:107,remove
FN:117,removeMany
FN:128,(anonymous_12)
FN:129,(anonymous_13)
FN:133,(anonymous_14)
FNF:14
FNH:11
FNDA:1,create
FNDA:2,getPublic
FNDA:3,getPrivate
FNDA:1,getCollectionsPaginated
FNDA:1,(anonymous_5)
FNDA:0,getAllCollection
FNDA:1,(anonymous_7)
FNDA:0,update
FNDA:1,updateMany
FNDA:0,remove
FNDA:1,removeMany
FNDA:2,(anonymous_12)
FNDA:2,(anonymous_13)
FNDA:1,(anonymous_14)
DA:10,1
DA:22,1
DA:23,1
DA:32,1
DA:33,2
DA:42,1
DA:43,3
DA:53,1
DA:54,1
DA:55,1
DA:65,1
DA:66,0
DA:75,1
DA:76,1
DA:86,1
DA:87,0
DA:97,1
DA:98,1
DA:107,1
DA:108,0
DA:117,1
DA:118,1
DA:128,1
DA:129,2
DA:130,2
DA:131,0
DA:132,2
DA:133,1
DA:134,1
DA:135,0
DA:137,1
DA:140,1
DA:141,1
LF:33
LH:28
BRDA:130,1,0,0
BRDA:130,1,1,2
BRDA:132,2,0,1
BRDA:132,2,1,1
BRDA:134,3,0,0
BRDA:134,3,1,1
BRDA:140,4,0,1
BRDA:140,4,1,0
BRF:8
BRH:5
end_of_record
TN:
SF:/home/nathan/Documents/workspace/be/hisab/hisab_authorization_service/model/admin.js
FN:41,verifyPassword
FN:48,modifyData
FN:60,(anonymous_3)
FN:69,updatingTime
FN:81,hashingPassword
FN:83,(anonymous_6)
FN:84,(anonymous_7)
FNF:7
FNH:6
FNDA:0,verifyPassword
FNDA:1,modifyData
FNDA:1,(anonymous_3)
FNDA:1,updatingTime
FNDA:1,hashingPassword
FNDA:1,(anonymous_6)
FNDA:1,(anonymous_7)
DA:10,1
DA:18,1
DA:33,1
DA:41,1
DA:42,0
DA:48,1
DA:49,1
DA:50,1
DA:53,1
DA:58,1
DA:61,1
DA:69,1
DA:71,1
DA:72,1
DA:73,1
DA:81,1
DA:83,1
DA:84,1
DA:85,1
DA:86,1
DA:93,0
DA:94,0
DA:98,1
LF:23
LH:20
BRDA:53,1,0,1
BRDA:53,1,1,0
BRF:2
BRH:1
end_of_record
TN:
SF:/home/nathan/Documents/workspace/be/hisab/hisab_authorization_service/route/schema.js
FNF:0
FNH:0
DA:10,1
DA:48,1
DA:148,1
DA:195,1
DA:234,1
DA:236,1
LF:6
LH:6
BRF:0
BRH:0
end_of_record
TN:
SF:/home/nathan/Documents/workspace/be/hisab/hisab_authorization_service/controller/schema.js
FN:32,(anonymous_1)
FN:52,(anonymous_2)
FN:53,(anonymous_3)
FN:80,(anonymous_4)
FN:95,checkSchemaExistence
FN:96,(anonymous_6)
FN:108,updateSchema
FN:111,(anonymous_8)
FN:119,(anonymous_9)
FN:121,(anonymous_10)
FN:134,(anonymous_11)
FN:136,(anonymous_12)
FN:181,updateACM
FN:196,(anonymous_14)
FN:198,(anonymous_15)
FN:205,(anonymous_16)
FN:207,(anonymous_17)
FN:224,(anonymous_18)
FN:235,(anonymous_19)
FN:236,(anonymous_20)
FN:251,(anonymous_21)
FN:254,(anonymous_22)
FN:275,getPublic
FN:282,(anonymous_24)
FN:283,(anonymous_25)
FN:302,getPrivate
FN:309,(anonymous_27)
FN:310,(anonymous_28)
FN:322,filterExistingRoles
FN:325,(anonymous_30)
FN:327,(anonymous_31)
FNF:31
FNH:25
FNDA:2,(anonymous_1)
FNDA:2,(anonymous_2)
FNDA:2,(anonymous_3)
FNDA:5,(anonymous_4)
FNDA:5,checkSchemaExistence
FNDA:5,(anonymous_6)
FNDA:4,updateSchema
FNDA:2,(anonymous_8)
FNDA:1,(anonymous_9)
FNDA:1,(anonymous_10)
FNDA:1,(anonymous_11)
FNDA:1,(anonymous_12)
FNDA:2,updateACM
FNDA:1,(anonymous_14)
FNDA:1,(anonymous_15)
FNDA:1,(anonymous_16)
FNDA:1,(anonymous_17)
FNDA:1,(anonymous_18)
FNDA:1,(anonymous_19)
FNDA:1,(anonymous_20)
FNDA:1,(anonymous_21)
FNDA:1,(anonymous_22)
FNDA:0,getPublic
FNDA:0,(anonymous_24)
FNDA:0,(anonymous_25)
FNDA:0,getPrivate
FNDA:0,(anonymous_27)
FNDA:0,(anonymous_28)
FNDA:2,filterExistingRoles
FNDA:2,(anonymous_30)
FNDA:2,(anonymous_31)
DA:10,1
DA:32,1
DA:33,2
DA:35,2
DA:36,0
DA:37,0
DA:39,0
DA:42,2
DA:50,2
DA:52,2
DA:53,2
DA:54,2
DA:55,2
DA:57,2
DA:58,2
DA:59,0
DA:60,0
DA:62,0
DA:63,0
DA:64,0
DA:65,0
DA:80,1
DA:81,5
DA:83,5
DA:86,5
DA:90,5
DA:95,1
DA:96,5
DA:97,5
DA:98,1
DA:99,1
DA:100,1
DA:101,1
DA:103,4
DA:108,1
DA:109,4
DA:110,2
DA:111,2
DA:112,2
DA:113,0
DA:114,0
DA:115,0
DA:116,0
DA:118,2
DA:119,1
DA:120,1
DA:121,1
DA:122,1
DA:123,1
DA:126,0
DA:127,0
DA:128,0
DA:129,0
DA:132,1
DA:134,1
DA:135,1
DA:136,1
DA:137,1
DA:138,1
DA:141,0
DA:142,0
DA:143,0
DA:144,0
DA:148,0
DA:149,0
DA:150,0
DA:151,0
DA:156,0
DA:157,0
DA:158,0
DA:159,0
DA:163,2
DA:164,2
DA:165,2
DA:166,2
DA:181,1
DA:192,2
DA:193,2
DA:195,2
DA:196,1
DA:197,1
DA:198,1
DA:199,1
DA:200,1
DA:201,1
DA:204,1
DA:205,1
DA:206,1
DA:207,1
DA:208,1
DA:209,1
DA:210,1
DA:213,0
DA:224,1
DA:225,1
DA:227,1
DA:229,1
DA:230,0
DA:231,0
DA:232,0
DA:233,0
DA:235,1
DA:236,1
DA:237,1
DA:238,1
DA:251,1
DA:252,1
DA:254,1
DA:255,1
DA:256,0
DA:257,0
DA:258,0
DA:259,0
DA:261,1
DA:262,1
DA:275,1
DA:276,0
DA:278,0
DA:282,0
DA:283,0
DA:284,0
DA:285,0
DA:286,0
DA:287,0
DA:288,0
DA:289,0
DA:302,1
DA:303,0
DA:305,0
DA:309,0
DA:310,0
DA:311,0
DA:312,0
DA:313,0
DA:314,0
DA:315,0
DA:316,0
DA:322,1
DA:323,2
DA:324,2
DA:325,2
DA:326,2
DA:327,2
DA:328,2
DA:329,2
DA:331,2
DA:332,2
LF:147
LH:89
BRDA:35,1,0,0
BRDA:35,1,1,2
BRDA:36,2,0,0
BRDA:36,2,1,0
BRDA:43,3,0,2
BRDA:43,3,1,0
BRDA:44,4,0,2
BRDA:44,4,1,0
BRDA:45,5,0,2
BRDA:45,5,1,0
BRDA:46,6,0,2
BRDA:46,6,1,0
BRDA:54,7,0,2
BRDA:54,7,1,0
BRDA:59,8,0,0
BRDA:59,8,1,0
BRDA:97,9,0,1
BRDA:97,9,1,4
BRDA:109,10,0,2
BRDA:109,10,1,2
BRDA:109,11,0,4
BRDA:109,11,1,4
BRDA:110,12,0,2
BRDA:110,12,1,0
BRDA:112,13,0,0
BRDA:112,13,1,2
BRDA:118,14,0,1
BRDA:118,14,1,1
BRDA:120,15,0,1
BRDA:120,15,1,0
BRDA:126,16,0,0
BRDA:126,16,1,0
BRDA:128,17,0,0
BRDA:128,17,1,0
BRDA:132,18,0,1
BRDA:132,18,1,0
BRDA:135,19,0,1
BRDA:135,19,1,0
BRDA:141,20,0,0
BRDA:141,20,1,0
BRDA:143,21,0,0
BRDA:143,21,1,0
BRDA:195,22,0,1
BRDA:195,22,1,1
BRDA:199,23,0,1
BRDA:199,23,1,0
BRDA:201,24,0,1
BRDA:201,24,1,0
BRDA:204,25,0,1
BRDA:204,25,1,0
BRDA:208,26,0,1
BRDA:208,26,1,0
BRDA:210,27,0,1
BRDA:210,27,1,0
BRDA:229,28,0,0
BRDA:229,28,1,1
BRDA:255,29,0,0
BRDA:255,29,1,1
BRDA:284,30,0,0
BRDA:284,30,1,0
BRDA:287,31,0,0
BRDA:287,31,1,0
BRDA:311,32,0,0
BRDA:311,32,1,0
BRDA:314,33,0,0
BRDA:314,33,1,0
BRDA:328,34,0,2
BRDA:328,34,1,0
BRDA:332,35,0,2
BRDA:332,35,1,0
BRF:70
BRH:30
end_of_record
TN:
SF:/home/nathan/Documents/workspace/be/hisab/hisab_authorization_service/route/log.js
FNF:0
FNH:0
DA:9,1
DA:55,1
DA:224,1
DA:253,1
DA:255,1
LF:5
LH:5
BRF:0
BRH:0
end_of_record
TN:
SF:/home/nathan/Documents/workspace/be/hisab/hisab_authorization_service/controller/log.js
FN:22,(anonymous_1)
FN:38,(anonymous_2)
FN:50,(anonymous_3)
FN:69,(anonymous_4)
FN:73,(anonymous_5)
FN:74,(anonymous_6)
FNF:6
FNH:6
FNDA:1,(anonymous_1)
FNDA:1,(anonymous_2)
FNDA:1,(anonymous_3)
FNDA:1,(anonymous_4)
FNDA:1,(anonymous_5)
FNDA:1,(anonymous_6)
DA:10,1
DA:22,1
DA:23,1
DA:24,1
DA:38,1
DA:39,1
DA:40,1
DA:42,1
DA:50,1
DA:51,1
DA:52,0
DA:53,0
DA:55,1
DA:56,1
DA:69,1
DA:70,1
DA:71,1
DA:73,1
DA:74,1
DA:76,1
DA:77,1
LF:21
LH:19
BRDA:39,1,0,1
BRDA:39,1,1,1
BRDA:40,2,0,1
BRDA:40,2,1,1
BRDA:43,3,0,1
BRDA:43,3,1,1
BRDA:44,4,0,1
BRDA:44,4,1,1
BRDA:45,5,0,1
BRDA:45,5,1,1
BRDA:46,6,0,1
BRDA:46,6,1,1
BRDA:47,7,0,1
BRDA:47,7,1,1
BRDA:51,8,0,0
BRDA:51,8,1,1
BRF:16
BRH:15
end_of_record
TN:
SF:/home/nathan/Documents/workspace/be/hisab/hisab_authorization_service/lib/middleware/authorize.js
FN:27,authorize
FN:41,isOpenRoute
FN:54,retrieveToken
FN:89,getRole
FN:90,(anonymous_5)
FN:99,(anonymous_6)
FN:124,checkRouteAccess
FN:151,normalizeEndPoint
FNF:8
FNH:0
FNDA:0,authorize
FNDA:0,isOpenRoute
FNDA:0,retrieveToken
FNDA:0,getRole
FNDA:0,(anonymous_5)
FNDA:0,(anonymous_6)
FNDA:0,checkRouteAccess
FNDA:0,normalizeEndPoint
DA:10,1
DA:27,1
DA:29,0
DA:41,1
DA:42,0
DA:46,0
DA:54,1
DA:55,0
DA:56,0
DA:57,0
DA:58,0
DA:59,0
DA:61,0
DA:66,0
DA:67,0
DA:68,0
DA:69,0
DA:73,0
DA:74,0
DA:75,0
DA:76,0
DA:78,0
DA:89,1
DA:90,0
DA:91,0
DA:92,0
DA:93,0
DA:94,0
DA:95,0
DA:96,0
DA:98,0
DA:99,0
DA:100,0
DA:101,0
DA:102,0
DA:103,0
DA:104,0
DA:105,0
DA:106,0
DA:107,0
DA:108,0
DA:109,0
DA:110,0
DA:111,0
DA:124,1
DA:125,0
DA:126,0
DA:127,0
DA:132,0
DA:133,0
DA:134,0
DA:135,0
DA:136,0
DA:138,0
DA:139,0
DA:151,1
DA:152,0
DA:159,1
LF:58
LH:8
BRDA:46,1,0,0
BRDA:46,1,1,0
BRDA:55,2,0,0
BRDA:55,2,1,0
BRDA:66,3,0,0
BRDA:66,3,1,0
BRDA:73,4,0,0
BRDA:73,4,1,0
BRDA:91,5,0,0
BRDA:91,5,1,0
BRDA:100,6,0,0
BRDA:100,6,1,0
BRDA:105,7,0,0
BRDA:105,7,1,0
BRDA:110,8,0,0
BRDA:110,8,1,0
BRDA:125,9,0,0
BRDA:125,9,1,0
BRDA:126,10,0,0
BRDA:126,10,1,0
BRDA:132,11,0,0
BRDA:132,11,1,0
BRDA:152,12,0,0
BRDA:152,12,1,0
BRF:24
BRH:0
end_of_record
TN:
SF:/home/nathan/Documents/workspace/be/hisab/hisab_authorization_service/lib/helper/others/initializer.js
FN:24,pinger
FN:29,checker
FN:40,(anonymous_3)
FN:49,serviceChecker
FN:60,(anonymous_5)
FN:61,(anonymous_6)
FN:80,infoLogger
FN:84,(anonymous_8)
FN:91,(anonymous_9)
FN:107,(anonymous_10)
FNF:10
FNH:6
FNDA:1,pinger
FNDA:1,checker
FNDA:1,(anonymous_3)
FNDA:1,serviceChecker
FNDA:0,(anonymous_5)
FNDA:0,(anonymous_6)
FNDA:1,infoLogger
FNDA:0,(anonymous_8)
FNDA:0,(anonymous_9)
FNDA:1,(anonymous_10)
DA:10,1
DA:24,1
DA:25,1
DA:27,1
DA:29,1
DA:30,1
DA:32,1
DA:37,1
DA:41,1
DA:49,1
DA:50,1
DA:52,1
DA:58,1
DA:60,1
DA:61,0
DA:62,0
DA:63,0
DA:64,0
DA:69,1
DA:70,1
DA:80,1
DA:81,1
DA:82,1
DA:83,1
DA:84,1
DA:85,0
DA:87,1
DA:89,0
DA:90,0
DA:91,0
DA:92,0
DA:95,0
DA:96,0
DA:97,0
DA:98,0
DA:99,0
DA:100,0
DA:102,0
DA:107,1
DA:108,1
LF:40
LH:24
BRDA:62,1,0,0
BRDA:62,1,1,0
BRDA:82,2,0,1
BRDA:82,2,1,0
BRDA:89,3,0,0
BRDA:89,3,1,0
BRDA:95,4,0,0
BRDA:95,4,1,0
BRDA:99,5,0,0
BRDA:99,5,1,0
BRF:10
BRH:1
end_of_record
TN:
SF:/home/nathan/Documents/workspace/be/hisab/hisab_authorization_service/socket/index.js
FN:14,(anonymous_1)
FNF:1
FNH:1
FNDA:1,(anonymous_1)
DA:11,1
DA:14,1
DA:15,1
LF:3
LH:3
BRF:0
BRH:0
end_of_record
TN:
SF:/home/nathan/Documents/workspace/be/hisab/hisab_authorization_service/socket/log.js
FN:15,streamLogs
FN:16,(anonymous_2)
FNF:2
FNH:2
FNDA:1,streamLogs
FNDA:1,(anonymous_2)
DA:15,1
DA:16,1
DA:17,1
LF:3
LH:3
BRF:0
BRH:0
end_of_record
